2018-11-27 21:19:55,158 START: 30 fps
2018-11-27 21:19:55,158 hmd_1 1.0000 0.0000 0.0000 0.0000 0.0000 1.0000 0.0000 0.0000 0.0000 0.0000 1.0000 0.0000
2018-11-27 21:19:55,159 tracking_reference_1 -0.9934 -0.0375 0.1085 0.1519 0.0187 0.8796 0.4754 -0.0472 -0.1132 0.4743 -0.8730 -4.7742
2018-11-27 21:19:55,159 tracking_reference_2 1.0000 0.0050 -0.0000 0.0000 -0.0041 0.8245 0.5659 0.0000 0.0028 -0.5659 0.8245 0.0000
2018-11-27 21:19:55,159 tracker_1 0.8665 0.4979 -0.0343 0.5165 -0.0510 0.0200 -0.9985 -1.0563 -0.4965 0.8670 0.0428 -1.6470
2018-11-27 21:19:55,159 tracker_1 0.8665 0.4979 -0.0343 0.5165 -0.0510 0.0200 -0.9985 -1.0563 -0.4965 0.8670 0.0428 -1.6470
2018-11-27 21:19:55,194 tracker_1 0.8666 0.4979 -0.0340 0.5162 -0.0509 0.0204 -0.9985 -1.0561 -0.4964 0.8670 0.0430 -1.6468
2018-11-27 21:19:55,230 tracker_1 0.8666 0.4979 -0.0339 0.5161 -0.0510 0.0207 -0.9985 -1.0559 -0.4964 0.8670 0.0433 -1.6466
2018-11-27 21:19:55,264 tracker_1 0.8666 0.4978 -0.0343 0.5167 -0.0515 0.0208 -0.9985 -1.0571 -0.4964 0.8670 0.0436 -1.6483
2018-11-27 21:19:55,299 tracker_1 0.8667 0.4977 -0.0343 0.5169 -0.0514 0.0206 -0.9985 -1.0573 -0.4963 0.8671 0.0435 -1.6486
2018-11-27 21:19:55,334 tracker_1 0.8667 0.4977 -0.0340 0.5169 -0.0511 0.0207 -0.9985 -1.0572 -0.4963 0.8671 0.0433 -1.6485
2018-11-27 21:19:55,369 tracker_1 0.8668 0.4976 -0.0332 0.5167 -0.0503 0.0210 -0.9985 -1.0569 -0.4962 0.8671 0.0433 -1.6484
2018-11-27 21:19:55,403 tracker_1 0.8668 0.4976 -0.0328 0.5166 -0.0501 0.0213 -0.9985 -1.0570 -0.4962 0.8671 0.0434 -1.6486
2018-11-27 21:19:55,438 tracker_1 0.8668 0.4976 -0.0331 0.5168 -0.0503 0.0211 -0.9985 -1.0572 -0.4962 0.8671 0.0433 -1.6486
2018-11-27 21:19:55,473 tracker_1 0.8667 0.4976 -0.0338 0.5170 -0.0506 0.0204 -0.9985 -1.0572 -0.4962 0.8671 0.0428 -1.6482
2018-11-27 21:19:55,508 tracker_1 0.8668 0.4975 -0.0335 0.5169 -0.0503 0.0203 -0.9985 -1.0572 -0.4961 0.8672 0.0426 -1.6483
2018-11-27 21:19:55,543 tracker_1 0.8669 0.4975 -0.0327 0.5166 -0.0498 0.0211 -0.9985 -1.0572 -0.4961 0.8672 0.0431 -1.6485
2018-11-27 21:19:55,578 tracker_1 0.8669 0.4974 -0.0322 0.5164 -0.0495 0.0215 -0.9985 -1.0569 -0.4959 0.8673 0.0432 -1.6486
2018-11-27 21:19:55,613 tracker_1 0.8664 0.4982 -0.0344 0.5164 -0.0513 0.0203 -0.9985 -1.0562 -0.4968 0.8668 0.0431 -1.6480
2018-11-27 21:19:55,648 tracker_1 0.8665 0.4980 -0.0338 0.5165 -0.0508 0.0206 -0.9985 -1.0567 -0.4966 0.8669 0.0431 -1.6480
2018-11-27 21:19:55,683 tracker_1 0.8657 0.4991 -0.0374 0.5199 -0.0542 0.0192 -0.9983 -1.0576 -0.4976 0.8663 0.0437 -1.6495
2018-11-27 21:19:55,718 tracker_1 0.8656 0.4994 -0.0360 0.5181 -0.0527 0.0194 -0.9984 -1.0571 -0.4979 0.8661 0.0432 -1.6480
2018-11-27 21:19:55,753 tracker_1 0.8654 0.4997 -0.0359 0.5174 -0.0526 0.0193 -0.9984 -1.0570 -0.4982 0.8660 0.0430 -1.6475
2018-11-27 21:19:55,787 tracker_1 0.8654 0.4997 -0.0358 0.5173 -0.0526 0.0195 -0.9984 -1.0571 -0.4982 0.8660 0.0432 -1.6475
2018-11-27 21:19:55,822 tracker_1 0.8653 0.4999 -0.0358 0.5175 -0.0526 0.0195 -0.9984 -1.0571 -0.4984 0.8659 0.0432 -1.6476
2018-11-27 21:19:55,857 tracker_1 0.8655 0.4997 -0.0354 0.5174 -0.0522 0.0197 -0.9984 -1.0569 -0.4982 0.8660 0.0432 -1.6474
2018-11-27 21:19:55,892 tracker_1 0.8655 0.4997 -0.0352 0.5170 -0.0522 0.0200 -0.9984 -1.0568 -0.4982 0.8660 0.0434 -1.6473
2018-11-27 21:19:55,927 tracker_1 0.8657 0.4994 -0.0345 0.5170 -0.0517 0.0208 -0.9984 -1.0567 -0.4980 0.8661 0.0438 -1.6477
2018-11-27 21:19:55,962 tracker_1 0.8659 0.4992 -0.0332 0.5170 -0.0508 0.0218 -0.9985 -1.0567 -0.4977 0.8662 0.0442 -1.6480
2018-11-27 21:19:55,997 tracker_1 0.8660 0.4990 -0.0329 0.5171 -0.0504 0.0217 -0.9985 -1.0571 -0.4976 0.8663 0.0439 -1.6479
2018-11-27 21:19:56,032 tracker_1 0.8659 0.4990 -0.0339 0.5172 -0.0505 0.0199 -0.9985 -1.0575 -0.4976 0.8664 0.0425 -1.6472
2018-11-27 21:19:56,067 tracker_1 0.8661 0.4987 -0.0351 0.5178 -0.0511 0.0186 -0.9985 -1.0577 -0.4973 0.8666 0.0416 -1.6472
2018-11-27 21:19:56,103 tracker_1 0.8662 0.4985 -0.0345 0.5176 -0.0509 0.0194 -0.9985 -1.0575 -0.4971 0.8667 0.0422 -1.6474
2018-11-27 21:19:56,137 tracker_1 0.8663 0.4985 -0.0332 0.5171 -0.0500 0.0203 -0.9985 -1.0575 -0.4971 0.8667 0.0425 -1.6472
2018-11-27 21:19:56,171 tracker_1 0.8663 0.4985 -0.0326 0.5170 -0.0496 0.0208 -0.9986 -1.0572 -0.4971 0.8666 0.0428 -1.6472
2018-11-27 21:19:56,206 tracker_1 0.8662 0.4986 -0.0332 0.5174 -0.0500 0.0204 -0.9985 -1.0575 -0.4972 0.8666 0.0426 -1.6472
2018-11-27 21:19:56,241 tracker_1 0.8661 0.4987 -0.0347 0.5180 -0.0509 0.0189 -0.9985 -1.0578 -0.4973 0.8666 0.0417 -1.6469
2018-11-27 21:19:56,276 tracker_1 0.8660 0.4988 -0.0351 0.5182 -0.0510 0.0181 -0.9985 -1.0578 -0.4975 0.8665 0.0411 -1.6466
2018-11-27 21:19:56,311 tracker_1 0.8659 0.4990 -0.0343 0.5178 -0.0506 0.0192 -0.9985 -1.0578 -0.4976 0.8664 0.0418 -1.6469
2018-11-27 21:19:56,346 tracker_1 0.8660 0.4989 -0.0334 0.5177 -0.0500 0.0199 -0.9986 -1.0579 -0.4975 0.8664 0.0422 -1.6471
2018-11-27 21:19:56,381 tracker_1 0.8659 0.4990 -0.0338 0.5179 -0.0502 0.0194 -0.9986 -1.0579 -0.4977 0.8664 0.0418 -1.6469
2018-11-27 21:19:56,416 tracker_1 0.8659 0.4990 -0.0340 0.5181 -0.0501 0.0188 -0.9986 -1.0579 -0.4977 0.8664 0.0413 -1.6468
2018-11-27 21:19:56,451 tracker_1 0.8658 0.4993 -0.0335 0.5180 -0.0499 0.0195 -0.9986 -1.0580 -0.4979 0.8662 0.0418 -1.6469
2018-11-27 21:19:56,486 tracker_1 0.8659 0.4992 -0.0328 0.5180 -0.0491 0.0195 -0.9986 -1.0577 -0.4979 0.8663 0.0414 -1.6466
2018-11-27 21:19:56,520 tracker_1 0.8660 0.4989 -0.0333 0.5187 -0.0493 0.0189 -0.9986 -1.0574 -0.4976 0.8664 0.0410 -1.6463
2018-11-27 21:19:56,555 tracker_1 0.8661 0.4987 -0.0343 0.5197 -0.0499 0.0179 -0.9986 -1.0571 -0.4974 0.8666 0.0404 -1.6456
2018-11-27 21:19:56,590 tracker_1 0.8661 0.4987 -0.0346 0.5208 -0.0493 0.0163 -0.9986 -1.0566 -0.4974 0.8666 0.0388 -1.6447
2018-11-27 21:19:56,634 tracker_1 0.8660 0.4988 -0.0353 0.5229 -0.0495 0.0154 -0.9987 -1.0551 -0.4976 0.8666 0.0380 -1.6434
2018-11-27 21:19:56,668 tracker_1 0.8654 0.4997 -0.0381 0.5261 -0.0491 0.0088 -0.9988 -1.0531 -0.4988 0.8661 0.0322 -1.6403
2018-11-27 21:19:56,703 tracker_1 0.8645 0.5005 -0.0459 0.5309 -0.0502 -0.0048 -0.9987 -1.0493 -0.5001 0.8657 0.0210 -1.6353
2018-11-27 21:19:56,738 tracker_1 0.8632 0.5017 -0.0560 0.5366 -0.0552 -0.0164 -0.9983 -1.0460 -0.5018 0.8649 0.0135 -1.6314
2018-11-27 21:19:56,774 tracker_1 0.8619 0.5029 -0.0649 0.5414 -0.0604 -0.0253 -0.9979 -1.0434 -0.5034 0.8640 0.0086 -1.6285
2018-11-27 21:19:56,809 tracker_1 0.8611 0.5036 -0.0703 0.5440 -0.0622 -0.0330 -0.9975 -1.0412 -0.5046 0.8633 0.0029 -1.6259
2018-11-27 21:19:56,843 tracker_1 0.8606 0.5041 -0.0724 0.5450 -0.0625 -0.0367 -0.9974 -1.0399 -0.5055 0.8628 -0.0001 -1.6250
2018-11-27 21:19:56,879 tracker_1 0.8598 0.5052 -0.0742 0.5451 -0.0653 -0.0355 -0.9972 -1.0391 -0.5064 0.8623 0.0024 -1.6261
2018-11-27 21:19:56,914 tracker_1 0.8588 0.5065 -0.0768 0.5459 -0.0681 -0.0356 -0.9970 -1.0378 -0.5078 0.8615 0.0039 -1.6263
2018-11-27 21:19:56,948 tracker_1 0.8578 0.5073 -0.0820 0.5478 -0.0701 -0.0426 -0.9966 -1.0365 -0.5091 0.8607 -0.0009 -1.6246
2018-11-27 21:19:56,983 tracker_1 0.8568 0.5084 -0.0859 0.5495 -0.0725 -0.0462 -0.9963 -1.0358 -0.5105 0.8599 -0.0028 -1.6232
2018-11-27 21:19:57,018 tracker_1 0.8520 0.5140 -0.0999 0.5572 -0.0849 -0.0527 -0.9950 -1.0360 -0.5167 0.8562 -0.0012 -1.6255
2018-11-27 21:19:57,056 tracker_1 0.8522 0.5143 -0.0959 0.5551 -0.0791 -0.0546 -0.9954 -1.0347 -0.5172 0.8559 -0.0059 -1.6238
2018-11-27 21:19:57,090 tracker_1 0.8521 0.5148 -0.0943 0.5533 -0.0754 -0.0577 -0.9955 -1.0331 -0.5179 0.8554 -0.0104 -1.6221
2018-11-27 21:19:57,124 tracker_1 0.8514 0.5157 -0.0955 0.5507 -0.0745 -0.0614 -0.9953 -1.0311 -0.5192 0.8546 -0.0139 -1.6184
2018-11-27 21:19:57,159 tracker_1 0.8519 0.5141 -0.1002 0.5529 -0.0759 -0.0680 -0.9948 -1.0292 -0.5182 0.8550 -0.0189 -1.6163
2018-11-27 21:19:57,194 tracker_1 0.8525 0.5119 -0.1055 0.5538 -0.0777 -0.0756 -0.9941 -1.0274 -0.5169 0.8557 -0.0246 -1.6130
2018-11-27 21:19:57,230 tracker_1 0.8530 0.5097 -0.1119 0.5551 -0.0818 -0.0811 -0.9933 -1.0262 -0.5154 0.8565 -0.0275 -1.6128
2018-11-27 21:19:57,266 tracker_1 0.8531 0.5088 -0.1154 0.5544 -0.0852 -0.0824 -0.9930 -1.0248 -0.5147 0.8569 -0.0269 -1.6147
2018-11-27 21:19:57,301 tracker_1 0.8533 0.5087 -0.1144 0.5524 -0.0849 -0.0809 -0.9931 -1.0242 -0.5144 0.8572 -0.0258 -1.6181
2018-11-27 21:19:57,337 tracker_1 0.8528 0.5093 -0.1152 0.5516 -0.0852 -0.0819 -0.9930 -1.0241 -0.5152 0.8567 -0.0264 -1.6204
2018-11-27 21:19:57,371 tracker_1 0.8518 0.5100 -0.1199 0.5522 -0.0885 -0.0855 -0.9924 -1.0239 -0.5164 0.8559 -0.0277 -1.6227
2018-11-27 21:19:57,405 tracker_1 0.8506 0.5108 -0.1252 0.5522 -0.0935 -0.0874 -0.9918 -1.0231 -0.5175 0.8553 -0.0266 -1.6251
2018-11-27 21:19:57,439 tracker_1 0.8505 0.5106 -0.1265 0.5501 -0.0932 -0.0903 -0.9915 -1.0219 -0.5177 0.8551 -0.0292 -1.6265
2018-11-27 21:19:57,475 tracker_1 0.8514 0.5101 -0.1224 0.5459 -0.0864 -0.0938 -0.9918 -1.0213 -0.5174 0.8550 -0.0357 -1.6271
2018-11-27 21:19:57,510 tracker_1 0.8515 0.5096 -0.1232 0.5433 -0.0866 -0.0950 -0.9917 -1.0206 -0.5171 0.8551 -0.0367 -1.6296
2018-11-27 21:19:57,545 tracker_1 0.8524 0.5076 -0.1253 0.5405 -0.0901 -0.0936 -0.9915 -1.0216 -0.5151 0.8565 -0.0341 -1.6336
2018-11-27 21:19:57,581 tracker_1 0.8542 0.5047 -0.1252 0.5356 -0.0906 -0.0927 -0.9916 -1.0228 -0.5120 0.8583 -0.0334 -1.6376
2018-11-27 21:19:57,615 tracker_1 0.8570 0.5023 -0.1154 0.5274 -0.0840 -0.0848 -0.9929 -1.0239 -0.5085 0.8605 -0.0304 -1.6436
2018-11-27 21:19:57,651 tracker_1 0.8593 0.5008 -0.1037 0.5187 -0.0777 -0.0725 -0.9943 -1.0257 -0.5055 0.8625 -0.0234 -1.6508
2018-11-27 21:19:57,685 tracker_1 0.8611 0.4988 -0.0987 0.5136 -0.0734 -0.0703 -0.9948 -1.0273 -0.5031 0.8639 -0.0239 -1.6557
2018-11-27 21:19:57,720 tracker_1 0.8618 0.4967 -0.1030 0.5110 -0.0765 -0.0733 -0.9944 -1.0291 -0.5015 0.8648 -0.0251 -1.6605
2018-11-27 21:19:57,755 tracker_1 0.8622 0.4958 -0.1034 0.5080 -0.0806 -0.0673 -0.9945 -1.0303 -0.5001 0.8658 -0.0181 -1.6670
2018-11-27 21:19:57,790 tracker_1 0.8618 0.4974 -0.0993 0.5044 -0.0803 -0.0594 -0.9950 -1.0313 -0.5008 0.8655 -0.0112 -1.6709
2018-11-27 21:19:57,824 tracker_1 0.8606 0.4995 -0.0991 0.5010 -0.0794 -0.0606 -0.9950 -1.0321 -0.5030 0.8642 -0.0125 -1.6709
2018-11-27 21:19:57,859 tracker_1 0.8592 0.5022 -0.0976 0.4968 -0.0734 -0.0677 -0.9950 -1.0322 -0.5063 0.8621 -0.0213 -1.6691
2018-11-27 21:19:57,898 tracker_1 0.8570 0.5069 -0.0925 0.4914 -0.0707 -0.0622 -0.9956 -1.0335 -0.5104 0.8598 -0.0174 -1.6719
2018-11-27 21:19:57,934 tracker_1 0.8551 0.5112 -0.0867 0.4867 -0.0695 -0.0525 -0.9962 -1.0344 -0.5138 0.8578 -0.0094 -1.6764
2018-11-27 21:19:57,970 tracker_1 0.8542 0.5127 -0.0864 0.4835 -0.0677 -0.0550 -0.9962 -1.0357 -0.5155 0.8568 -0.0122 -1.6774
2018-11-27 21:19:58,005 tracker_1 0.8542 0.5124 -0.0877 0.4804 -0.0676 -0.0578 -0.9960 -1.0364 -0.5155 0.8568 -0.0147 -1.6807
2018-11-27 21:19:58,039 tracker_1 0.8542 0.5129 -0.0860 0.4747 -0.0713 -0.0482 -0.9963 -1.0364 -0.5151 0.8571 -0.0046 -1.6871
2018-11-27 21:19:58,074 tracker_1 0.8561 0.5112 -0.0759 0.4681 -0.0678 -0.0344 -0.9971 -1.0386 -0.5123 0.8588 0.0052 -1.6956
2018-11-27 21:19:58,109 tracker_1 0.8585 0.5078 -0.0714 0.4639 -0.0628 -0.0341 -0.9974 -1.0398 -0.5090 0.8608 0.0026 -1.6986
2018-11-27 21:19:58,167 tracker_1 0.8610 0.5037 -0.0705 0.4596 -0.0632 -0.0315 -0.9975 -1.0430 -0.5047 0.8633 0.0047 -1.7070
2018-11-27 21:19:58,180 tracker_1 0.8613 0.5032 -0.0698 0.4585 -0.0653 -0.0267 -0.9975 -1.0436 -0.5039 0.8637 0.0098 -1.7102
2018-11-27 21:19:58,214 tracker_1 0.8621 0.5022 -0.0684 0.4562 -0.0673 -0.0204 -0.9975 -1.0450 -0.5023 0.8645 0.0162 -1.7152
2018-11-27 21:19:58,250 tracker_1 0.8627 0.5012 -0.0678 0.4538 -0.0655 -0.0223 -0.9976 -1.0467 -0.5015 0.8651 0.0136 -1.7167
2018-11-27 21:19:58,284 tracker_1 0.8632 0.5007 -0.0642 0.4506 -0.0616 -0.0218 -0.9979 -1.0477 -0.5010 0.8654 0.0120 -1.7185
2018-11-27 21:19:58,319 tracker_1 0.8634 0.5010 -0.0592 0.4473 -0.0600 -0.0146 -0.9981 -1.0487 -0.5009 0.8653 0.0175 -1.7222
2018-11-27 21:19:58,354 tracker_1 0.8632 0.5015 -0.0574 0.4451 -0.0604 -0.0103 -0.9981 -1.0497 -0.5012 0.8651 0.0214 -1.7252
2018-11-27 21:19:58,401 tracker_1 0.8635 0.5014 -0.0549 0.4415 -0.0578 -0.0098 -0.9983 -1.0516 -0.5010 0.8652 0.0205 -1.7274
2018-11-27 21:19:58,439 tracker_1 0.8638 0.5013 -0.0505 0.4381 -0.0570 -0.0023 -0.9984 -1.0525 -0.5006 0.8653 0.0266 -1.7313
2018-11-27 21:19:58,473 tracker_1 0.8643 0.5007 -0.0467 0.4361 -0.0547 0.0012 -0.9985 -1.0533 -0.4999 0.8656 0.0284 -1.7334
2018-11-27 21:19:58,507 tracker_1 0.8648 0.5000 -0.0462 0.4356 -0.0533 -0.0001 -0.9986 -1.0539 -0.4993 0.8660 0.0265 -1.7335
2018-11-27 21:19:58,543 tracker_1 0.8653 0.4991 -0.0469 0.4360 -0.0538 -0.0006 -0.9985 -1.0538 -0.4984 0.8665 0.0264 -1.7339
2018-11-27 21:19:58,577 tracker_1 0.8656 0.4984 -0.0473 0.4363 -0.0549 0.0007 -0.9985 -1.0544 -0.4976 0.8669 0.0279 -1.7354
2018-11-27 21:19:58,612 tracker_1 0.8659 0.4980 -0.0479 0.4359 -0.0551 -0.0002 -0.9985 -1.0549 -0.4972 0.8672 0.0273 -1.7363
2018-11-27 21:19:58,648 tracker_1 0.8661 0.4977 -0.0475 0.4345 -0.0555 0.0013 -0.9985 -1.0560 -0.4969 0.8674 0.0288 -1.7384
2018-11-27 21:19:58,683 tracker_1 0.8662 0.4978 -0.0438 0.4320 -0.0545 0.0071 -0.9985 -1.0568 -0.4967 0.8673 0.0333 -1.7414
2018-11-27 21:19:58,716 tracker_1 0.8662 0.4982 -0.0397 0.4293 -0.0519 0.0107 -0.9986 -1.0574 -0.4971 0.8670 0.0351 -1.7429
2018-11-27 21:19:58,751 tracker_1 0.8665 0.4978 -0.0374 0.4280 -0.0490 0.0102 -0.9987 -1.0579 -0.4968 0.8672 0.0332 -1.7430
2018-11-27 21:19:58,786 tracker_1 0.8666 0.4975 -0.0380 0.4280 -0.0497 0.0103 -0.9987 -1.0580 -0.4964 0.8674 0.0337 -1.7435
2018-11-27 21:19:58,821 tracker_1 0.8668 0.4971 -0.0386 0.4281 -0.0507 0.0109 -0.9987 -1.0579 -0.4960 0.8676 0.0346 -1.7440
2018-11-27 21:19:58,856 tracker_1 0.8671 0.4967 -0.0379 0.4279 -0.0498 0.0107 -0.9987 -1.0579 -0.4956 0.8679 0.0340 -1.7436
2018-11-27 21:19:58,890 tracker_1 0.8672 0.4964 -0.0380 0.4282 -0.0494 0.0098 -0.9987 -1.0574 -0.4954 0.8680 0.0331 -1.7428
2018-11-27 21:19:58,933 tracker_1 0.8672 0.4964 -0.0405 0.4294 -0.0507 0.0071 -0.9987 -1.0572 -0.4954 0.8681 0.0313 -1.7414
2018-11-27 21:19:58,967 tracker_1 0.8673 0.4961 -0.0413 0.4299 -0.0510 0.0060 -0.9987 -1.0569 -0.4952 0.8682 0.0305 -1.7409
2018-11-27 21:19:59,001 tracker_1 0.8675 0.4958 -0.0401 0.4295 -0.0503 0.0073 -0.9987 -1.0569 -0.4949 0.8684 0.0313 -1.7411
2018-11-27 21:19:59,036 tracker_1 0.8677 0.4955 -0.0393 0.4294 -0.0494 0.0073 -0.9988 -1.0568 -0.4946 0.8686 0.0308 -1.7408
2018-11-27 21:19:59,071 tracker_1 0.8678 0.4953 -0.0407 0.4296 -0.0499 0.0055 -0.9987 -1.0569 -0.4945 0.8687 0.0295 -1.7406
2018-11-27 21:19:59,105 tracker_1 0.8677 0.4953 -0.0415 0.4294 -0.0515 0.0065 -0.9987 -1.0570 -0.4943 0.8687 0.0312 -1.7418
2018-11-27 21:19:59,140 tracker_1 0.8679 0.4952 -0.0402 0.4284 -0.0520 0.0100 -0.9986 -1.0579 -0.4941 0.8687 0.0344 -1.7442
2018-11-27 21:19:59,179 tracker_1 0.8682 0.4948 -0.0375 0.4271 -0.0497 0.0114 -0.9987 -1.0579 -0.4938 0.8689 0.0345 -1.7443
2018-11-27 21:19:59,213 tracker_1 0.8670 0.4965 -0.0423 0.4272 -0.0527 0.0069 -0.9986 -1.0554 -0.4955 0.8680 0.0321 -1.7407
2018-11-27 21:19:59,248 tracker_1 0.8671 0.4962 -0.0439 0.4283 -0.0540 0.0060 -0.9985 -1.0569 -0.4952 0.8682 0.0320 -1.7414
2018-11-27 21:19:59,284 tracker_1 0.8672 0.4960 -0.0446 0.4289 -0.0553 0.0068 -0.9984 -1.0577 -0.4950 0.8683 0.0333 -1.7425
2018-11-27 21:19:59,318 tracker_1 0.8673 0.4958 -0.0440 0.4287 -0.0548 0.0072 -0.9985 -1.0579 -0.4948 0.8684 0.0334 -1.7431
2018-11-27 21:19:59,353 tracker_1 0.8676 0.4955 -0.0430 0.4281 -0.0536 0.0072 -0.9985 -1.0579 -0.4944 0.8686 0.0328 -1.7438
2018-11-27 21:19:59,388 tracker_1 0.8677 0.4953 -0.0426 0.4276 -0.0541 0.0089 -0.9985 -1.0582 -0.4942 0.8687 0.0345 -1.7452
2018-11-27 21:19:59,430 tracker_1 0.8681 0.4946 -0.0408 0.4264 -0.0531 0.0109 -0.9985 -1.0585 -0.4935 0.8690 0.0357 -1.7465
2018-11-27 21:19:59,463 tracker_1 0.8685 0.4941 -0.0401 0.4258 -0.0520 0.0104 -0.9986 -1.0588 -0.4929 0.8694 0.0347 -1.7467
2018-11-27 21:19:59,498 tracker_1 0.8687 0.4937 -0.0401 0.4258 -0.0521 0.0105 -0.9986 -1.0587 -0.4926 0.8696 0.0348 -1.7467
2018-11-27 21:19:59,533 tracker_1 0.8686 0.4938 -0.0411 0.4261 -0.0534 0.0108 -0.9985 -1.0585 -0.4927 0.8695 0.0357 -1.7468
2018-11-27 21:19:59,569 tracker_1 0.8686 0.4938 -0.0412 0.4264 -0.0526 0.0092 -0.9986 -1.0580 -0.4928 0.8695 0.0339 -1.7455
2018-11-27 21:19:59,603 tracker_1 0.8686 0.4938 -0.0421 0.4268 -0.0529 0.0078 -0.9986 -1.0578 -0.4927 0.8696 0.0329 -1.7447
2018-11-27 21:19:59,638 tracker_1 0.8685 0.4939 -0.0423 0.4268 -0.0534 0.0083 -0.9985 -1.0578 -0.4928 0.8695 0.0335 -1.7449
2018-11-27 21:19:59,674 tracker_1 0.8686 0.4938 -0.0409 0.4263 -0.0525 0.0096 -0.9986 -1.0579 -0.4927 0.8695 0.0343 -1.7452
2018-11-27 21:19:59,707 tracker_1 0.8687 0.4936 -0.0403 0.4260 -0.0517 0.0095 -0.9986 -1.0579 -0.4926 0.8696 0.0337 -1.7451
2018-11-27 21:19:59,742 tracker_1 0.8689 0.4933 -0.0410 0.4263 -0.0518 0.0083 -0.9986 -1.0580 -0.4923 0.8698 0.0328 -1.7451
2018-11-27 21:19:59,777 tracker_1 0.8690 0.4930 -0.0414 0.4260 -0.0527 0.0090 -0.9986 -1.0582 -0.4919 0.8700 0.0338 -1.7460
2018-11-27 21:19:59,813 tracker_1 0.8693 0.4928 -0.0394 0.4249 -0.0519 0.0117 -0.9986 -1.0584 -0.4916 0.8701 0.0358 -1.7472
2018-11-27 21:19:59,848 tracker_1 0.8695 0.4925 -0.0378 0.4241 -0.0506 0.0128 -0.9986 -1.0586 -0.4913 0.8702 0.0361 -1.7477
2018-11-27 21:19:59,882 tracker_1 0.8696 0.4923 -0.0378 0.4240 -0.0501 0.0120 -0.9987 -1.0587 -0.4912 0.8703 0.0351 -1.7476
2018-11-27 21:19:59,917 tracker_1 0.8696 0.4923 -0.0385 0.4245 -0.0512 0.0124 -0.9986 -1.0587 -0.4911 0.8703 0.0360 -1.7480
2018-11-27 21:19:59,953 tracker_1 0.8697 0.4921 -0.0389 0.4243 -0.0517 0.0125 -0.9986 -1.0584 -0.4909 0.8705 0.0363 -1.7477
2018-11-27 21:19:59,990 tracker_1 0.8698 0.4919 -0.0385 0.4238 -0.0509 0.0118 -0.9986 -1.0587 -0.4908 0.8706 0.0353 -1.7478
2018-11-27 21:20:00,023 tracker_1 0.8699 0.4918 -0.0373 0.4232 -0.0505 0.0136 -0.9986 -1.0586 -0.4906 0.8706 0.0367 -1.7488
2018-11-27 21:20:00,057 tracker_1 0.8700 0.4916 -0.0368 0.4226 -0.0508 0.0151 -0.9986 -1.0588 -0.4904 0.8707 0.0381 -1.7495
2018-11-27 21:20:00,093 tracker_1 0.8701 0.4914 -0.0372 0.4226 -0.0508 0.0143 -0.9986 -1.0592 -0.4902 0.8708 0.0374 -1.7499
2018-11-27 21:20:00,127 tracker_1 0.8703 0.4911 -0.0374 0.4224 -0.0510 0.0143 -0.9986 -1.0590 -0.4899 0.8710 0.0375 -1.7499
2018-11-27 21:20:00,162 tracker_1 0.8703 0.4912 -0.0370 0.4218 -0.0510 0.0152 -0.9986 -1.0589 -0.4899 0.8709 0.0383 -1.7502
2018-11-27 21:20:00,197 tracker_1 0.8701 0.4915 -0.0368 0.4215 -0.0506 0.0148 -0.9986 -1.0588 -0.4903 0.8708 0.0378 -1.7502
2018-11-27 21:20:00,232 tracker_1 0.8700 0.4918 -0.0363 0.4209 -0.0501 0.0150 -0.9986 -1.0590 -0.4906 0.8706 0.0377 -1.7508
2018-11-27 21:20:00,268 tracker_1 0.8697 0.4923 -0.0361 0.4205 -0.0504 0.0159 -0.9986 -1.0591 -0.4910 0.8703 0.0386 -1.7514
2018-11-27 21:20:00,303 tracker_1 0.8698 0.4921 -0.0350 0.4198 -0.0492 0.0159 -0.9987 -1.0591 -0.4909 0.8704 0.0381 -1.7513
2018-11-27 21:20:00,337 tracker_1 0.8693 0.4929 -0.0368 0.4207 -0.0506 0.0148 -0.9986 -1.0594 -0.4917 0.8699 0.0378 -1.7516
2018-11-27 21:20:00,376 tracker_1 0.8692 0.4930 -0.0368 0.4200 -0.0507 0.0148 -0.9986 -1.0594 -0.4918 0.8699 0.0379 -1.7518
2018-11-27 21:20:00,409 tracker_1 0.8694 0.4928 -0.0363 0.4196 -0.0502 0.0150 -0.9986 -1.0596 -0.4916 0.8700 0.0378 -1.7521
2018-11-27 21:20:00,444 tracker_1 0.8694 0.4928 -0.0358 0.4192 -0.0496 0.0150 -0.9987 -1.0596 -0.4916 0.8700 0.0375 -1.7521
2018-11-27 21:20:00,480 tracker_1 0.8694 0.4928 -0.0360 0.4192 -0.0497 0.0148 -0.9987 -1.0594 -0.4916 0.8700 0.0374 -1.7520
2018-11-27 21:20:00,514 tracker_1 0.8695 0.4925 -0.0363 0.4194 -0.0500 0.0147 -0.9986 -1.0595 -0.4913 0.8702 0.0374 -1.7520
2018-11-27 21:20:00,548 tracker_1 0.8696 0.4924 -0.0360 0.4194 -0.0496 0.0146 -0.9987 -1.0594 -0.4912 0.8702 0.0371 -1.7521
2018-11-27 21:20:00,583 tracker_1 0.8695 0.4926 -0.0359 0.4194 -0.0497 0.0150 -0.9986 -1.0595 -0.4914 0.8701 0.0375 -1.7520
2018-11-27 21:20:00,618 tracker_1 0.8694 0.4928 -0.0357 0.4194 -0.0496 0.0151 -0.9987 -1.0597 -0.4916 0.8700 0.0376 -1.7520
2018-11-27 21:20:00,653 tracker_1 0.8693 0.4929 -0.0363 0.4196 -0.0499 0.0144 -0.9987 -1.0595 -0.4918 0.8699 0.0371 -1.7516
2018-11-27 21:20:00,688 tracker_1 0.8691 0.4933 -0.0372 0.4196 -0.0507 0.0140 -0.9986 -1.0594 -0.4921 0.8698 0.0372 -1.7517
2018-11-27 21:20:00,723 tracker_1 0.8693 0.4930 -0.0359 0.4190 -0.0498 0.0151 -0.9986 -1.0586 -0.4917 0.8699 0.0377 -1.7525
2018-11-27 21:20:00,757 tracker_1 0.8696 0.4925 -0.0345 0.4184 -0.0490 0.0164 -0.9987 -1.0577 -0.4913 0.8702 0.0384 -1.7538
2018-11-27 21:20:00,792 tracker_1 0.8699 0.4920 -0.0350 0.4181 -0.0490 0.0155 -0.9987 -1.0566 -0.4908 0.8704 0.0376 -1.7545
2018-11-27 21:20:00,827 tracker_1 0.8707 0.4904 -0.0371 0.4190 -0.0490 0.0114 -0.9987 -1.0557 -0.4894 0.8714 0.0339 -1.7550
2018-11-27 21:20:00,862 tracker_1 0.8721 0.4875 -0.0432 0.4212 -0.0514 0.0034 -0.9987 -1.0541 -0.4867 0.8731 0.0280 -1.7553
2018-11-27 21:20:00,898 tracker_1 0.8735 0.4840 -0.0519 0.4241 -0.0549 -0.0081 -0.9985 -1.0512 -0.4837 0.8750 0.0195 -1.7551
2018-11-27 21:20:00,932 tracker_1 0.8723 0.4838 -0.0713 0.4248 -0.0680 -0.0242 -0.9974 -1.0413 -0.4842 0.8749 0.0118 -1.7466
2018-11-27 21:20:00,967 tracker_1 0.8745 0.4788 -0.0782 0.4273 -0.0735 -0.0286 -0.9969 -1.0434 -0.4795 0.8775 0.0102 -1.7538
2018-11-27 21:20:01,001 tracker_1 0.8771 0.4736 -0.0806 0.4270 -0.0738 -0.0330 -0.9967 -1.0417 -0.4747 0.8801 0.0060 -1.7565
2018-11-27 21:20:01,036 tracker_1 0.8798 0.4681 -0.0823 0.4258 -0.0752 -0.0338 -0.9966 -1.0428 -0.4693 0.8830 0.0054 -1.7641
2018-11-27 21:20:01,071 tracker_1 0.8828 0.4624 -0.0827 0.4228 -0.0769 -0.0314 -0.9965 -1.0425 -0.4634 0.8861 0.0078 -1.7702
2018-11-27 21:20:01,107 tracker_1 0.8859 0.4571 -0.0792 0.4191 -0.0736 -0.0301 -0.9968 -1.0419 -0.4581 0.8889 0.0069 -1.7755
2018-11-27 21:20:01,143 tracker_1 0.8885 0.4521 -0.0789 0.4147 -0.0737 -0.0291 -0.9969 -1.0429 -0.4530 0.8915 0.0074 -1.7804
2018-11-27 21:20:01,177 tracker_1 0.8906 0.4483 -0.0765 0.4095 -0.0725 -0.0260 -0.9970 -1.0424 -0.4489 0.8935 0.0094 -1.7841
2018-11-27 21:20:01,214 tracker_1 0.8924 0.4452 -0.0741 0.4053 -0.0699 -0.0258 -0.9972 -1.0416 -0.4459 0.8951 0.0081 -1.7863
2018-11-27 21:20:01,245 tracker_1 0.8927 0.4436 -0.0799 0.4048 -0.0721 -0.0345 -0.9968 -1.0402 -0.4449 0.8956 0.0012 -1.7848
2018-11-27 21:20:01,282 tracker_1 0.8917 0.4434 -0.0905 0.4035 -0.0743 -0.0537 -0.9958 -1.0385 -0.4464 0.8947 -0.0150 -1.7816
2018-11-27 21:20:01,315 tracker_1 0.8896 0.4460 -0.0980 0.4004 -0.0789 -0.0611 -0.9950 -1.0371 -0.4498 0.8929 -0.0192 -1.7839
2018-11-27 21:20:01,351 tracker_1 0.8880 0.4515 -0.0877 0.3896 -0.0724 -0.0511 -0.9961 -1.0362 -0.4542 0.8908 -0.0127 -1.7906
2018-11-27 21:20:01,385 tracker_1 0.8860 0.4582 -0.0716 0.3777 -0.0598 -0.0401 -0.9974 -1.0362 -0.4598 0.8880 -0.0082 -1.7958
2018-11-27 21:20:01,420 tracker_1 0.8835 0.4649 -0.0582 0.3680 -0.0478 -0.0340 -0.9983 -1.0386 -0.4661 0.8847 -0.0078 -1.7991
2018-11-27 21:20:01,457 tracker_1 0.8806 0.4702 -0.0584 0.3643 -0.0492 -0.0318 -0.9983 -1.0410 -0.4713 0.8820 -0.0049 -1.8028
2018-11-27 21:20:01,491 tracker_1 0.8779 0.4736 -0.0708 0.3652 -0.0597 -0.0385 -0.9975 -1.0425 -0.4751 0.8799 -0.0055 -1.8058
2018-11-27 21:20:01,525 tracker_1 0.8764 0.4753 -0.0777 0.3646 -0.0655 -0.0422 -0.9970 -1.0425 -0.4771 0.8788 -0.0059 -1.8084
2018-11-27 21:20:01,560 tracker_1 0.8767 0.4764 -0.0666 0.3589 -0.0580 -0.0328 -0.9978 -1.0425 -0.4775 0.8786 -0.0011 -1.8116
2018-11-27 21:20:01,594 tracker_1 0.8774 0.4765 -0.0565 0.3557 -0.0482 -0.0295 -0.9984 -1.0413 -0.4774 0.8787 -0.0029 -1.8114
2018-11-27 21:20:01,629 tracker_1 0.8772 0.4750 -0.0704 0.3617 -0.0545 -0.0471 -0.9974 -1.0395 -0.4770 0.8787 -0.0154 -1.8080
2018-11-27 21:20:01,664 tracker_1 0.8763 0.4721 -0.0964 0.3703 -0.0726 -0.0684 -0.9950 -1.0365 -0.4763 0.8789 -0.0257 -1.8067
2018-11-27 21:20:01,700 tracker_1 0.8764 0.4708 -0.1013 0.3691 -0.0745 -0.0752 -0.9944 -1.0339 -0.4757 0.8790 -0.0308 -1.8092
2018-11-27 21:20:01,734 tracker_1 0.8775 0.4705 -0.0926 0.3622 -0.0676 -0.0697 -0.9953 -1.0317 -0.4747 0.8796 -0.0294 -1.8148
2018-11-27 21:20:01,771 tracker_1 0.8778 0.4696 -0.0943 0.3576 -0.0672 -0.0741 -0.9950 -1.0302 -0.4742 0.8798 -0.0335 -1.8196
2018-11-27 21:20:01,804 tracker_1 0.8774 0.4688 -0.1024 0.3549 -0.0725 -0.0814 -0.9940 -1.0300 -0.4743 0.8796 -0.0374 -1.8239
2018-11-27 21:20:01,839 tracker_1 0.8773 0.4687 -0.1035 0.3481 -0.0751 -0.0789 -0.9941 -1.0312 -0.4741 0.8798 -0.0340 -1.8308
2018-11-27 21:20:01,874 tracker_1 0.8786 0.4693 -0.0889 0.3357 -0.0641 -0.0686 -0.9956 -1.0329 -0.4733 0.8804 -0.0301 -1.8378
2018-11-27 21:20:01,910 tracker_1 0.8798 0.4688 -0.0787 0.3248 -0.0559 -0.0625 -0.9965 -1.0337 -0.4721 0.8811 -0.0288 -1.8447
2018-11-27 21:20:01,944 tracker_1 0.8798 0.4690 -0.0770 0.3193 -0.0555 -0.0596 -0.9967 -1.0344 -0.4720 0.8812 -0.0264 -1.8511
2018-11-27 21:20:01,978 tracker_1 0.8791 0.4689 -0.0853 0.3182 -0.0636 -0.0621 -0.9960 -1.0360 -0.4724 0.8810 -0.0248 -1.8582
2018-11-27 21:20:02,017 tracker_1 0.8786 0.4692 -0.0890 0.3161 -0.0681 -0.0614 -0.9958 -1.0389 -0.4727 0.8810 -0.0220 -1.8636
2018-11-27 21:20:02,049 tracker_1 0.8796 0.4690 -0.0794 0.3086 -0.0626 -0.0514 -0.9967 -1.0411 -0.4716 0.8817 -0.0159 -1.8701
2018-11-27 21:20:02,083 tracker_1 0.8808 0.4690 -0.0657 0.3006 -0.0524 -0.0413 -0.9978 -1.0418 -0.4706 0.8822 -0.0118 -1.8752
2018-11-27 21:20:02,118 tracker_1 0.8814 0.4682 -0.0634 0.2962 -0.0523 -0.0366 -0.9980 -1.0432 -0.4696 0.8829 -0.0078 -1.8819
2018-11-27 21:20:02,153 tracker_1 0.8816 0.4674 -0.0656 0.2937 -0.0575 -0.0315 -0.9978 -1.0449 -0.4685 0.8835 -0.0008 -1.8893
2018-11-27 21:20:02,188 tracker_1 0.8823 0.4662 -0.0649 0.2905 -0.0598 -0.0257 -0.9979 -1.0470 -0.4669 0.8843 0.0053 -1.8957
2018-11-27 21:20:02,225 tracker_1 0.8836 0.4646 -0.0587 0.2859 -0.0556 -0.0203 -0.9982 -1.0481 -0.4650 0.8853 0.0079 -1.8999
2018-11-27 21:20:02,269 tracker_1 0.8844 0.4637 -0.0526 0.2813 -0.0502 -0.0176 -0.9986 -1.0502 -0.4640 0.8858 0.0077 -1.9028
2018-11-27 21:20:02,303 tracker_1 0.8841 0.4643 -0.0520 0.2796 -0.0511 -0.0145 -0.9986 -1.0517 -0.4644 0.8855 0.0109 -1.9066
2018-11-27 21:20:02,338 tracker_1 0.8839 0.4649 -0.0504 0.2767 -0.0522 -0.0091 -0.9986 -1.0526 -0.4647 0.8853 0.0162 -1.9109
2018-11-27 21:20:02,373 tracker_1 0.8840 0.4649 -0.0487 0.2745 -0.0512 -0.0072 -0.9987 -1.0537 -0.4646 0.8853 0.0174 -1.9132
2018-11-27 21:20:02,407 tracker_1 0.8842 0.4649 -0.0459 0.2718 -0.0483 -0.0068 -0.9988 -1.0546 -0.4646 0.8853 0.0165 -1.9144
2018-11-27 21:20:02,443 tracker_1 0.8838 0.4656 -0.0459 0.2704 -0.0499 -0.0038 -0.9987 -1.0557 -0.4652 0.8850 0.0199 -1.9172
2018-11-27 21:20:02,478 tracker_1 0.8838 0.4659 -0.0437 0.2679 -0.0499 0.0009 -0.9988 -1.0566 -0.4653 0.8848 0.0240 -1.9201
2018-11-27 21:20:02,512 tracker_1 0.8838 0.4662 -0.0410 0.2656 -0.0476 0.0022 -0.9989 -1.0576 -0.4655 0.8847 0.0242 -1.9213
2018-11-27 21:20:02,547 tracker_1 0.8831 0.4674 -0.0407 0.2652 -0.0477 0.0031 -0.9989 -1.0580 -0.4667 0.8840 0.0251 -1.9218
2018-11-27 21:20:02,582 tracker_1 0.8826 0.4685 -0.0392 0.2640 -0.0472 0.0052 -0.9989 -1.0583 -0.4678 0.8834 0.0267 -1.9226
2018-11-27 21:20:02,617 tracker_1 0.8817 0.4701 -0.0405 0.2640 -0.0479 0.0038 -0.9988 -1.0581 -0.4694 0.8826 0.0259 -1.9217
2018-11-27 21:20:02,653 tracker_1 0.8809 0.4715 -0.0418 0.2640 -0.0482 0.0016 -0.9988 -1.0583 -0.4709 0.8819 0.0241 -1.9201
2018-11-27 21:20:02,687 tracker_1 0.8802 0.4728 -0.0418 0.2634 -0.0484 0.0018 -0.9988 -1.0585 -0.4722 0.8812 0.0245 -1.9200
2018-11-27 21:20:02,721 tracker_1 0.8797 0.4739 -0.0397 0.2622 -0.0476 0.0046 -0.9989 -1.0588 -0.4732 0.8806 0.0266 -1.9205
2018-11-27 21:20:02,757 tracker_1 0.8791 0.4752 -0.0378 0.2612 -0.0464 0.0065 -0.9989 -1.0592 -0.4744 0.8799 0.0277 -1.9207
2018-11-27 21:20:02,791 tracker_1 0.8784 0.4764 -0.0374 0.2609 -0.0459 0.0061 -0.9989 -1.0593 -0.4756 0.8792 0.0272 -1.9199
2018-11-27 21:20:02,826 tracker_1 0.8776 0.4780 -0.0376 0.2611 -0.0456 0.0053 -0.9989 -1.0593 -0.4773 0.8783 0.0265 -1.9184
2018-11-27 21:20:02,862 tracker_1 0.8770 0.4791 -0.0376 0.2615 -0.0457 0.0052 -0.9989 -1.0591 -0.4784 0.8778 0.0264 -1.9176
2018-11-27 21:20:02,896 tracker_1 0.8765 0.4799 -0.0380 0.2619 -0.0454 0.0037 -0.9990 -1.0590 -0.4793 0.8773 0.0250 -1.9160
2018-11-27 21:20:02,932 tracker_1 0.8761 0.4806 -0.0379 0.2621 -0.0447 0.0027 -0.9990 -1.0589 -0.4800 0.8769 0.0239 -1.9148
2018-11-27 21:20:02,966 tracker_1 0.8765 0.4801 -0.0360 0.2620 -0.0439 0.0052 -0.9990 -1.0596 -0.4794 0.8772 0.0256 -1.9154
2018-11-27 21:20:03,001 tracker_1 0.8769 0.4795 -0.0349 0.2626 -0.0441 0.0078 -0.9990 -1.0592 -0.4787 0.8775 0.0280 -1.9156
2018-11-27 21:20:03,036 tracker_1 0.8768 0.4794 -0.0384 0.2645 -0.0459 0.0038 -0.9989 -1.0594 -0.4787 0.8776 0.0253 -1.9141
2018-11-27 21:20:03,072 tracker_1 0.8768 0.4791 -0.0398 0.2652 -0.0464 0.0020 -0.9989 -1.0594 -0.4785 0.8777 0.0240 -1.9135
2018-11-27 21:20:03,106 tracker_1 0.8767 0.4795 -0.0392 0.2649 -0.0477 0.0055 -0.9988 -1.0593 -0.4787 0.8776 0.0277 -1.9146
2018-11-27 21:20:03,141 tracker_1 0.8770 0.4791 -0.0371 0.2643 -0.0453 0.0057 -0.9990 -1.0591 -0.4784 0.8777 0.0267 -1.9139
2018-11-27 21:20:03,176 tracker_1 0.8772 0.4788 -0.0353 0.2642 -0.0419 0.0032 -0.9991 -1.0591 -0.4782 0.8779 0.0229 -1.9126
2018-11-27 21:20:03,212 tracker_1 0.8770 0.4791 -0.0366 0.2655 -0.0438 0.0040 -0.9990 -1.0589 -0.4784 0.8778 0.0245 -1.9132
2018-11-27 21:20:03,245 tracker_1 0.8769 0.4791 -0.0393 0.2666 -0.0472 0.0044 -0.9989 -1.0591 -0.4784 0.8777 0.0265 -1.9141
2018-11-27 21:20:03,280 tracker_1 0.8768 0.4791 -0.0409 0.2672 -0.0480 0.0026 -0.9988 -1.0591 -0.4785 0.8777 0.0253 -1.9138
2018-11-27 21:20:03,318 tracker_1 0.8767 0.4795 -0.0392 0.2666 -0.0467 0.0037 -0.9989 -1.0590 -0.4788 0.8776 0.0256 -1.9140
2018-11-27 21:20:03,351 tracker_1 0.8769 0.4792 -0.0382 0.2662 -0.0462 0.0049 -0.9989 -1.0594 -0.4785 0.8777 0.0264 -1.9150
2018-11-27 21:20:03,387 tracker_1 0.8772 0.4787 -0.0376 0.2659 -0.0462 0.0062 -0.9989 -1.0597 -0.4779 0.8780 0.0276 -1.9161
2018-11-27 21:20:03,419 tracker_1 0.8773 0.4786 -0.0373 0.2657 -0.0461 0.0066 -0.9989 -1.0595 -0.4778 0.8780 0.0278 -1.9162
2018-11-27 21:20:03,455 tracker_1 0.8771 0.4788 -0.0374 0.2659 -0.0457 0.0058 -0.9989 -1.0594 -0.4781 0.8779 0.0270 -1.9157
2018-11-27 21:20:03,488 tracker_1 0.8765 0.4797 -0.0401 0.2670 -0.0480 0.0041 -0.9988 -1.0586 -0.4790 0.8774 0.0266 -1.9144
2018-11-27 21:20:03,523 tracker_1 0.8766 0.4795 -0.0408 0.2680 -0.0480 0.0027 -0.9988 -1.0588 -0.4789 0.8775 0.0254 -1.9139
2018-11-27 21:20:03,559 tracker_1 0.8769 0.4789 -0.0411 0.2682 -0.0473 0.0009 -0.9989 -1.0588 -0.4783 0.8779 0.0235 -1.9135
2018-11-27 21:20:03,594 tracker_1 0.8774 0.4781 -0.0397 0.2682 -0.0469 0.0030 -0.9989 -1.0586 -0.4774 0.8783 0.0251 -1.9144
2018-11-27 21:20:03,628 tracker_1 0.8776 0.4778 -0.0397 0.2681 -0.0469 0.0032 -0.9989 -1.0587 -0.4771 0.8785 0.0253 -1.9146
2018-11-27 21:20:03,663 tracker_1 0.8776 0.4777 -0.0406 0.2679 -0.0468 0.0010 -0.9989 -1.0591 -0.4771 0.8785 0.0233 -1.9143
2018-11-27 21:20:03,698 tracker_1 0.8779 0.4774 -0.0380 0.2665 -0.0458 0.0047 -0.9989 -1.0592 -0.4767 0.8787 0.0260 -1.9159
2018-11-27 21:20:03,732 tracker_1 0.8783 0.4768 -0.0348 0.2655 -0.0439 0.0080 -0.9990 -1.0594 -0.4760 0.8790 0.0280 -1.9171
2018-11-27 21:20:03,768 tracker_1 0.8786 0.4763 -0.0342 0.2654 -0.0422 0.0062 -0.9991 -1.0595 -0.4757 0.8792 0.0256 -1.9160
2018-11-27 21:20:03,805 tracker_1 0.8785 0.4764 -0.0364 0.2666 -0.0438 0.0043 -0.9990 -1.0590 -0.4757 0.8792 0.0246 -1.9151
2018-11-27 21:20:03,839 tracker_1 0.8787 0.4760 -0.0366 0.2672 -0.0447 0.0056 -0.9990 -1.0593 -0.4753 0.8795 0.0262 -1.9154
2018-11-27 21:20:03,874 tracker_1 0.8792 0.4751 -0.0358 0.2676 -0.0437 0.0055 -0.9990 -1.0586 -0.4745 0.8799 0.0256 -1.9144
2018-11-27 21:20:03,908 tracker_1 0.8796 0.4744 -0.0365 0.2689 -0.0432 0.0031 -0.9991 -1.0587 -0.4738 0.8803 0.0233 -1.9132
2018-11-27 21:20:03,943 tracker_1 0.8793 0.4745 -0.0401 0.2712 -0.0464 0.0015 -0.9989 -1.0584 -0.4740 0.8802 0.0233 -1.9123
2018-11-27 21:20:03,978 tracker_1 0.8793 0.4744 -0.0423 0.2723 -0.0483 0.0005 -0.9988 -1.0583 -0.4738 0.8803 0.0234 -1.9120
2018-11-27 21:20:04,013 tracker_1 0.8795 0.4739 -0.0430 0.2723 -0.0484 -0.0007 -0.9988 -1.0582 -0.4733 0.8806 0.0223 -1.9118
2018-11-27 21:20:04,047 tracker_1 0.8800 0.4732 -0.0412 0.2713 -0.0476 0.0014 -0.9989 -1.0587 -0.4726 0.8810 0.0237 -1.9128
2018-11-27 21:20:04,084 tracker_1 0.8802 0.4729 -0.0392 0.2705 -0.0471 0.0049 -0.9989 -1.0586 -0.4722 0.8811 0.0266 -1.9140
2018-11-27 21:20:04,118 tracker_1 0.8804 0.4727 -0.0388 0.2705 -0.0460 0.0038 -0.9989 -1.0590 -0.4720 0.8812 0.0251 -1.9137
2018-11-27 21:20:04,153 tracker_1 0.8804 0.4726 -0.0397 0.2707 -0.0460 0.0017 -0.9989 -1.0588 -0.4721 0.8813 0.0232 -1.9131
2018-11-27 21:20:04,187 tracker_1 0.8804 0.4726 -0.0395 0.2704 -0.0470 0.0041 -0.9989 -1.0587 -0.4719 0.8812 0.0258 -1.9142
2018-11-27 21:20:04,222 tracker_1 0.8804 0.4726 -0.0383 0.2699 -0.0465 0.0057 -0.9989 -1.0588 -0.4719 0.8812 0.0270 -1.9147
2018-11-27 21:20:04,257 tracker_1 0.8804 0.4727 -0.0382 0.2700 -0.0455 0.0040 -0.9990 -1.0586 -0.4720 0.8812 0.0251 -1.9136
2018-11-27 21:20:04,293 tracker_1 0.8804 0.4726 -0.0395 0.2705 -0.0460 0.0021 -0.9989 -1.0584 -0.4720 0.8813 0.0236 -1.9126
2018-11-27 21:20:04,328 tracker_1 0.8805 0.4723 -0.0403 0.2710 -0.0473 0.0029 -0.9989 -1.0584 -0.4717 0.8814 0.0249 -1.9134
2018-11-27 21:20:04,363 tracker_1 0.8806 0.4723 -0.0392 0.2704 -0.0466 0.0040 -0.9989 -1.0587 -0.4716 0.8815 0.0255 -1.9137
2018-11-27 21:20:04,398 tracker_1 0.8798 0.4733 -0.0429 0.2727 -0.0495 0.0014 -0.9988 -1.0590 -0.4727 0.8809 0.0247 -1.9130
2018-11-27 21:20:04,433 tracker_1 0.8800 0.4731 -0.0425 0.2714 -0.0491 0.0017 -0.9988 -1.0589 -0.4725 0.8810 0.0247 -1.9130
2018-11-27 21:20:04,470 tracker_1 0.8802 0.4727 -0.0423 0.2705 -0.0491 0.0021 -0.9988 -1.0589 -0.4720 0.8812 0.0251 -1.9133
2018-11-27 21:20:04,503 tracker_1 0.8807 0.4718 -0.0414 0.2695 -0.0485 0.0029 -0.9988 -1.0587 -0.4711 0.8817 0.0254 -1.9138
2018-11-27 21:20:04,537 tracker_1 0.8811 0.4712 -0.0414 0.2690 -0.0486 0.0030 -0.9988 -1.0586 -0.4705 0.8820 0.0255 -1.9143
2018-11-27 21:20:04,573 tracker_1 0.8807 0.4717 -0.0441 0.2697 -0.0509 0.0016 -0.9987 -1.0586 -0.4710 0.8818 0.0254 -1.9150
2018-11-27 21:20:04,607 tracker_1 0.8806 0.4718 -0.0440 0.2680 -0.0506 0.0013 -0.9987 -1.0587 -0.4712 0.8817 0.0250 -1.9160
2018-11-27 21:20:04,643 tracker_1 0.8804 0.4722 -0.0430 0.2661 -0.0500 0.0023 -0.9987 -1.0582 -0.4715 0.8815 0.0256 -1.9176
2018-11-27 21:20:04,677 tracker_1 0.8806 0.4722 -0.0400 0.2629 -0.0483 0.0055 -0.9988 -1.0584 -0.4714 0.8815 0.0276 -1.9203
2018-11-27 21:20:04,712 tracker_1 0.8807 0.4720 -0.0396 0.2614 -0.0473 0.0045 -0.9989 -1.0588 -0.4712 0.8816 0.0263 -1.9214
2018-11-27 21:20:04,746 tracker_1 0.8814 0.4706 -0.0407 0.2600 -0.0470 0.0015 -0.9989 -1.0593 -0.4700 0.8823 0.0235 -1.9228
2018-11-27 21:20:04,782 tracker_1 0.8822 0.4690 -0.0411 0.2583 -0.0477 0.0023 -0.9989 -1.0590 -0.4684 0.8832 0.0245 -1.9257
2018-11-27 21:20:04,817 tracker_1 0.8834 0.4670 -0.0398 0.2560 -0.0476 0.0048 -0.9989 -1.0593 -0.4662 0.8843 0.0265 -1.9294
2018-11-27 21:20:04,851 tracker_1 0.8840 0.4657 -0.0393 0.2537 -0.0464 0.0037 -0.9989 -1.0592 -0.4651 0.8849 0.0248 -1.9310
2018-11-27 21:20:04,886 tracker_1 0.8847 0.4646 -0.0391 0.2520 -0.0454 0.0025 -0.9990 -1.0584 -0.4640 0.8855 0.0233 -1.9323
2018-11-27 21:20:04,921 tracker_1 0.8844 0.4648 -0.0412 0.2511 -0.0462 -0.0007 -0.9989 -1.0570 -0.4644 0.8854 0.0209 -1.9329
2018-11-27 21:20:04,956 tracker_1 0.8839 0.4657 -0.0432 0.2502 -0.0458 -0.0057 -0.9989 -1.0562 -0.4655 0.8849 0.0163 -1.9323
2018-11-27 21:20:04,992 tracker_1 0.8835 0.4663 -0.0452 0.2501 -0.0467 -0.0083 -0.9989 -1.0543 -0.4661 0.8846 0.0144 -1.9317
2018-11-27 21:20:05,026 tracker_1 0.8834 0.4660 -0.0501 0.2514 -0.0486 -0.0153 -0.9987 -1.0517 -0.4661 0.8847 0.0091 -1.9301
2018-11-27 21:20:05,061 tracker_1 0.8832 0.4654 -0.0574 0.2535 -0.0499 -0.0285 -0.9983 -1.0483 -0.4663 0.8846 -0.0020 -1.9265
2018-11-27 21:20:05,097 tracker_1 0.8829 0.4651 -0.0651 0.2559 -0.0535 -0.0381 -0.9978 -1.0448 -0.4666 0.8844 -0.0088 -1.9243
2018-11-27 21:20:05,131 tracker_1 0.8826 0.4644 -0.0736 0.2590 -0.0577 -0.0485 -0.9972 -1.0413 -0.4666 0.8843 -0.0160 -1.9237
2018-11-27 21:20:05,165 tracker_1 0.8824 0.4629 -0.0847 0.2615 -0.0617 -0.0647 -0.9960 -1.0387 -0.4665 0.8841 -0.0285 -1.9225
2018-11-27 21:20:05,200 tracker_1 0.8820 0.4618 -0.0939 0.2623 -0.0685 -0.0716 -0.9951 -1.0372 -0.4663 0.8841 -0.0316 -1.9250
2018-11-27 21:20:05,235 tracker_1 0.8828 0.4607 -0.0911 0.2580 -0.0682 -0.0661 -0.9955 -1.0362 -0.4647 0.8851 -0.0269 -1.9308
2018-11-27 21:20:05,270 tracker_1 0.8844 0.4590 -0.0850 0.2533 -0.0645 -0.0602 -0.9961 -1.0359 -0.4623 0.8864 -0.0236 -1.9356
2018-11-27 21:20:05,306 tracker_1 0.8858 0.4562 -0.0850 0.2506 -0.0628 -0.0637 -0.9960 -1.0355 -0.4598 0.8876 -0.0278 -1.9381
2018-11-27 21:20:05,340 tracker_1 0.8865 0.4542 -0.0886 0.2487 -0.0655 -0.0663 -0.9956 -1.0348 -0.4581 0.8884 -0.0290 -1.9423
2018-11-27 21:20:05,374 tracker_1 0.8868 0.4528 -0.0928 0.2470 -0.0700 -0.0670 -0.9953 -1.0339 -0.4569 0.8891 -0.0277 -1.9474
2018-11-27 21:20:05,409 tracker_1 0.8868 0.4516 -0.0985 0.2448 -0.0725 -0.0746 -0.9946 -1.0325 -0.4565 0.8891 -0.0334 -1.9507
2018-11-27 21:20:05,445 tracker_1 0.8871 0.4501 -0.1021 0.2414 -0.0726 -0.0825 -0.9939 -1.0310 -0.4558 0.8892 -0.0405 -1.9539
2018-11-27 21:20:05,479 tracker_1 0.8874 0.4489 -0.1049 0.2374 -0.0739 -0.0861 -0.9935 -1.0294 -0.4550 0.8894 -0.0432 -1.9589
2018-11-27 21:20:05,514 tracker_1 0.8875 0.4479 -0.1087 0.2328 -0.0761 -0.0902 -0.9930 -1.0280 -0.4545 0.8895 -0.0459 -1.9647
2018-11-27 21:20:05,550 tracker_1 0.8877 0.4465 -0.1124 0.2269 -0.0777 -0.0953 -0.9924 -1.0276 -0.4538 0.8897 -0.0498 -1.9715
2018-11-27 21:20:05,585 tracker_1 0.8879 0.4467 -0.1102 0.2175 -0.0764 -0.0931 -0.9927 -1.0287 -0.4537 0.8898 -0.0486 -1.9813
2018-11-27 21:20:05,620 tracker_1 0.8879 0.4490 -0.1006 0.2047 -0.0706 -0.0832 -0.9940 -1.0310 -0.4547 0.8897 -0.0422 -1.9932
2018-11-27 21:20:05,655 tracker_1 0.8864 0.4535 -0.0930 0.1921 -0.0642 -0.0787 -0.9948 -1.0336 -0.4585 0.8878 -0.0407 -2.0043
2018-11-27 21:20:05,689 tracker_1 0.8837 0.4595 -0.0892 0.1796 -0.0612 -0.0755 -0.9953 -1.0350 -0.4641 0.8849 -0.0386 -2.0169
2018-11-27 21:20:05,725 tracker_1 0.8801 0.4677 -0.0823 0.1667 -0.0575 -0.0671 -0.9961 -1.0359 -0.4714 0.8814 -0.0322 -2.0299
2018-11-27 21:20:05,761 tracker_1 0.8767 0.4752 -0.0746 0.1558 -0.0520 -0.0605 -0.9968 -1.0361 -0.4782 0.8778 -0.0284 -2.0385
2018-11-27 21:20:05,803 tracker_1 0.8726 0.4825 -0.0763 0.1483 -0.0494 -0.0683 -0.9964 -1.0383 -0.4860 0.8733 -0.0357 -2.0438
2018-11-27 21:20:05,838 tracker_1 0.8693 0.4879 -0.0788 0.1422 -0.0535 -0.0657 -0.9964 -1.0403 -0.4913 0.8704 -0.0310 -2.0520
2018-11-27 21:20:05,874 tracker_1 0.8673 0.4932 -0.0677 0.1320 -0.0495 -0.0499 -0.9975 -1.0435 -0.4953 0.8685 -0.0189 -2.0624
2018-11-27 21:20:05,908 tracker_1 0.8663 0.4969 -0.0511 0.1225 -0.0372 -0.0378 -0.9986 -1.0453 -0.4981 0.8670 -0.0143 -2.0679
2018-11-27 21:20:05,943 tracker_1 0.8649 0.4998 -0.0474 0.1192 -0.0323 -0.0387 -0.9987 -1.0465 -0.5010 0.8653 -0.0173 -2.0706
2018-11-27 21:20:05,978 tracker_1 0.8633 0.5014 -0.0571 0.1215 -0.0424 -0.0407 -0.9983 -1.0472 -0.5029 0.8642 -0.0139 -2.0747
2018-11-27 21:20:06,012 tracker_1 0.8627 0.5022 -0.0601 0.1219 -0.0472 -0.0384 -0.9981 -1.0478 -0.5036 0.8639 -0.0094 -2.0782
2018-11-27 21:20:06,046 tracker_1 0.8628 0.5029 -0.0528 0.1185 -0.0401 -0.0360 -0.9985 -1.0492 -0.5040 0.8636 -0.0109 -2.0799
2018-11-27 21:20:06,081 tracker_1 0.8625 0.5038 -0.0465 0.1151 -0.0353 -0.0318 -0.9989 -1.0505 -0.5048 0.8632 -0.0097 -2.0827
2018-11-27 21:20:06,116 tracker_1 0.8617 0.5055 -0.0450 0.1129 -0.0376 -0.0249 -0.9990 -1.0522 -0.5061 0.8625 -0.0024 -2.0872
2018-11-27 21:20:06,151 tracker_1 0.8607 0.5072 -0.0450 0.1107 -0.0388 -0.0228 -0.9990 -1.0539 -0.5077 0.8615 0.0000 -2.0898
2018-11-27 21:20:06,186 tracker_1 0.8600 0.5087 -0.0401 0.1062 -0.0348 -0.0198 -0.9992 -1.0560 -0.5090 0.8607 0.0007 -2.0921
2018-11-27 21:20:06,221 tracker_1 0.8594 0.5105 -0.0289 0.1011 -0.0295 -0.0071 -0.9995 -1.0562 -0.5104 0.8599 0.0090 -2.0957
2018-11-27 21:20:06,256 tracker_1 0.8587 0.5117 -0.0283 0.1004 -0.0286 -0.0073 -0.9996 -1.0560 -0.5116 0.8592 0.0084 -2.0948
2018-11-27 21:20:06,291 tracker_1 0.8585 0.5115 -0.0365 0.1038 -0.0309 -0.0194 -0.9993 -1.0559 -0.5119 0.8591 -0.0008 -2.0921
2018-11-27 21:20:06,326 tracker_1 0.8579 0.5119 -0.0450 0.1064 -0.0402 -0.0206 -0.9990 -1.0562 -0.5123 0.8588 0.0029 -2.0942
2018-11-27 21:20:06,361 tracker_1 0.8578 0.5124 -0.0396 0.1035 -0.0385 -0.0128 -0.9992 -1.0557 -0.5125 0.8587 0.0087 -2.0971
2018-11-27 21:20:06,396 tracker_1 0.8581 0.5124 -0.0326 0.0996 -0.0322 -0.0097 -0.9994 -1.0563 -0.5124 0.8587 0.0081 -2.0974
2018-11-27 21:20:06,431 tracker_1 0.8583 0.5122 -0.0312 0.0993 -0.0294 -0.0116 -0.9995 -1.0563 -0.5123 0.8588 0.0051 -2.0973
2018-11-27 21:20:06,466 tracker_1 0.8583 0.5117 -0.0383 0.1013 -0.0372 -0.0124 -0.9992 -1.0567 -0.5118 0.8591 0.0084 -2.0994
2018-11-27 21:20:06,502 tracker_1 0.8583 0.5114 -0.0429 0.1020 -0.0427 -0.0122 -0.9990 -1.0567 -0.5114 0.8593 0.0114 -2.1011
2018-11-27 21:20:06,536 tracker_1 0.8586 0.5111 -0.0397 0.0996 -0.0389 -0.0123 -0.9992 -1.0570 -0.5111 0.8595 0.0093 -2.1008
2018-11-27 21:20:06,571 tracker_1 0.8590 0.5108 -0.0349 0.0967 -0.0350 -0.0094 -0.9993 -1.0571 -0.5108 0.8596 0.0098 -2.1015
2018-11-27 21:20:06,606 tracker_1 0.8592 0.5105 -0.0337 0.0955 -0.0356 -0.0062 -0.9993 -1.0574 -0.5104 0.8598 0.0128 -2.1031
2018-11-27 21:20:06,641 tracker_1 0.8594 0.5100 -0.0362 0.0958 -0.0375 -0.0076 -0.9993 -1.0578 -0.5099 0.8601 0.0126 -2.1044
2018-11-27 21:20:06,677 tracker_1 0.8595 0.5097 -0.0386 0.0956 -0.0395 -0.0091 -0.9992 -1.0579 -0.5096 0.8603 0.0124 -2.1050
2018-11-27 21:20:06,710 tracker_1 0.8593 0.5100 -0.0384 0.0943 -0.0412 -0.0059 -0.9991 -1.0579 -0.5098 0.8601 0.0160 -2.1073
2018-11-27 21:20:06,745 tracker_1 0.8589 0.5108 -0.0373 0.0924 -0.0414 -0.0033 -0.9991 -1.0585 -0.5105 0.8597 0.0183 -2.1086
2018-11-27 21:20:06,780 tracker_1 0.8588 0.5111 -0.0357 0.0908 -0.0402 -0.0022 -0.9992 -1.0588 -0.5107 0.8595 0.0187 -2.1093
2018-11-27 21:20:06,815 tracker_1 0.8589 0.5110 -0.0340 0.0898 -0.0390 -0.0008 -0.9992 -1.0590 -0.5106 0.8596 0.0193 -2.1098
2018-11-27 21:20:06,850 tracker_1 0.8592 0.5106 -0.0343 0.0898 -0.0395 -0.0006 -0.9992 -1.0591 -0.5102 0.8598 0.0197 -2.1103
2018-11-27 21:20:06,885 tracker_1 0.8593 0.5102 -0.0358 0.0902 -0.0403 -0.0021 -0.9992 -1.0590 -0.5099 0.8600 0.0188 -2.1104
2018-11-27 21:20:06,920 tracker_1 0.8593 0.5102 -0.0359 0.0897 -0.0404 -0.0022 -0.9992 -1.0591 -0.5099 0.8601 0.0187 -2.1107
2018-11-27 21:20:06,955 tracker_1 0.8595 0.5100 -0.0344 0.0889 -0.0397 -0.0007 -0.9992 -1.0592 -0.5097 0.8601 0.0197 -2.1109
2018-11-27 21:20:06,990 tracker_1 0.8595 0.5100 -0.0347 0.0887 -0.0401 -0.0004 -0.9992 -1.0591 -0.5096 0.8602 0.0201 -2.1112
2018-11-27 21:20:07,025 tracker_1 0.8596 0.5098 -0.0358 0.0890 -0.0410 -0.0010 -0.9992 -1.0589 -0.5094 0.8603 0.0201 -2.1112
2018-11-27 21:20:07,059 tracker_1 0.8597 0.5095 -0.0365 0.0889 -0.0416 -0.0014 -0.9991 -1.0591 -0.5091 0.8604 0.0200 -2.1112
2018-11-27 21:20:07,095 tracker_1 0.8598 0.5093 -0.0354 0.0885 -0.0405 -0.0011 -0.9992 -1.0591 -0.5090 0.8606 0.0196 -2.1114
2018-11-27 21:20:07,128 tracker_1 0.8599 0.5092 -0.0349 0.0883 -0.0405 -0.0001 -0.9992 -1.0592 -0.5088 0.8606 0.0206 -2.1117
2018-11-27 21:20:07,163 tracker_1 0.8601 0.5090 -0.0351 0.0885 -0.0405 -0.0005 -0.9992 -1.0590 -0.5086 0.8608 0.0201 -2.1114
2018-11-27 21:20:07,198 tracker_1 0.8602 0.5087 -0.0359 0.0889 -0.0406 -0.0018 -0.9992 -1.0590 -0.5083 0.8609 0.0191 -2.1109
2018-11-27 21:20:07,233 tracker_1 0.8613 0.5069 -0.0344 0.0891 -0.0390 -0.0014 -0.9992 -1.0584 -0.5065 0.8620 0.0185 -2.1109
2018-11-27 21:20:07,268 tracker_1 0.8619 0.5057 -0.0361 0.0900 -0.0386 -0.0055 -0.9992 -1.0581 -0.5055 0.8627 0.0148 -2.1104
2018-11-27 21:20:07,303 tracker_1 0.8615 0.5063 -0.0395 0.0902 -0.0428 -0.0053 -0.9991 -1.0591 -0.5060 0.8624 0.0171 -2.1119
2018-11-27 21:20:07,338 tracker_1 0.8612 0.5069 -0.0370 0.0888 -0.0436 0.0011 -0.9991 -1.0585 -0.5064 0.8620 0.0230 -2.1138
2018-11-27 21:20:07,373 tracker_1 0.8619 0.5059 -0.0346 0.0880 -0.0400 -0.0003 -0.9992 -1.0590 -0.5055 0.8626 0.0200 -2.1131
2018-11-27 21:20:07,409 tracker_1 0.8627 0.5046 -0.0340 0.0879 -0.0364 -0.0050 -0.9993 -1.0584 -0.5044 0.8633 0.0140 -2.1117
2018-11-27 21:20:07,443 tracker_1 0.8632 0.5034 -0.0367 0.0884 -0.0403 -0.0038 -0.9992 -1.0590 -0.5032 0.8640 0.0170 -2.1143
2018-11-27 21:20:07,477 tracker_1 0.8640 0.5022 -0.0372 0.0883 -0.0438 0.0014 -0.9990 -1.0589 -0.5016 0.8648 0.0232 -2.1177
2018-11-27 21:20:07,512 tracker_1 0.8652 0.5000 -0.0376 0.0880 -0.0430 -0.0007 -0.9991 -1.0590 -0.4996 0.8660 0.0209 -2.1186
2018-11-27 21:20:07,547 tracker_1 0.8665 0.4977 -0.0389 0.0884 -0.0426 -0.0039 -0.9991 -1.0592 -0.4973 0.8674 0.0179 -2.1197
2018-11-27 21:20:07,582 tracker_1 0.8677 0.4955 -0.0389 0.0879 -0.0436 -0.0020 -0.9990 -1.0593 -0.4951 0.8686 0.0198 -2.1232
2018-11-27 21:20:07,618 tracker_1 0.8692 0.4930 -0.0382 0.0869 -0.0445 0.0009 -0.9990 -1.0593 -0.4925 0.8700 0.0227 -2.1272
2018-11-27 21:20:07,652 tracker_1 0.8708 0.4902 -0.0376 0.0860 -0.0430 -0.0004 -0.9991 -1.0594 -0.4897 0.8716 0.0207 -2.1292
2018-11-27 21:20:07,687 tracker_1 0.8730 0.4863 -0.0380 0.0857 -0.0427 -0.0013 -0.9991 -1.0595 -0.4859 0.8738 0.0196 -2.1321
2018-11-27 21:20:07,722 tracker_1 0.8750 0.4826 -0.0389 0.0851 -0.0455 0.0019 -0.9990 -1.0596 -0.4821 0.8758 0.0236 -2.1369
2018-11-27 21:20:07,756 tracker_1 0.8766 0.4797 -0.0386 0.0838 -0.0459 0.0034 -0.9989 -1.0598 -0.4790 0.8775 0.0250 -2.1407
2018-11-27 21:20:07,792 tracker_1 0.8777 0.4777 -0.0377 0.0827 -0.0459 0.0054 -0.9989 -1.0602 -0.4770 0.8785 0.0266 -2.1447
2018-11-27 21:20:07,826 tracker_1 0.8784 0.4766 -0.0353 0.0819 -0.0473 0.0132 -0.9988 -1.0603 -0.4756 0.8790 0.0342 -2.1494
2018-11-27 21:20:07,861 tracker_1 0.8788 0.4758 -0.0364 0.0825 -0.0473 0.0110 -0.9988 -1.0610 -0.4749 0.8795 0.0322 -2.1496
2018-11-27 21:20:07,897 tracker_1 0.8788 0.4756 -0.0395 0.0838 -0.0454 0.0009 -0.9990 -1.0607 -0.4750 0.8797 0.0224 -2.1473
2018-11-27 21:20:07,932 tracker_1 0.8783 0.4765 -0.0399 0.0847 -0.0460 0.0009 -0.9989 -1.0606 -0.4760 0.8792 0.0227 -2.1489
2018-11-27 21:20:07,967 tracker_1 0.8778 0.4775 -0.0390 0.0845 -0.0491 0.0087 -0.9988 -1.0607 -0.4766 0.8786 0.0310 -2.1531
2018-11-27 21:20:08,001 tracker_1 0.8774 0.4783 -0.0374 0.0843 -0.0478 0.0096 -0.9988 -1.0601 -0.4773 0.8782 0.0313 -2.1532
2018-11-27 21:20:08,036 tracker_1 0.8772 0.4786 -0.0387 0.0851 -0.0458 0.0032 -0.9989 -1.0605 -0.4780 0.8780 0.0247 -2.1512
2018-11-27 21:20:08,072 tracker_1 0.8771 0.4787 -0.0397 0.0856 -0.0457 0.0008 -0.9990 -1.0601 -0.4782 0.8780 0.0226 -2.1508
2018-11-27 21:20:08,106 tracker_1 0.8766 0.4796 -0.0386 0.0855 -0.0470 0.0056 -0.9989 -1.0605 -0.4789 0.8775 0.0274 -2.1530
2018-11-27 21:20:08,141 tracker_1 0.8762 0.4806 -0.0368 0.0856 -0.0466 0.0084 -0.9989 -1.0603 -0.4798 0.8769 0.0297 -2.1545
2018-11-27 21:20:08,176 tracker_1 0.8755 0.4818 -0.0371 0.0867 -0.0449 0.0047 -0.9990 -1.0606 -0.4811 0.8763 0.0258 -2.1532
2018-11-27 21:20:08,211 tracker_1 0.8748 0.4830 -0.0382 0.0878 -0.0445 0.0016 -0.9990 -1.0605 -0.4824 0.8756 0.0229 -2.1535
2018-11-27 21:20:08,247 tracker_1 0.8736 0.4851 -0.0384 0.0884 -0.0473 0.0061 -0.9989 -1.0608 -0.4843 0.8745 0.0283 -2.1568
2018-11-27 21:20:08,281 tracker_1 0.8726 0.4871 -0.0356 0.0886 -0.0457 0.0088 -0.9989 -1.0602 -0.4863 0.8733 0.0300 -2.1586
2018-11-27 21:20:08,316 tracker_1 0.8716 0.4890 -0.0336 0.0899 -0.0417 0.0056 -0.9991 -1.0605 -0.4884 0.8723 0.0253 -2.1587
2018-11-27 21:20:08,352 tracker_1 0.8703 0.4912 -0.0350 0.0922 -0.0430 0.0050 -0.9991 -1.0602 -0.4906 0.8710 0.0255 -2.1606
2018-11-27 21:20:08,386 tracker_1 0.8685 0.4944 -0.0351 0.0945 -0.0447 0.0077 -0.9990 -1.0606 -0.4936 0.8692 0.0288 -2.1639
2018-11-27 21:20:08,422 tracker_1 0.8671 0.4970 -0.0336 0.0968 -0.0427 0.0070 -0.9991 -1.0604 -0.4963 0.8677 0.0273 -2.1655
2018-11-27 21:20:08,455 tracker_1 0.8657 0.4993 -0.0344 0.1000 -0.0425 0.0047 -0.9991 -1.0603 -0.4987 0.8664 0.0253 -2.1668
2018-11-27 21:20:08,490 tracker_1 0.8641 0.5021 -0.0353 0.1037 -0.0442 0.0058 -0.9990 -1.0603 -0.5014 0.8648 0.0272 -2.1703
2018-11-27 21:20:08,529 tracker_1 0.8621 0.5056 -0.0345 0.1073 -0.0439 0.0067 -0.9990 -1.0604 -0.5049 0.8627 0.0280 -2.1732
2018-11-27 21:20:08,563 tracker_1 0.8600 0.5092 -0.0339 0.1109 -0.0428 0.0058 -0.9991 -1.0605 -0.5085 0.8606 0.0268 -2.1747
2018-11-27 21:20:08,598 tracker_1 0.8574 0.5134 -0.0355 0.1154 -0.0441 0.0046 -0.9990 -1.0607 -0.5127 0.8582 0.0266 -2.1767
2018-11-27 21:20:08,633 tracker_1 0.8545 0.5182 -0.0357 0.1193 -0.0450 0.0053 -0.9990 -1.0606 -0.5175 0.8552 0.0279 -2.1788
2018-11-27 21:20:08,668 tracker_1 0.8516 0.5230 -0.0357 0.1230 -0.0448 0.0047 -0.9990 -1.0606 -0.5223 0.8523 0.0274 -2.1801
2018-11-27 21:20:08,704 tracker_1 0.8491 0.5269 -0.0361 0.1265 -0.0451 0.0044 -0.9990 -1.0606 -0.5262 0.8499 0.0275 -2.1817
2018-11-27 21:20:08,738 tracker_1 0.8466 0.5311 -0.0362 0.1293 -0.0460 0.0051 -0.9989 -1.0605 -0.5303 0.8473 0.0288 -2.1832
2018-11-27 21:20:08,773 tracker_1 0.8437 0.5356 -0.0364 0.1318 -0.0462 0.0048 -0.9989 -1.0604 -0.5348 0.8445 0.0288 -2.1835
2018-11-27 21:20:08,808 tracker_1 0.8413 0.5393 -0.0362 0.1340 -0.0452 0.0036 -0.9990 -1.0607 -0.5386 0.8421 0.0274 -2.1840
2018-11-27 21:20:08,843 tracker_1 0.8393 0.5425 -0.0364 0.1358 -0.0466 0.0051 -0.9989 -1.0605 -0.5417 0.8400 0.0296 -2.1849
2018-11-27 21:20:08,879 tracker_1 0.8374 0.5454 -0.0354 0.1372 -0.0455 0.0051 -0.9989 -1.0610 -0.5446 0.8382 0.0291 -2.1852
2018-11-27 21:20:08,915 tracker_1 0.8360 0.5476 -0.0360 0.1385 -0.0454 0.0037 -0.9990 -1.0610 -0.5469 0.8367 0.0280 -2.1848
2018-11-27 21:20:08,948 tracker_1 0.8350 0.5490 -0.0364 0.1393 -0.0459 0.0035 -0.9989 -1.0608 -0.5483 0.8358 0.0281 -2.1844
2018-11-27 21:20:08,983 tracker_1 0.8343 0.5501 -0.0348 0.1392 -0.0451 0.0052 -0.9990 -1.0607 -0.5494 0.8351 0.0292 -2.1848
2018-11-27 21:20:09,019 tracker_1 0.8338 0.5509 -0.0347 0.1396 -0.0447 0.0047 -0.9990 -1.0606 -0.5502 0.8345 0.0286 -2.1844
2018-11-27 21:20:09,055 tracker_1 0.8334 0.5515 -0.0359 0.1404 -0.0456 0.0038 -0.9990 -1.0605 -0.5508 0.8342 0.0283 -2.1840
2018-11-27 21:20:09,089 tracker_1 0.8331 0.5519 -0.0360 0.1407 -0.0459 0.0041 -0.9989 -1.0608 -0.5511 0.8339 0.0287 -2.1846
2018-11-27 21:20:09,123 tracker_1 0.8331 0.5520 -0.0346 0.1404 -0.0451 0.0054 -0.9990 -1.0609 -0.5513 0.8338 0.0294 -2.1850
2018-11-27 21:20:09,159 tracker_1 0.8331 0.5520 -0.0352 0.1406 -0.0454 0.0048 -0.9990 -1.0609 -0.5512 0.8338 0.0291 -2.1847
2018-11-27 21:20:09,193 tracker_1 0.8330 0.5521 -0.0360 0.1409 -0.0460 0.0042 -0.9989 -1.0610 -0.5513 0.8338 0.0289 -2.1849
2018-11-27 21:20:09,230 tracker_1 0.8329 0.5522 -0.0358 0.1408 -0.0459 0.0044 -0.9989 -1.0610 -0.5515 0.8337 0.0290 -2.1850
2018-11-27 21:20:09,262 tracker_1 0.8330 0.5522 -0.0347 0.1404 -0.0449 0.0050 -0.9990 -1.0607 -0.5515 0.8337 0.0290 -2.1847
2018-11-27 21:20:09,300 tracker_1 0.8328 0.5524 -0.0349 0.1404 -0.0452 0.0050 -0.9990 -1.0608 -0.5517 0.8336 0.0291 -2.1846
2018-11-27 21:20:09,333 tracker_1 0.8331 0.5520 -0.0356 0.1408 -0.0456 0.0044 -0.9990 -1.0605 -0.5512 0.8339 0.0288 -2.1844
2018-11-27 21:20:09,368 tracker_1 0.8331 0.5521 -0.0352 0.1407 -0.0452 0.0045 -0.9990 -1.0607 -0.5513 0.8338 0.0287 -2.1845
2018-11-27 21:20:09,401 tracker_1 0.8331 0.5521 -0.0346 0.1403 -0.0451 0.0055 -0.9990 -1.0607 -0.5513 0.8338 0.0294 -2.1849
2018-11-27 21:20:09,436 tracker_1 0.8330 0.5522 -0.0344 0.1403 -0.0447 0.0052 -0.9990 -1.0605 -0.5514 0.8337 0.0290 -2.1845
2018-11-27 21:20:09,472 tracker_1 0.8329 0.5524 -0.0348 0.1403 -0.0449 0.0047 -0.9990 -1.0606 -0.5517 0.8336 0.0287 -2.1845
2018-11-27 21:20:09,506 tracker_1 0.8329 0.5524 -0.0342 0.1401 -0.0444 0.0051 -0.9990 -1.0606 -0.5516 0.8336 0.0288 -2.1844
2018-11-27 21:20:09,541 tracker_1 0.8329 0.5524 -0.0342 0.1401 -0.0445 0.0052 -0.9990 -1.0608 -0.5516 0.8336 0.0290 -2.1846
2018-11-27 21:20:09,576 tracker_1 0.8328 0.5525 -0.0341 0.1400 -0.0440 0.0045 -0.9990 -1.0605 -0.5518 0.8335 0.0281 -2.1842
2018-11-27 21:20:09,611 tracker_1 0.8328 0.5524 -0.0344 0.1399 -0.0442 0.0043 -0.9990 -1.0603 -0.5517 0.8335 0.0280 -2.1841
2018-11-27 21:20:09,647 tracker_1 0.8329 0.5524 -0.0341 0.1397 -0.0441 0.0047 -0.9990 -1.0603 -0.5517 0.8336 0.0283 -2.1840
2018-11-27 21:20:09,681 tracker_1 0.8328 0.5525 -0.0340 0.1396 -0.0439 0.0047 -0.9990 -1.0604 -0.5518 0.8335 0.0282 -2.1838
2018-11-27 21:20:09,717 tracker_1 0.8328 0.5525 -0.0341 0.1396 -0.0438 0.0045 -0.9990 -1.0607 -0.5518 0.8335 0.0279 -2.1836
2018-11-27 21:20:09,751 tracker_1 0.8329 0.5524 -0.0340 0.1396 -0.0437 0.0044 -0.9990 -1.0606 -0.5517 0.8336 0.0278 -2.1833
2018-11-27 21:20:09,788 tracker_1 0.8329 0.5523 -0.0340 0.1397 -0.0439 0.0047 -0.9990 -1.0605 -0.5516 0.8336 0.0282 -2.1828
2018-11-27 21:20:09,822 tracker_1 0.8329 0.5523 -0.0348 0.1399 -0.0438 0.0032 -0.9990 -1.0604 -0.5517 0.8336 0.0269 -2.1816
2018-11-27 21:20:09,857 tracker_1 0.8330 0.5522 -0.0349 0.1400 -0.0433 0.0021 -0.9991 -1.0602 -0.5516 0.8337 0.0256 -2.1801
2018-11-27 21:20:09,892 tracker_1 0.8331 0.5521 -0.0346 0.1398 -0.0430 0.0023 -0.9991 -1.0601 -0.5515 0.8338 0.0256 -2.1795
2018-11-27 21:20:09,927 tracker_1 0.8330 0.5522 -0.0342 0.1397 -0.0431 0.0031 -0.9991 -1.0603 -0.5516 0.8337 0.0264 -2.1799
2018-11-27 21:20:09,962 tracker_1 0.8329 0.5523 -0.0343 0.1395 -0.0435 0.0035 -0.9990 -1.0603 -0.5517 0.8336 0.0269 -2.1800
2018-11-27 21:20:09,998 tracker_1 0.8331 0.5521 -0.0345 0.1396 -0.0432 0.0029 -0.9991 -1.0603 -0.5515 0.8338 0.0263 -2.1798
2018-11-27 21:20:10,033 tracker_1 0.8331 0.5521 -0.0349 0.1400 -0.0434 0.0024 -0.9991 -1.0604 -0.5515 0.8338 0.0260 -2.1796
2018-11-27 21:20:10,067 tracker_1 0.8331 0.5521 -0.0345 0.1399 -0.0436 0.0034 -0.9990 -1.0603 -0.5515 0.8338 0.0269 -2.1800
2018-11-27 21:20:10,103 tracker_1 0.8333 0.5519 -0.0336 0.1394 -0.0427 0.0037 -0.9991 -1.0602 -0.5512 0.8339 0.0266 -2.1797
2018-11-27 21:20:10,137 tracker_1 0.8332 0.5519 -0.0340 0.1396 -0.0427 0.0030 -0.9991 -1.0602 -0.5512 0.8339 0.0261 -2.1794
2018-11-27 21:20:10,173 tracker_1 0.8331 0.5520 -0.0342 0.1397 -0.0431 0.0032 -0.9991 -1.0601 -0.5514 0.8338 0.0265 -2.1793
2018-11-27 21:20:10,207 tracker_1 0.8330 0.5522 -0.0339 0.1395 -0.0428 0.0032 -0.9991 -1.0602 -0.5516 0.8337 0.0263 -2.1790
2018-11-27 21:20:10,242 tracker_1 0.8331 0.5521 -0.0342 0.1396 -0.0429 0.0028 -0.9991 -1.0603 -0.5515 0.8338 0.0260 -2.1790
2018-11-27 21:20:10,278 tracker_1 0.8329 0.5524 -0.0347 0.1397 -0.0435 0.0029 -0.9990 -1.0606 -0.5517 0.8336 0.0265 -2.1791
2018-11-27 21:20:10,312 tracker_1 0.8329 0.5524 -0.0343 0.1396 -0.0430 0.0029 -0.9991 -1.0601 -0.5518 0.8336 0.0262 -2.1787
2018-11-27 21:20:10,347 tracker_1 0.8327 0.5528 -0.0340 0.1394 -0.0428 0.0030 -0.9991 -1.0600 -0.5521 0.8333 0.0261 -2.1784
2018-11-27 21:20:10,381 tracker_1 0.8326 0.5528 -0.0344 0.1397 -0.0433 0.0030 -0.9991 -1.0601 -0.5522 0.8333 0.0264 -2.1786
2018-11-27 21:20:10,417 tracker_1 0.8325 0.5529 -0.0352 0.1400 -0.0436 0.0021 -0.9990 -1.0601 -0.5523 0.8332 0.0258 -2.1781
2018-11-27 21:20:10,451 tracker_1 0.8325 0.5529 -0.0347 0.1399 -0.0431 0.0023 -0.9991 -1.0600 -0.5523 0.8333 0.0257 -2.1781
2018-11-27 21:20:10,486 tracker_1 0.8326 0.5528 -0.0338 0.1396 -0.0430 0.0038 -0.9991 -1.0604 -0.5522 0.8333 0.0269 -2.1788
2018-11-27 21:20:10,521 tracker_1 0.8327 0.5527 -0.0336 0.1397 -0.0429 0.0039 -0.9991 -1.0604 -0.5520 0.8334 0.0270 -2.1789
2018-11-27 21:20:10,556 tracker_1 0.8327 0.5527 -0.0343 0.1399 -0.0428 0.0024 -0.9991 -1.0604 -0.5521 0.8334 0.0256 -2.1786
2018-11-27 21:20:10,591 tracker_1 0.8327 0.5527 -0.0348 0.1400 -0.0434 0.0025 -0.9991 -1.0604 -0.5521 0.8334 0.0261 -2.1788
2018-11-27 21:20:10,626 tracker_1 0.8324 0.5531 -0.0338 0.1398 -0.0433 0.0041 -0.9991 -1.0603 -0.5524 0.8331 0.0274 -2.1786
2018-11-27 21:20:10,660 tracker_1 0.8324 0.5532 -0.0329 0.1399 -0.0416 0.0032 -0.9991 -1.0602 -0.5526 0.8331 0.0257 -2.1776
2018-11-27 21:20:10,695 tracker_1 0.8326 0.5528 -0.0345 0.1406 -0.0421 0.0010 -0.9991 -1.0604 -0.5523 0.8333 0.0241 -2.1771
2018-11-27 21:20:10,730 tracker_1 0.8327 0.5526 -0.0346 0.1409 -0.0432 0.0024 -0.9991 -1.0601 -0.5520 0.8334 0.0258 -2.1771
2018-11-27 21:20:10,764 tracker_1 0.8328 0.5526 -0.0344 0.1409 -0.0435 0.0035 -0.9990 -1.0599 -0.5519 0.8335 0.0270 -2.1763
2018-11-27 21:20:10,799 tracker_1 0.8327 0.5527 -0.0340 0.1408 -0.0416 0.0013 -0.9991 -1.0599 -0.5522 0.8334 0.0241 -2.1736
2018-11-27 21:20:10,834 tracker_1 0.8325 0.5528 -0.0353 0.1414 -0.0420 -0.0005 -0.9991 -1.0596 -0.5524 0.8333 0.0228 -2.1709
2018-11-27 21:20:10,868 tracker_1 0.8324 0.5531 -0.0352 0.1415 -0.0424 0.0001 -0.9991 -1.0592 -0.5526 0.8331 0.0236 -2.1679
2018-11-27 21:20:10,903 tracker_1 0.8322 0.5534 -0.0345 0.1412 -0.0398 -0.0025 -0.9992 -1.0586 -0.5531 0.8329 0.0200 -2.1626
2018-11-27 21:20:10,938 tracker_1 0.8319 0.5538 -0.0350 0.1417 -0.0371 -0.0074 -0.9993 -1.0577 -0.5536 0.8326 0.0144 -2.1565
2018-11-27 21:20:10,973 tracker_1 0.8321 0.5536 -0.0343 0.1420 -0.0337 -0.0114 -0.9994 -1.0563 -0.5536 0.8327 0.0092 -2.1502
2018-11-27 21:20:11,008 tracker_1 0.8322 0.5535 -0.0338 0.1425 -0.0290 -0.0173 -0.9994 -1.0549 -0.5537 0.8327 0.0016 -2.1429
2018-11-27 21:20:11,043 tracker_1 0.8325 0.5530 -0.0339 0.1440 -0.0249 -0.0237 -0.9994 -1.0535 -0.5534 0.8329 -0.0059 -2.1358
2018-11-27 21:20:11,077 tracker_1 0.8328 0.5524 -0.0350 0.1460 -0.0224 -0.0295 -0.9993 -1.0527 -0.5531 0.8331 -0.0122 -2.1297
2018-11-27 21:20:11,112 tracker_1 0.8336 0.5511 -0.0365 0.1483 -0.0222 -0.0326 -0.9992 -1.0522 -0.5519 0.8338 -0.0150 -2.1257
2018-11-27 21:20:11,147 tracker_1 0.8350 0.5490 -0.0369 0.1503 -0.0220 -0.0338 -0.9992 -1.0519 -0.5498 0.8351 -0.0161 -2.1226
2018-11-27 21:20:11,182 tracker_1 0.8367 0.5465 -0.0360 0.1521 -0.0211 -0.0334 -0.9992 -1.0514 -0.5473 0.8368 -0.0164 -2.1198
2018-11-27 21:20:11,217 tracker_1 0.8382 0.5441 -0.0366 0.1547 -0.0211 -0.0348 -0.9992 -1.0504 -0.5449 0.8383 -0.0178 -2.1165
2018-11-27 21:20:11,252 tracker_1 0.8391 0.5425 -0.0396 0.1584 -0.0210 -0.0403 -0.9990 -1.0488 -0.5436 0.8391 -0.0224 -2.1116
2018-11-27 21:20:11,287 tracker_1 0.8391 0.5423 -0.0432 0.1630 -0.0200 -0.0487 -0.9986 -1.0458 -0.5436 0.8388 -0.0301 -2.1050
2018-11-27 21:20:11,323 tracker_1 0.8379 0.5435 -0.0492 0.1691 -0.0211 -0.0578 -0.9981 -1.0421 -0.5454 0.8374 -0.0370 -2.0976
2018-11-27 21:20:11,358 tracker_1 0.8360 0.5456 -0.0586 0.1769 -0.0234 -0.0713 -0.9972 -1.0386 -0.5483 0.8350 -0.0468 -2.0883
2018-11-27 21:20:11,392 tracker_1 0.8338 0.5480 -0.0671 0.1844 -0.0236 -0.0861 -0.9960 -1.0353 -0.5516 0.8320 -0.0589 -2.0776
2018-11-27 21:20:11,428 tracker_1 0.8320 0.5498 -0.0740 0.1914 -0.0242 -0.0973 -0.9950 -1.0317 -0.5542 0.8296 -0.0676 -2.0677
2018-11-27 21:20:11,461 tracker_1 0.8310 0.5505 -0.0797 0.1987 -0.0253 -0.1057 -0.9941 -1.0281 -0.5557 0.8281 -0.0739 -2.0588
2018-11-27 21:20:11,496 tracker_1 0.8303 0.5503 -0.0886 0.2078 -0.0271 -0.1190 -0.9925 -1.0244 -0.5567 0.8265 -0.0839 -2.0476
2018-11-27 21:20:11,531 tracker_1 0.8300 0.5491 -0.0977 0.2175 -0.0284 -0.1333 -0.9907 -1.0211 -0.5570 0.8250 -0.0951 -2.0365
2018-11-27 21:20:11,566 tracker_1 0.8297 0.5482 -0.1054 0.2271 -0.0300 -0.1448 -0.9890 -1.0180 -0.5575 0.8237 -0.1037 -2.0265
2018-11-27 21:20:11,601 tracker_1 0.8289 0.5471 -0.1169 0.2380 -0.0353 -0.1574 -0.9869 -1.0153 -0.5583 0.8222 -0.1111 -2.0172
2018-11-27 21:20:11,636 tracker_1 0.8284 0.5457 -0.1262 0.2473 -0.0364 -0.1723 -0.9844 -1.0127 -0.5589 0.8201 -0.1229 -2.0062
2018-11-27 21:20:11,671 tracker_1 0.8282 0.5453 -0.1298 0.2545 -0.0342 -0.1820 -0.9827 -1.0101 -0.5595 0.8183 -0.1321 -1.9962
2018-11-27 21:20:11,706 tracker_1 0.8278 0.5432 -0.1405 0.2653 -0.0398 -0.1929 -0.9804 -1.0077 -0.5597 0.8171 -0.1380 -1.9894
2018-11-27 21:20:11,741 tracker_1 0.8266 0.5429 -0.1482 0.2723 -0.0428 -0.2019 -0.9785 -1.0059 -0.5612 0.8151 -0.1436 -1.9824
2018-11-27 21:20:11,776 tracker_1 0.8256 0.5435 -0.1516 0.2766 -0.0413 -0.2097 -0.9769 -1.0042 -0.5627 0.8128 -0.1507 -1.9735
2018-11-27 21:20:11,811 tracker_1 0.8243 0.5437 -0.1579 0.2825 -0.0436 -0.2171 -0.9752 -1.0027 -0.5644 0.8107 -0.1552 -1.9668
2018-11-27 21:20:11,845 tracker_1 0.8231 0.5437 -0.1639 0.2880 -0.0458 -0.2242 -0.9735 -1.0014 -0.5661 0.8087 -0.1597 -1.9609
2018-11-27 21:20:11,880 tracker_1 0.8225 0.5437 -0.1667 0.2916 -0.0445 -0.2306 -0.9720 -1.0006 -0.5670 0.8070 -0.1655 -1.9549
2018-11-27 21:20:11,915 tracker_1 0.8219 0.5436 -0.1705 0.2959 -0.0454 -0.2358 -0.9707 -1.0000 -0.5679 0.8056 -0.1691 -1.9505
2018-11-27 21:20:11,950 tracker_1 0.8212 0.5430 -0.1753 0.3000 -0.0484 -0.2398 -0.9696 -0.9993 -0.5686 0.8048 -0.1706 -1.9479
2018-11-27 21:20:11,985 tracker_1 0.8212 0.5425 -0.1768 0.3022 -0.0490 -0.2416 -0.9691 -0.9991 -0.5685 0.8046 -0.1718 -1.9462
2018-11-27 21:20:12,020 tracker_1 0.8216 0.5423 -0.1760 0.3027 -0.0484 -0.2413 -0.9693 -0.9988 -0.5680 0.8048 -0.1720 -1.9450
2018-11-27 21:20:12,054 tracker_1 0.8215 0.5421 -0.1767 0.3035 -0.0500 -0.2403 -0.9694 -0.9986 -0.5680 0.8052 -0.1703 -1.9451
2018-11-27 21:20:12,089 tracker_1 0.8221 0.5419 -0.1749 0.3034 -0.0476 -0.2406 -0.9695 -0.9973 -0.5674 0.8053 -0.1720 -1.9432
2018-11-27 21:20:12,124 tracker_1 0.8227 0.5411 -0.1744 0.3036 -0.0478 -0.2399 -0.9696 -0.9985 -0.5665 0.8060 -0.1715 -1.9449
2018-11-27 21:20:12,159 tracker_1 0.8226 0.5413 -0.1745 0.3034 -0.0483 -0.2391 -0.9698 -0.9989 -0.5666 0.8061 -0.1705 -1.9462
2018-11-27 21:20:12,193 tracker_1 0.8227 0.5414 -0.1737 0.3023 -0.0487 -0.2373 -0.9702 -0.9993 -0.5664 0.8066 -0.1688 -1.9481
2018-11-27 21:20:12,228 tracker_1 0.8230 0.5415 -0.1715 0.3003 -0.0478 -0.2348 -0.9709 -0.9996 -0.5660 0.8072 -0.1673 -1.9499
2018-11-27 21:20:12,263 tracker_1 0.8243 0.5412 -0.1663 0.2978 -0.0430 -0.2329 -0.9715 -0.9976 -0.5646 0.8080 -0.1687 -1.9492
2018-11-27 21:20:12,298 tracker_1 0.8243 0.5415 -0.1650 0.2958 -0.0446 -0.2285 -0.9725 -0.9978 -0.5644 0.8090 -0.1642 -1.9513
2018-11-27 21:20:12,333 tracker_1 0.8245 0.5418 -0.1631 0.2937 -0.0466 -0.2223 -0.9739 -1.0007 -0.5639 0.8106 -0.1580 -1.9585
2018-11-27 21:20:12,368 tracker_1 0.8245 0.5421 -0.1623 0.2919 -0.0480 -0.2187 -0.9746 -1.0015 -0.5638 0.8114 -0.1543 -1.9626
2018-11-27 21:20:12,402 tracker_1 0.8236 0.5445 -0.1588 0.2889 -0.0472 -0.2133 -0.9759 -1.0028 -0.5653 0.8112 -0.1499 -1.9670
2018-11-27 21:20:12,438 tracker_1 0.8211 0.5489 -0.1565 0.2849 -0.0461 -0.2094 -0.9767 -1.0034 -0.5689 0.8092 -0.1467 -1.9692
2018-11-27 21:20:12,474 tracker_1 0.8179 0.5542 -0.1546 0.2813 -0.0453 -0.2059 -0.9775 -1.0041 -0.5736 0.8065 -0.1433 -1.9712
2018-11-27 21:20:12,507 tracker_1 0.8142 0.5600 -0.1531 0.2781 -0.0451 -0.2018 -0.9784 -1.0046 -0.5788 0.8035 -0.1390 -1.9732
2018-11-27 21:20:12,543 tracker_1 0.8104 0.5663 -0.1503 0.2747 -0.0441 -0.1968 -0.9795 -1.0050 -0.5842 0.8004 -0.1345 -1.9753
2018-11-27 21:20:12,577 tracker_1 0.8067 0.5719 -0.1488 0.2718 -0.0437 -0.1934 -0.9801 -1.0055 -0.5893 0.7972 -0.1310 -1.9761
2018-11-27 21:20:12,611 tracker_1 0.8031 0.5768 -0.1497 0.2707 -0.0452 -0.1915 -0.9805 -1.0054 -0.5942 0.7941 -0.1277 -1.9764
2018-11-27 21:20:12,646 tracker_1 0.7996 0.5811 -0.1518 0.2696 -0.0484 -0.1896 -0.9807 -1.0055 -0.5986 0.7915 -0.1235 -1.9766
2018-11-27 21:20:12,681 tracker_1 0.7966 0.5854 -0.1509 0.2672 -0.0502 -0.1847 -0.9815 -1.0062 -0.6025 0.7894 -0.1177 -1.9771
2018-11-27 21:20:12,716 tracker_1 0.7935 0.5908 -0.1461 0.2642 -0.0479 -0.1788 -0.9827 -1.0061 -0.6067 0.7868 -0.1135 -1.9757
2018-11-27 21:20:12,751 tracker_1 0.7893 0.5972 -0.1428 0.2635 -0.0438 -0.1772 -0.9832 -1.0061 -0.6125 0.7823 -0.1138 -1.9719
2018-11-27 21:20:12,786 tracker_1 0.7828 0.6044 -0.1482 0.2675 -0.0455 -0.1820 -0.9823 -1.0059 -0.6206 0.7757 -0.1149 -1.9677
2018-11-27 21:20:12,821 tracker_1 0.7753 0.6116 -0.1578 0.2737 -0.0518 -0.1874 -0.9809 -1.0064 -0.6295 0.7686 -0.1136 -1.9646
2018-11-27 21:20:12,856 tracker_1 0.7681 0.6196 -0.1619 0.2781 -0.0539 -0.1894 -0.9804 -1.0063 -0.6381 0.7617 -0.1121 -1.9619
2018-11-27 21:20:12,891 tracker_1 0.7609 0.6288 -0.1598 0.2806 -0.0512 -0.1873 -0.9810 -1.0065 -0.6468 0.7546 -0.1103 -1.9601
2018-11-27 21:20:12,926 tracker_1 0.7526 0.6379 -0.1632 0.2853 -0.0543 -0.1868 -0.9809 -1.0066 -0.6562 0.7471 -0.1059 -1.9593
2018-11-27 21:20:12,961 tracker_1 0.7440 0.6463 -0.1697 0.2910 -0.0596 -0.1888 -0.9802 -1.0065 -0.6656 0.7394 -0.1019 -1.9581
2018-11-27 21:20:12,995 tracker_1 0.7364 0.6541 -0.1729 0.2953 -0.0593 -0.1921 -0.9796 -1.0058 -0.6739 0.7316 -0.1027 -1.9550
2018-11-27 21:20:13,030 tracker_1 0.7288 0.6625 -0.1727 0.2981 -0.0579 -0.1918 -0.9797 -1.0056 -0.6822 0.7241 -0.1014 -1.9536
2018-11-27 21:20:13,065 tracker_1 0.7201 0.6712 -0.1758 0.3018 -0.0597 -0.1924 -0.9795 -1.0050 -0.6912 0.7159 -0.0985 -1.9523
2018-11-27 21:20:13,100 tracker_1 0.7118 0.6790 -0.1798 0.3059 -0.0620 -0.1943 -0.9790 -1.0051 -0.6996 0.7080 -0.0963 -1.9514
2018-11-27 21:20:13,135 tracker_1 0.7043 0.6864 -0.1810 0.3087 -0.0614 -0.1951 -0.9789 -1.0050 -0.7072 0.7005 -0.0952 -1.9502
2018-11-27 21:20:13,170 tracker_1 0.6971 0.6933 -0.1825 0.3114 -0.0619 -0.1955 -0.9788 -1.0049 -0.7143 0.6936 -0.0934 -1.9500
2018-11-27 21:20:13,205 tracker_1 0.6902 0.6998 -0.1838 0.3135 -0.0638 -0.1942 -0.9789 -1.0048 -0.7208 0.6874 -0.0894 -1.9506
2018-11-27 21:20:13,240 tracker_1 0.6845 0.7058 -0.1822 0.3141 -0.0626 -0.1921 -0.9794 -1.0042 -0.7263 0.6818 -0.0873 -1.9503
2018-11-27 21:20:13,275 tracker_1 0.6795 0.7109 -0.1813 0.3147 -0.0610 -0.1916 -0.9796 -1.0040 -0.7311 0.6767 -0.0868 -1.9495
2018-11-27 21:20:13,309 tracker_1 0.6743 0.7156 -0.1824 0.3163 -0.0610 -0.1922 -0.9795 -1.0038 -0.7359 0.6716 -0.0859 -1.9488
2018-11-27 21:20:13,345 tracker_1 0.6692 0.7199 -0.1842 0.3183 -0.0607 -0.1941 -0.9791 -1.0034 -0.7406 0.6664 -0.0862 -1.9478
2018-11-27 21:20:13,380 tracker_1 0.6646 0.7234 -0.1874 0.3204 -0.0602 -0.1982 -0.9783 -1.0030 -0.7448 0.6614 -0.0882 -1.9462
2018-11-27 21:20:13,415 tracker_1 0.6605 0.7262 -0.1909 0.3222 -0.0605 -0.2019 -0.9775 -1.0027 -0.7484 0.6572 -0.0895 -1.9454
2018-11-27 21:20:13,450 tracker_1 0.6569 0.7291 -0.1919 0.3232 -0.0608 -0.2025 -0.9774 -1.0021 -0.7515 0.6537 -0.0887 -1.9452
2018-11-27 21:20:13,484 tracker_1 0.6539 0.7317 -0.1922 0.3237 -0.0603 -0.2028 -0.9774 -1.0018 -0.7541 0.6507 -0.0885 -1.9452
2018-11-27 21:20:13,519 tracker_1 0.6518 0.7335 -0.1927 0.3242 -0.0596 -0.2037 -0.9772 -1.0016 -0.7560 0.6484 -0.0890 -1.9450
2018-11-27 21:20:13,554 tracker_1 0.6504 0.7348 -0.1925 0.3245 -0.0594 -0.2035 -0.9773 -1.0016 -0.7572 0.6471 -0.0888 -1.9455
2018-11-27 21:20:13,589 tracker_1 0.6498 0.7355 -0.1921 0.3246 -0.0604 -0.2019 -0.9775 -1.0019 -0.7577 0.6468 -0.0868 -1.9466
2018-11-27 21:20:13,624 tracker_1 0.6498 0.7356 -0.1914 0.3248 -0.0606 -0.2008 -0.9777 -1.0018 -0.7577 0.6470 -0.0859 -1.9473
2018-11-27 21:20:13,659 tracker_1 0.6495 0.7357 -0.1919 0.3257 -0.0606 -0.2015 -0.9776 -1.0019 -0.7579 0.6466 -0.0863 -1.9476
2018-11-27 21:20:13,694 tracker_1 0.6492 0.7358 -0.1927 0.3271 -0.0614 -0.2018 -0.9775 -1.0022 -0.7582 0.6464 -0.0858 -1.9482
2018-11-27 21:20:13,729 tracker_1 0.6487 0.7361 -0.1933 0.3286 -0.0623 -0.2018 -0.9775 -1.0022 -0.7585 0.6461 -0.0850 -1.9488
2018-11-27 21:20:13,764 tracker_1 0.6483 0.7359 -0.1952 0.3308 -0.0636 -0.2032 -0.9771 -1.0022 -0.7587 0.6459 -0.0850 -1.9488
2018-11-27 21:20:13,799 tracker_1 0.6479 0.7356 -0.1976 0.3330 -0.0647 -0.2054 -0.9765 -1.0024 -0.7590 0.6455 -0.0855 -1.9487
2018-11-27 21:20:13,834 tracker_1 0.6480 0.7352 -0.1988 0.3348 -0.0655 -0.2063 -0.9763 -1.0023 -0.7588 0.6457 -0.0855 -1.9486
2018-11-27 21:20:13,868 tracker_1 0.6483 0.7347 -0.1999 0.3367 -0.0667 -0.2067 -0.9761 -1.0024 -0.7584 0.6462 -0.0851 -1.9489
2018-11-27 21:20:13,903 tracker_1 0.6488 0.7337 -0.2018 0.3387 -0.0674 -0.2087 -0.9757 -1.0025 -0.7580 0.6466 -0.0859 -1.9485
2018-11-27 21:20:13,938 tracker_1 0.6494 0.7329 -0.2031 0.3403 -0.0676 -0.2104 -0.9753 -1.0025 -0.7575 0.6470 -0.0871 -1.9481
2018-11-27 21:20:13,973 tracker_1 0.6498 0.7324 -0.2035 0.3419 -0.0685 -0.2102 -0.9752 -1.0025 -0.7570 0.6476 -0.0864 -1.9483
2018-11-27 21:20:14,008 tracker_1 0.6498 0.7320 -0.2047 0.3434 -0.0702 -0.2103 -0.9751 -1.0025 -0.7569 0.6480 -0.0853 -1.9483
2018-11-27 21:20:14,043 tracker_1 0.6505 0.7311 -0.2059 0.3449 -0.0693 -0.2129 -0.9746 -1.0023 -0.7564 0.6482 -0.0878 -1.9467
2018-11-27 21:20:14,078 tracker_1 0.6508 0.7304 -0.2074 0.3464 -0.0686 -0.2154 -0.9741 -1.0020 -0.7562 0.6481 -0.0901 -1.9454
2018-11-27 21:20:14,113 tracker_1 0.6506 0.7303 -0.2082 0.3474 -0.0702 -0.2151 -0.9741 -1.0021 -0.7561 0.6484 -0.0887 -1.9460
2018-11-27 21:20:14,148 tracker_1 0.6507 0.7302 -0.2082 0.3477 -0.0707 -0.2148 -0.9741 -1.0020 -0.7560 0.6486 -0.0881 -1.9459
2018-11-27 21:20:14,183 tracker_1 0.6507 0.7301 -0.2086 0.3478 -0.0699 -0.2159 -0.9739 -1.0018 -0.7561 0.6483 -0.0895 -1.9451
2018-11-27 21:20:14,218 tracker_1 0.6511 0.7298 -0.2087 0.3475 -0.0696 -0.2164 -0.9738 -1.0020 -0.7558 0.6485 -0.0901 -1.9453
2018-11-27 21:20:14,252 tracker_1 0.6515 0.7297 -0.2075 0.3463 -0.0702 -0.2144 -0.9742 -1.0022 -0.7554 0.6492 -0.0885 -1.9464
2018-11-27 21:20:14,287 tracker_1 0.6527 0.7293 -0.2053 0.3442 -0.0694 -0.2122 -0.9748 -1.0026 -0.7544 0.6505 -0.0879 -1.9479
2018-11-27 21:20:14,322 tracker_1 0.6551 0.7279 -0.2025 0.3417 -0.0674 -0.2107 -0.9752 -1.0032 -0.7526 0.6525 -0.0890 -1.9494
2018-11-27 21:20:14,357 tracker_1 0.6580 0.7260 -0.1997 0.3386 -0.0664 -0.2083 -0.9758 -1.0038 -0.7501 0.6553 -0.0889 -1.9521
2018-11-27 21:20:14,392 tracker_1 0.6620 0.7241 -0.1933 0.3334 -0.0632 -0.2031 -0.9771 -1.0045 -0.7468 0.6591 -0.0887 -1.9556
2018-11-27 21:20:14,427 tracker_1 0.6668 0.7218 -0.1857 0.3274 -0.0585 -0.1977 -0.9785 -1.0055 -0.7430 0.6633 -0.0896 -1.9592
2018-11-27 21:20:14,462 tracker_1 0.6716 0.7190 -0.1790 0.3218 -0.0550 -0.1926 -0.9797 -1.0067 -0.7389 0.6678 -0.0898 -1.9639
2018-11-27 21:20:14,497 tracker_1 0.6767 0.7158 -0.1725 0.3156 -0.0536 -0.1857 -0.9811 -1.0090 -0.7343 0.6731 -0.0873 -1.9701
2018-11-27 21:20:14,532 tracker_1 0.6821 0.7127 -0.1637 0.3081 -0.0517 -0.1763 -0.9830 -1.0110 -0.7294 0.6789 -0.0835 -1.9772
2018-11-27 21:20:14,567 tracker_1 0.6885 0.7089 -0.1529 0.2993 -0.0478 -0.1660 -0.9850 -1.0130 -0.7237 0.6855 -0.0804 -1.9843
2018-11-27 21:20:14,601 tracker_1 0.6950 0.7049 -0.1416 0.2901 -0.0442 -0.1548 -0.9870 -1.0154 -0.7177 0.6922 -0.0764 -1.9923
2018-11-27 21:20:14,636 tracker_1 0.7008 0.7011 -0.1318 0.2810 -0.0438 -0.1421 -0.9889 -1.0183 -0.7121 0.6987 -0.0689 -2.0017
2018-11-27 21:20:14,672 tracker_1 0.7064 0.6974 -0.1211 0.2709 -0.0414 -0.1301 -0.9906 -1.0209 -0.7066 0.7048 -0.0631 -2.0098
2018-11-27 21:20:14,707 tracker_1 0.7121 0.6936 -0.1088 0.2600 -0.0348 -0.1199 -0.9922 -1.0232 -0.7012 0.7103 -0.0612 -2.0148
2018-11-27 21:20:14,742 tracker_1 0.7169 0.6901 -0.0988 0.2501 -0.0294 -0.1117 -0.9933 -1.0252 -0.6965 0.7150 -0.0598 -2.0199
2018-11-27 21:20:14,777 tracker_1 0.7212 0.6870 -0.0886 0.2408 -0.0242 -0.1029 -0.9944 -1.0267 -0.6923 0.7193 -0.0576 -2.0246
2018-11-27 21:20:14,812 tracker_1 0.7252 0.6840 -0.0790 0.2327 -0.0172 -0.0966 -0.9952 -1.0283 -0.6883 0.7231 -0.0583 -2.0270
2018-11-27 21:20:14,846 tracker_1 0.7286 0.6811 -0.0723 0.2263 -0.0123 -0.0926 -0.9956 -1.0298 -0.6848 0.7263 -0.0591 -2.0296
2018-11-27 21:20:14,881 tracker_1 0.7325 0.6776 -0.0663 0.2201 -0.0097 -0.0870 -0.9962 -1.0313 -0.6807 0.7303 -0.0572 -2.0335
2018-11-27 21:20:14,916 tracker_1 0.7375 0.6729 -0.0565 0.2127 -0.0039 -0.0794 -0.9968 -1.0330 -0.6753 0.7354 -0.0559 -2.0374
2018-11-27 21:20:14,951 tracker_1 0.7438 0.6668 -0.0468 0.2060 0.0025 -0.0728 -0.9973 -1.0345 -0.6684 0.7417 -0.0558 -2.0414
2018-11-27 21:20:14,987 tracker_1 0.7512 0.6588 -0.0407 0.2009 0.0057 -0.0682 -0.9977 -1.0361 -0.6600 0.7493 -0.0550 -2.0463
2018-11-27 21:20:15,021 tracker_1 0.7592 0.6501 -0.0323 0.1957 0.0106 -0.0619 -0.9980 -1.0377 -0.6508 0.7573 -0.0539 -2.0519
2018-11-27 21:20:15,056 tracker_1 0.7673 0.6409 -0.0235 0.1911 0.0149 -0.0544 -0.9984 -1.0394 -0.6411 0.7657 -0.0513 -2.0582
2018-11-27 21:20:15,091 tracker_1 0.7744 0.6325 -0.0182 0.1886 0.0171 -0.0496 -0.9986 -1.0410 -0.6325 0.7730 -0.0492 -2.0637
2018-11-27 21:20:15,125 tracker_1 0.7812 0.6241 -0.0110 0.1871 0.0235 -0.0471 -0.9986 -1.0407 -0.6238 0.7799 -0.0514 -2.0676
2018-11-27 21:20:15,160 tracker_1 0.7885 0.6148 -0.0155 0.1912 0.0197 -0.0505 -0.9985 -1.0407 -0.6147 0.7871 -0.0519 -2.0718
2018-11-27 21:20:15,195 tracker_1 0.7959 0.6051 -0.0202 0.1938 0.0152 -0.0533 -0.9985 -1.0393 -0.6052 0.7944 -0.0517 -2.0754
2018-11-27 21:20:15,230 tracker_1 0.8034 0.5954 -0.0099 0.1923 0.0264 -0.0523 -0.9983 -1.0396 -0.5949 0.8017 -0.0578 -2.0773
2018-11-27 21:20:15,265 tracker_1 0.8107 0.5853 -0.0084 0.1944 0.0286 -0.0540 -0.9981 -1.0382 -0.5847 0.8090 -0.0605 -2.0796
2018-11-27 21:20:15,300 tracker_1 0.8182 0.5749 -0.0103 0.1976 0.0280 -0.0577 -0.9979 -1.0372 -0.5743 0.8162 -0.0633 -2.0819
2018-11-27 21:20:15,335 tracker_1 0.8259 0.5638 -0.0044 0.1985 0.0352 -0.0594 -0.9976 -1.0362 -0.5627 0.8238 -0.0689 -2.0837
2018-11-27 21:20:15,369 tracker_1 0.8333 0.5528 -0.0027 0.2016 0.0362 -0.0595 -0.9976 -1.0348 -0.5517 0.8312 -0.0696 -2.0874
2018-11-27 21:20:15,404 tracker_1 0.8401 0.5424 -0.0056 0.2061 0.0321 -0.0601 -0.9977 -1.0347 -0.5415 0.8380 -0.0679 -2.0917
2018-11-27 21:20:15,439 tracker_1 0.8465 0.5323 -0.0002 0.2077 0.0377 -0.0604 -0.9975 -1.0351 -0.5310 0.8444 -0.0712 -2.0941
2018-11-27 21:20:15,474 tracker_1 0.8529 0.5221 0.0023 0.2097 0.0391 -0.0594 -0.9975 -1.0358 -0.5207 0.8508 -0.0711 -2.0982
2018-11-27 21:20:15,509 tracker_1 0.8592 0.5116 0.0049 0.2124 0.0392 -0.0562 -0.9976 -1.0359 -0.5102 0.8574 -0.0683 -2.1032
2018-11-27 21:20:15,544 tracker_1 0.8650 0.5017 0.0076 0.2149 0.0418 -0.0571 -0.9975 -1.0352 -0.5000 0.8631 -0.0703 -2.1060
2018-11-27 21:20:15,579 tracker_1 0.8686 0.4956 0.0010 0.2209 0.0373 -0.0635 -0.9973 -1.0345 -0.4942 0.8662 -0.0736 -2.1068
2018-11-27 21:20:15,614 tracker_1 0.8733 0.4872 0.0047 0.2224 0.0404 -0.0627 -0.9972 -1.0341 -0.4855 0.8711 -0.0745 -2.1094
2018-11-27 21:20:15,649 tracker_1 0.8769 0.4807 0.0090 0.2227 0.0442 -0.0620 -0.9971 -1.0328 -0.4787 0.8747 -0.0756 -2.1110
2018-11-27 21:20:15,684 tracker_1 0.8792 0.4763 0.0064 0.2254 0.0434 -0.0666 -0.9968 -1.0322 -0.4744 0.8767 -0.0792 -2.1106
2018-11-27 21:20:15,718 tracker_1 0.8828 0.4696 0.0137 0.2271 0.0560 -0.0762 -0.9955 -1.0260 -0.4664 0.8796 -0.0936 -2.1047
2018-11-27 21:20:15,753 tracker_1 0.8849 0.4656 0.0142 0.2294 0.0559 -0.0757 -0.9956 -1.0290 -0.4625 0.8817 -0.0930 -2.1082
2018-11-27 21:20:15,788 tracker_1 0.8865 0.4626 0.0102 0.2331 0.0520 -0.0776 -0.9956 -1.0290 -0.4598 0.8832 -0.0929 -2.1112
2018-11-27 21:20:15,823 tracker_1 0.8884 0.4589 0.0082 0.2358 0.0514 -0.0817 -0.9953 -1.0272 -0.4561 0.8847 -0.0961 -2.1134
2018-11-27 21:20:15,858 tracker_1 0.8899 0.4560 0.0054 0.2390 0.0499 -0.0856 -0.9951 -1.0260 -0.4533 0.8858 -0.0989 -2.1147
2018-11-27 21:20:15,893 tracker_1 0.8915 0.4530 0.0027 0.2416 0.0472 -0.0871 -0.9951 -1.0248 -0.4506 0.8872 -0.0990 -2.1161
2018-11-27 21:20:15,929 tracker_1 0.8929 0.4502 0.0015 0.2442 0.0470 -0.0900 -0.9948 -1.0245 -0.4477 0.8884 -0.1016 -2.1169
2018-11-27 21:20:15,964 tracker_1 0.8943 0.4474 -0.0003 0.2464 0.0462 -0.0931 -0.9946 -1.0235 -0.4450 0.8895 -0.1039 -2.1168
2018-11-27 21:20:15,998 tracker_1 0.8956 0.4449 -0.0007 0.2482 0.0449 -0.0918 -0.9948 -1.0233 -0.4426 0.8909 -0.1022 -2.1181
2018-11-27 21:20:16,033 tracker_1 0.8968 0.4424 -0.0015 0.2496 0.0427 -0.0899 -0.9950 -1.0250 -0.4404 0.8923 -0.0995 -2.1221
2018-11-27 21:20:16,068 tracker_1 0.8972 0.4415 -0.0009 0.2498 0.0428 -0.0890 -0.9951 -1.0258 -0.4395 0.8928 -0.0988 -2.1238
2018-11-27 21:20:16,102 tracker_1 0.8974 0.4413 -0.0032 0.2510 0.0400 -0.0886 -0.9953 -1.0256 -0.4395 0.8930 -0.0972 -2.1249
2018-11-27 21:20:16,137 tracker_1 0.8974 0.4413 -0.0022 0.2517 0.0421 -0.0907 -0.9950 -1.0228 -0.4393 0.8928 -0.1000 -2.1207
2018-11-27 21:20:16,172 tracker_1 0.8971 0.4418 -0.0015 0.2517 0.0431 -0.0910 -0.9949 -1.0244 -0.4397 0.8925 -0.1007 -2.1218
2018-11-27 21:20:16,207 tracker_1 0.8970 0.4420 -0.0017 0.2527 0.0447 -0.0947 -0.9945 -1.0237 -0.4397 0.8920 -0.1047 -2.1202
2018-11-27 21:20:16,242 tracker_1 0.8968 0.4425 -0.0053 0.2549 0.0423 -0.0975 -0.9943 -1.0234 -0.4405 0.8915 -0.1062 -2.1191
2018-11-27 21:20:16,277 tracker_1 0.8961 0.4437 -0.0088 0.2569 0.0399 -0.1002 -0.9942 -1.0235 -0.4420 0.8906 -0.1075 -2.1179
2018-11-27 21:20:16,312 tracker_1 0.8958 0.4444 -0.0100 0.2574 0.0389 -0.1008 -0.9941 -1.0234 -0.4428 0.8902 -0.1076 -2.1174
2018-11-27 21:20:16,347 tracker_1 0.8958 0.4443 -0.0116 0.2584 0.0371 -0.1007 -0.9942 -1.0232 -0.4429 0.8902 -0.1067 -2.1177
2018-11-27 21:20:16,382 tracker_1 0.8955 0.4448 -0.0135 0.2595 0.0352 -0.1011 -0.9943 -1.0234 -0.4436 0.8899 -0.1062 -2.1177
2018-11-27 21:20:16,417 tracker_1 0.8955 0.4448 -0.0140 0.2596 0.0347 -0.1012 -0.9943 -1.0234 -0.4437 0.8899 -0.1060 -2.1173
2018-11-27 21:20:16,452 tracker_1 0.8958 0.4441 -0.0156 0.2606 0.0324 -0.1002 -0.9944 -1.0236 -0.4432 0.8903 -0.1042 -2.1186
2018-11-27 21:20:16,486 tracker_1 0.8958 0.4441 -0.0148 0.2600 0.0322 -0.0981 -0.9947 -1.0240 -0.4432 0.8906 -0.1022 -2.1191
2018-11-27 21:20:16,521 tracker_1 0.8961 0.4437 -0.0140 0.2598 0.0326 -0.0972 -0.9947 -1.0242 -0.4427 0.8909 -0.1016 -2.1195
2018-11-27 21:20:16,556 tracker_1 0.8966 0.4426 -0.0132 0.2601 0.0340 -0.0985 -0.9946 -1.0234 -0.4414 0.8913 -0.1033 -2.1182
2018-11-27 21:20:16,591 tracker_1 0.8969 0.4419 -0.0142 0.2610 0.0330 -0.0988 -0.9946 -1.0239 -0.4409 0.8916 -0.1032 -2.1181
2018-11-27 21:20:16,626 tracker_1 0.8971 0.4416 -0.0146 0.2619 0.0324 -0.0988 -0.9946 -1.0235 -0.4407 0.8917 -0.1030 -2.1179
2018-11-27 21:20:16,661 tracker_1 0.8971 0.4415 -0.0156 0.2630 0.0314 -0.0989 -0.9946 -1.0235 -0.4407 0.8918 -0.1025 -2.1178
2018-11-27 21:20:16,695 tracker_1 0.8970 0.4416 -0.0177 0.2646 0.0297 -0.1002 -0.9945 -1.0236 -0.4410 0.8916 -0.1030 -2.1177
2018-11-27 21:20:16,730 tracker_1 0.8971 0.4414 -0.0184 0.2659 0.0291 -0.1005 -0.9945 -1.0235 -0.4408 0.8917 -0.1030 -2.1173
2018-11-27 21:20:16,765 tracker_1 0.8974 0.4408 -0.0202 0.2677 0.0272 -0.1009 -0.9945 -1.0236 -0.4405 0.8919 -0.1025 -2.1178
2018-11-27 21:20:16,800 tracker_1 0.8973 0.4408 -0.0230 0.2697 0.0245 -0.1017 -0.9945 -1.0238 -0.4407 0.8918 -0.1021 -2.1180
2018-11-27 21:20:16,835 tracker_1 0.8974 0.4407 -0.0237 0.2703 0.0236 -0.1016 -0.9945 -1.0236 -0.4407 0.8919 -0.1016 -2.1179
2018-11-27 21:20:16,869 tracker_1 0.8975 0.4404 -0.0237 0.2712 0.0235 -0.1015 -0.9946 -1.0236 -0.4404 0.8920 -0.1014 -2.1177
2018-11-27 21:20:16,904 tracker_1 0.8977 0.4400 -0.0249 0.2723 0.0229 -0.1029 -0.9944 -1.0234 -0.4401 0.8921 -0.1025 -2.1170
2018-11-27 21:20:16,940 tracker_1 0.8979 0.4394 -0.0253 0.2731 0.0228 -0.1037 -0.9943 -1.0235 -0.4396 0.8923 -0.1031 -2.1163
2018-11-27 21:20:16,974 tracker_1 0.8983 0.4386 -0.0260 0.2744 0.0217 -0.1035 -0.9944 -1.0235 -0.4389 0.8927 -0.1025 -2.1166
2018-11-27 21:20:17,009 tracker_1 0.8986 0.4380 -0.0268 0.2755 0.0210 -0.1039 -0.9944 -1.0235 -0.4383 0.8929 -0.1026 -2.1166
2018-11-27 21:20:17,044 tracker_1 0.8989 0.4372 -0.0274 0.2766 0.0207 -0.1047 -0.9943 -1.0235 -0.4376 0.8932 -0.1031 -2.1167
2018-11-27 21:20:17,079 tracker_1 0.8990 0.4371 -0.0269 0.2764 0.0208 -0.1040 -0.9944 -1.0237 -0.4374 0.8934 -0.1026 -2.1168
2018-11-27 21:20:17,114 tracker_1 0.8989 0.4373 -0.0280 0.2770 0.0202 -0.1051 -0.9943 -1.0237 -0.4377 0.8932 -0.1033 -2.1163
2018-11-27 21:20:17,149 tracker_1 0.8986 0.4378 -0.0307 0.2794 0.0183 -0.1073 -0.9941 -1.0238 -0.4385 0.8927 -0.1044 -2.1162
2018-11-27 21:20:17,184 tracker_1 0.8979 0.4390 -0.0332 0.2808 0.0157 -0.1073 -0.9941 -1.0241 -0.4400 0.8920 -0.1032 -2.1167
2018-11-27 21:20:17,219 tracker_1 0.8974 0.4398 -0.0347 0.2815 0.0138 -0.1067 -0.9942 -1.0243 -0.4410 0.8917 -0.1018 -2.1170
2018-11-27 21:20:17,253 tracker_1 0.8975 0.4397 -0.0350 0.2819 0.0135 -0.1066 -0.9942 -1.0245 -0.4408 0.8918 -0.1016 -2.1168
2018-11-27 21:20:17,288 tracker_1 0.8983 0.4379 -0.0350 0.2829 0.0135 -0.1073 -0.9941 -1.0234 -0.4391 0.8926 -0.1023 -2.1165
2018-11-27 21:20:17,323 tracker_1 0.8990 0.4368 -0.0334 0.2828 0.0142 -0.1052 -0.9944 -1.0242 -0.4378 0.8934 -0.1007 -2.1171
2018-11-27 21:20:17,358 tracker_1 0.8994 0.4358 -0.0343 0.2839 0.0128 -0.1047 -0.9944 -1.0244 -0.4370 0.8939 -0.0998 -2.1178
2018-11-27 21:20:17,393 tracker_1 0.8996 0.4352 -0.0354 0.2849 0.0117 -0.1051 -0.9944 -1.0245 -0.4365 0.8942 -0.0996 -2.1175
2018-11-27 21:20:17,428 tracker_1 0.8997 0.4349 -0.0366 0.2861 0.0105 -0.1055 -0.9944 -1.0247 -0.4364 0.8943 -0.0995 -2.1176
2018-11-27 21:20:17,463 tracker_1 0.9001 0.4341 -0.0372 0.2874 0.0100 -0.1059 -0.9943 -1.0250 -0.4356 0.8946 -0.0997 -2.1177
2018-11-27 21:20:17,498 tracker_1 0.9003 0.4337 -0.0378 0.2887 0.0097 -0.1067 -0.9942 -1.0252 -0.4352 0.8947 -0.1003 -2.1176
2018-11-27 21:20:17,533 tracker_1 0.8997 0.4345 -0.0414 0.2914 0.0068 -0.1088 -0.9940 -1.0252 -0.4364 0.8941 -0.1009 -2.1171
2018-11-27 21:20:17,568 tracker_1 0.8993 0.4350 -0.0455 0.2938 0.0033 -0.1107 -0.9938 -1.0251 -0.4374 0.8936 -0.1010 -2.1172