2018-11-27 21:21:17,386 START: 30 fps
2018-11-27 21:21:17,387 hmd_1 1.0000 0.0000 0.0000 0.0000 0.0000 1.0000 0.0000 0.0000 0.0000 0.0000 1.0000 0.0000
2018-11-27 21:21:17,387 tracking_reference_1 -0.9934 -0.0375 0.1085 0.1519 0.0187 0.8796 0.4754 -0.0472 -0.1132 0.4743 -0.8730 -4.7742
2018-11-27 21:21:17,388 tracking_reference_2 1.0000 0.0050 -0.0000 0.0000 -0.0041 0.8245 0.5659 0.0000 0.0028 -0.5659 0.8245 0.0000
2018-11-27 21:21:17,388 tracker_1 0.8286 0.5591 -0.0292 0.5453 -0.0449 0.0144 -0.9989 -1.0563 -0.5580 0.8290 0.0371 -1.8116
2018-11-27 21:21:17,388 tracker_1 0.8286 0.5591 -0.0292 0.5453 -0.0449 0.0144 -0.9989 -1.0563 -0.5580 0.8290 0.0371 -1.8116
2018-11-27 21:21:17,423 tracker_1 0.8286 0.5591 -0.0293 0.5455 -0.0451 0.0146 -0.9989 -1.0568 -0.5580 0.8290 0.0373 -1.8120
2018-11-27 21:21:17,459 tracker_1 0.8286 0.5591 -0.0292 0.5455 -0.0450 0.0146 -0.9989 -1.0568 -0.5580 0.8290 0.0372 -1.8118
2018-11-27 21:21:17,493 tracker_1 0.8280 0.5598 -0.0308 0.5450 -0.0464 0.0136 -0.9988 -1.0558 -0.5587 0.8285 0.0372 -1.8110
2018-11-27 21:21:17,527 tracker_1 0.8282 0.5595 -0.0307 0.5454 -0.0462 0.0136 -0.9988 -1.0558 -0.5585 0.8287 0.0371 -1.8110
2018-11-27 21:21:17,563 tracker_1 0.8282 0.5595 -0.0308 0.5455 -0.0464 0.0137 -0.9988 -1.0564 -0.5584 0.8287 0.0374 -1.8118
2018-11-27 21:21:17,598 tracker_1 0.8284 0.5593 -0.0306 0.5458 -0.0462 0.0139 -0.9988 -1.0567 -0.5583 0.8288 0.0374 -1.8124
2018-11-27 21:21:17,631 tracker_1 0.8284 0.5593 -0.0302 0.5457 -0.0459 0.0140 -0.9988 -1.0566 -0.5583 0.8288 0.0373 -1.8123
2018-11-27 21:21:17,666 tracker_1 0.8283 0.5594 -0.0299 0.5456 -0.0457 0.0142 -0.9989 -1.0567 -0.5584 0.8287 0.0374 -1.8126
2018-11-27 21:21:17,705 tracker_1 0.8283 0.5594 -0.0300 0.5456 -0.0457 0.0142 -0.9989 -1.0566 -0.5584 0.8288 0.0373 -1.8127
2018-11-27 21:21:17,735 tracker_1 0.8276 0.5604 -0.0321 0.5453 -0.0474 0.0127 -0.9988 -1.0554 -0.5593 0.8281 0.0371 -1.8112
2018-11-27 21:21:17,771 tracker_1 0.8277 0.5602 -0.0317 0.5453 -0.0470 0.0129 -0.9988 -1.0554 -0.5591 0.8283 0.0370 -1.8109
2018-11-27 21:21:17,805 tracker_1 0.8278 0.5602 -0.0313 0.5451 -0.0468 0.0133 -0.9988 -1.0555 -0.5591 0.8283 0.0372 -1.8105
2018-11-27 21:21:17,840 tracker_1 0.8277 0.5602 -0.0314 0.5456 -0.0473 0.0140 -0.9988 -1.0566 -0.5591 0.8282 0.0381 -1.8125
2018-11-27 21:21:17,876 tracker_1 0.8278 0.5601 -0.0311 0.5457 -0.0472 0.0142 -0.9988 -1.0566 -0.5590 0.8283 0.0382 -1.8128
2018-11-27 21:21:17,909 tracker_1 0.8281 0.5598 -0.0300 0.5454 -0.0463 0.0149 -0.9988 -1.0565 -0.5587 0.8285 0.0382 -1.8129
2018-11-27 21:21:17,944 tracker_1 0.8284 0.5593 -0.0290 0.5453 -0.0453 0.0154 -0.9989 -1.0562 -0.5582 0.8288 0.0381 -1.8127
2018-11-27 21:21:17,979 tracker_1 0.8293 0.5581 -0.0274 0.5455 -0.0434 0.0154 -0.9989 -1.0559 -0.5571 0.8296 0.0370 -1.8123
2018-11-27 21:21:18,014 tracker_1 0.8302 0.5567 -0.0287 0.5467 -0.0435 0.0134 -0.9990 -1.0556 -0.5557 0.8306 0.0353 -1.8120
2018-11-27 21:21:18,049 tracker_1 0.8307 0.5558 -0.0308 0.5481 -0.0450 0.0119 -0.9989 -1.0555 -0.5549 0.8312 0.0349 -1.8123
2018-11-27 21:21:18,087 tracker_1 0.8307 0.5558 -0.0322 0.5487 -0.0466 0.0119 -0.9988 -1.0556 -0.5548 0.8312 0.0358 -1.8126
2018-11-27 21:21:18,121 tracker_1 0.8304 0.5563 -0.0317 0.5482 -0.0464 0.0123 -0.9988 -1.0556 -0.5552 0.8309 0.0360 -1.8126
2018-11-27 21:21:18,155 tracker_1 0.8306 0.5561 -0.0293 0.5473 -0.0444 0.0137 -0.9989 -1.0558 -0.5551 0.8310 0.0361 -1.8128
2018-11-27 21:21:18,190 tracker_1 0.8305 0.5562 -0.0283 0.5468 -0.0435 0.0142 -0.9990 -1.0557 -0.5553 0.8309 0.0360 -1.8127
2018-11-27 21:21:18,226 tracker_1 0.8307 0.5560 -0.0282 0.5469 -0.0435 0.0144 -0.9989 -1.0557 -0.5550 0.8311 0.0362 -1.8127
2018-11-27 21:21:18,260 tracker_1 0.8308 0.5558 -0.0285 0.5469 -0.0439 0.0145 -0.9989 -1.0555 -0.5548 0.8312 0.0365 -1.8127
2018-11-27 21:21:18,294 tracker_1 0.8309 0.5557 -0.0278 0.5463 -0.0436 0.0153 -0.9989 -1.0556 -0.5547 0.8312 0.0369 -1.8131
2018-11-27 21:21:18,329 tracker_1 0.8308 0.5559 -0.0277 0.5463 -0.0442 0.0163 -0.9989 -1.0556 -0.5548 0.8311 0.0381 -1.8139
2018-11-27 21:21:18,366 tracker_1 0.8309 0.5557 -0.0273 0.5460 -0.0438 0.0165 -0.9989 -1.0556 -0.5547 0.8312 0.0381 -1.8139
2018-11-27 21:21:18,400 tracker_1 0.8311 0.5554 -0.0277 0.5462 -0.0439 0.0158 -0.9989 -1.0556 -0.5543 0.8315 0.0375 -1.8140
2018-11-27 21:21:18,435 tracker_1 0.8314 0.5551 -0.0271 0.5460 -0.0432 0.0158 -0.9989 -1.0554 -0.5540 0.8317 0.0371 -1.8139
2018-11-27 21:21:18,469 tracker_1 0.8315 0.5549 -0.0272 0.5459 -0.0435 0.0161 -0.9989 -1.0553 -0.5539 0.8317 0.0375 -1.8141
2018-11-27 21:21:18,505 tracker_1 0.8315 0.5548 -0.0273 0.5463 -0.0434 0.0158 -0.9989 -1.0555 -0.5538 0.8318 0.0372 -1.8143
2018-11-27 21:21:18,539 tracker_1 0.8315 0.5548 -0.0276 0.5464 -0.0433 0.0151 -0.9989 -1.0555 -0.5538 0.8319 0.0366 -1.8139
2018-11-27 21:21:18,574 tracker_1 0.8315 0.5549 -0.0279 0.5463 -0.0438 0.0154 -0.9989 -1.0557 -0.5538 0.8318 0.0371 -1.8141
2018-11-27 21:21:18,609 tracker_1 0.8315 0.5549 -0.0269 0.5461 -0.0432 0.0163 -0.9989 -1.0559 -0.5538 0.8318 0.0376 -1.8142
2018-11-27 21:21:18,644 tracker_1 0.8315 0.5548 -0.0267 0.5459 -0.0429 0.0162 -0.9989 -1.0559 -0.5538 0.8318 0.0372 -1.8141
2018-11-27 21:21:18,679 tracker_1 0.8316 0.5547 -0.0270 0.5462 -0.0429 0.0158 -0.9990 -1.0558 -0.5537 0.8319 0.0370 -1.8141
2018-11-27 21:21:18,714 tracker_1 0.8315 0.5549 -0.0282 0.5464 -0.0438 0.0150 -0.9989 -1.0554 -0.5538 0.8318 0.0368 -1.8136
2018-11-27 21:21:18,749 tracker_1 0.8316 0.5547 -0.0281 0.5466 -0.0436 0.0149 -0.9989 -1.0557 -0.5537 0.8319 0.0366 -1.8135
2018-11-27 21:21:18,790 tracker_1 0.8318 0.5544 -0.0278 0.5469 -0.0429 0.0142 -0.9990 -1.0558 -0.5534 0.8322 0.0356 -1.8132
2018-11-27 21:21:18,819 tracker_1 0.8319 0.5542 -0.0276 0.5471 -0.0430 0.0147 -0.9990 -1.0556 -0.5532 0.8323 0.0361 -1.8132
2018-11-27 21:21:18,854 tracker_1 0.8324 0.5534 -0.0276 0.5478 -0.0426 0.0143 -0.9990 -1.0551 -0.5525 0.8328 0.0355 -1.8126
2018-11-27 21:21:18,889 tracker_1 0.8327 0.5529 -0.0308 0.5496 -0.0430 0.0091 -0.9990 -1.0546 -0.5521 0.8332 0.0313 -1.8112
2018-11-27 21:21:18,924 tracker_1 0.8329 0.5525 -0.0324 0.5502 -0.0449 0.0091 -0.9989 -1.0546 -0.5517 0.8334 0.0324 -1.8125
2018-11-27 21:21:18,960 tracker_1 0.8328 0.5527 -0.0314 0.5494 -0.0470 0.0141 -0.9988 -1.0547 -0.5516 0.8332 0.0377 -1.8142
2018-11-27 21:21:18,994 tracker_1 0.8326 0.5530 -0.0295 0.5483 -0.0452 0.0148 -0.9989 -1.0549 -0.5520 0.8330 0.0374 -1.8137
2018-11-27 21:21:19,029 tracker_1 0.8326 0.5532 -0.0273 0.5474 -0.0421 0.0140 -0.9990 -1.0550 -0.5523 0.8329 0.0349 -1.8128
2018-11-27 21:21:19,064 tracker_1 0.8325 0.5534 -0.0267 0.5473 -0.0414 0.0142 -0.9990 -1.0551 -0.5525 0.8328 0.0347 -1.8126
2018-11-27 21:21:19,098 tracker_1 0.8325 0.5533 -0.0281 0.5478 -0.0431 0.0141 -0.9990 -1.0550 -0.5524 0.8328 0.0356 -1.8130
2018-11-27 21:21:19,134 tracker_1 0.8326 0.5532 -0.0279 0.5477 -0.0431 0.0145 -0.9990 -1.0549 -0.5522 0.8329 0.0359 -1.8131
2018-11-27 21:21:19,168 tracker_1 0.8328 0.5530 -0.0268 0.5470 -0.0423 0.0152 -0.9990 -1.0549 -0.5520 0.8330 0.0361 -1.8136
2018-11-27 21:21:19,204 tracker_1 0.8327 0.5532 -0.0258 0.5464 -0.0424 0.0174 -0.9989 -1.0552 -0.5521 0.8329 0.0379 -1.8143
2018-11-27 21:21:19,237 tracker_1 0.8326 0.5533 -0.0267 0.5466 -0.0428 0.0162 -0.9990 -1.0553 -0.5523 0.8328 0.0372 -1.8140
2018-11-27 21:21:19,272 tracker_1 0.8324 0.5534 -0.0280 0.5471 -0.0428 0.0139 -0.9990 -1.0551 -0.5525 0.8328 0.0353 -1.8133
2018-11-27 21:21:19,307 tracker_1 0.8324 0.5535 -0.0280 0.5470 -0.0438 0.0153 -0.9989 -1.0549 -0.5525 0.8327 0.0370 -1.8140
2018-11-27 21:21:19,343 tracker_1 0.8323 0.5537 -0.0259 0.5461 -0.0434 0.0186 -0.9989 -1.0549 -0.5526 0.8325 0.0396 -1.8149
2018-11-27 21:21:19,377 tracker_1 0.8320 0.5543 -0.0248 0.5460 -0.0424 0.0189 -0.9989 -1.0541 -0.5532 0.8321 0.0392 -1.8144
2018-11-27 21:21:19,412 tracker_1 0.8313 0.5552 -0.0249 0.5471 -0.0418 0.0178 -0.9990 -1.0521 -0.5542 0.8315 0.0381 -1.8138
2018-11-27 21:21:19,448 tracker_1 0.8302 0.5567 -0.0282 0.5503 -0.0439 0.0150 -0.9989 -1.0476 -0.5557 0.8305 0.0369 -1.8129
2018-11-27 21:21:19,481 tracker_1 0.8288 0.5577 -0.0444 0.5592 -0.0480 -0.0082 -0.9988 -1.0407 -0.5575 0.8300 0.0199 -1.8066
2018-11-27 21:21:19,516 tracker_1 0.8266 0.5568 -0.0817 0.5749 -0.0588 -0.0589 -0.9965 -1.0327 -0.5597 0.8285 -0.0160 -1.7935
2018-11-27 21:21:19,551 tracker_1 0.8226 0.5543 -0.1268 0.5884 -0.0823 -0.1045 -0.9911 -1.0247 -0.5627 0.8257 -0.0404 -1.7879
2018-11-27 21:21:19,586 tracker_1 0.8202 0.5573 -0.1293 0.5839 -0.0852 -0.1045 -0.9909 -1.0216 -0.5658 0.8237 -0.0382 -1.7956
2018-11-27 21:21:19,622 tracker_1 0.8179 0.5640 -0.1137 0.5702 -0.0802 -0.0840 -0.9932 -1.0205 -0.5698 0.8215 -0.0235 -1.8088
2018-11-27 21:21:19,656 tracker_1 0.8160 0.5670 -0.1124 0.5604 -0.0808 -0.0807 -0.9935 -1.0237 -0.5724 0.8197 -0.0200 -1.8170
2018-11-27 21:21:19,691 tracker_1 0.8152 0.5674 -0.1163 0.5479 -0.0807 -0.0876 -0.9929 -1.0292 -0.5735 0.8188 -0.0256 -1.8246
2018-11-27 21:21:19,726 tracker_1 0.8151 0.5713 -0.0959 0.5250 -0.0684 -0.0694 -0.9952 -1.0341 -0.5752 0.8178 -0.0175 -1.8381
2018-11-27 21:21:19,760 tracker_1 0.8124 0.5794 -0.0654 0.5002 -0.0552 -0.0352 -0.9979 -1.0365 -0.5805 0.8143 0.0034 -1.8587
2018-11-27 21:21:19,795 tracker_1 0.8108 0.5828 -0.0546 0.4861 -0.0563 -0.0151 -0.9983 -1.0374 -0.5827 0.8124 0.0205 -1.8719
2018-11-27 21:21:19,834 tracker_1 0.8092 0.5828 -0.0738 0.4896 -0.0627 -0.0392 -0.9973 -1.0374 -0.5841 0.8117 0.0049 -1.8713
2018-11-27 21:21:19,865 tracker_1 0.8103 0.5790 -0.0909 0.4928 -0.0668 -0.0630 -0.9958 -1.0378 -0.5823 0.8129 -0.0124 -1.8697
2018-11-27 21:21:19,900 tracker_1 0.8148 0.5696 -0.1079 0.4885 -0.0842 -0.0680 -0.9941 -1.0366 -0.5736 0.8191 -0.0074 -1.8793
2018-11-27 21:21:19,936 tracker_1 0.8240 0.5596 -0.0888 0.4713 -0.0810 -0.0389 -0.9960 -1.0393 -0.5608 0.8278 0.0133 -1.9002
2018-11-27 21:21:19,969 tracker_1 0.8293 0.5555 -0.0608 0.4530 -0.0717 -0.0021 -0.9974 -1.0467 -0.5542 0.8315 0.0381 -1.9171
2018-11-27 21:21:20,005 tracker_1 0.8319 0.5533 -0.0426 0.4432 -0.0541 0.0044 -0.9985 -1.0502 -0.5523 0.8330 0.0336 -1.9226
2018-11-27 21:21:20,040 tracker_1 0.8329 0.5502 -0.0595 0.4470 -0.0664 -0.0073 -0.9978 -1.0523 -0.5494 0.8350 0.0305 -1.9252
2018-11-27 21:21:20,078 tracker_1 0.8299 0.5516 -0.0840 0.4485 -0.0876 -0.0199 -0.9960 -1.0452 -0.5510 0.8339 0.0318 -1.9196
2018-11-27 21:21:20,113 tracker_1 0.8328 0.5494 -0.0678 0.4409 -0.0780 -0.0048 -0.9969 -1.0527 -0.5481 0.8355 0.0389 -1.9306
2018-11-27 21:21:20,148 tracker_1 0.8349 0.5488 -0.0420 0.4321 -0.0632 0.0197 -0.9978 -1.0536 -0.5468 0.8357 0.0511 -1.9383
2018-11-27 21:21:20,183 tracker_1 0.8354 0.5478 -0.0459 0.4344 -0.0626 0.0118 -0.9980 -1.0565 -0.5461 0.8365 0.0441 -1.9366
2018-11-27 21:21:20,218 tracker_1 0.8346 0.5467 -0.0676 0.4429 -0.0740 -0.0104 -0.9972 -1.0545 -0.5459 0.8373 0.0317 -1.9333
2018-11-27 21:21:20,254 tracker_1 0.8343 0.5465 -0.0723 0.4432 -0.0808 -0.0084 -0.9967 -1.0547 -0.5453 0.8374 0.0371 -1.9356
2018-11-27 21:21:20,288 tracker_1 0.8344 0.5487 -0.0516 0.4357 -0.0682 0.0099 -0.9976 -1.0539 -0.5469 0.8359 0.0457 -1.9387
2018-11-27 21:21:20,323 tracker_1 0.8346 0.5495 -0.0389 0.4325 -0.0556 0.0137 -0.9984 -1.0547 -0.5481 0.8354 0.0419 -1.9364
2018-11-27 21:21:20,358 tracker_1 0.8340 0.5493 -0.0521 0.4383 -0.0612 -0.0017 -0.9981 -1.0544 -0.5483 0.8357 0.0322 -1.9324
2018-11-27 21:21:20,392 tracker_1 0.8326 0.5499 -0.0667 0.4436 -0.0746 -0.0079 -0.9972 -1.0549 -0.5489 0.8352 0.0344 -1.9327
2018-11-27 21:21:20,429 tracker_1 0.8328 0.5505 -0.0577 0.4396 -0.0699 0.0012 -0.9976 -1.0540 -0.5491 0.8348 0.0395 -1.9339
2018-11-27 21:21:20,462 tracker_1 0.8340 0.5503 -0.0412 0.4335 -0.0549 0.0085 -0.9985 -1.0544 -0.5491 0.8349 0.0373 -1.9333
2018-11-27 21:21:20,497 tracker_1 0.8343 0.5499 -0.0400 0.4337 -0.0526 0.0071 -0.9986 -1.0541 -0.5488 0.8352 0.0348 -1.9330
2018-11-27 21:21:20,544 tracker_1 0.8339 0.5489 -0.0568 0.4397 -0.0673 -0.0010 -0.9977 -1.0544 -0.5478 0.8359 0.0361 -1.9335
2018-11-27 21:21:20,571 tracker_1 0.8343 0.5482 -0.0584 0.4403 -0.0686 -0.0018 -0.9976 -1.0542 -0.5470 0.8364 0.0361 -1.9340
2018-11-27 21:21:20,606 tracker_1 0.8357 0.5471 -0.0481 0.4361 -0.0593 0.0028 -0.9982 -1.0546 -0.5460 0.8371 0.0348 -1.9336
2018-11-27 21:21:20,642 tracker_1 0.8366 0.5464 -0.0385 0.4329 -0.0505 0.0069 -0.9987 -1.0546 -0.5454 0.8375 0.0334 -1.9337
2018-11-27 21:21:20,677 tracker_1 0.8368 0.5459 -0.0424 0.4344 -0.0544 0.0059 -0.9985 -1.0549 -0.5448 0.8379 0.0346 -1.9345
2018-11-27 21:21:20,711 tracker_1 0.8366 0.5455 -0.0503 0.4368 -0.0608 0.0012 -0.9981 -1.0545 -0.5444 0.8381 0.0341 -1.9346
2018-11-27 21:21:20,745 tracker_1 0.8369 0.5448 -0.0531 0.4371 -0.0630 -0.0005 -0.9980 -1.0549 -0.5438 0.8385 0.0339 -1.9350
2018-11-27 21:21:20,780 tracker_1 0.8375 0.5444 -0.0463 0.4339 -0.0581 0.0045 -0.9983 -1.0545 -0.5433 0.8388 0.0355 -1.9360
2018-11-27 21:21:20,822 tracker_1 0.8383 0.5439 -0.0387 0.4302 -0.0516 0.0086 -0.9986 -1.0551 -0.5428 0.8391 0.0353 -1.9365
2018-11-27 21:21:20,856 tracker_1 0.8384 0.5437 -0.0394 0.4299 -0.0505 0.0055 -0.9987 -1.0548 -0.5428 0.8393 0.0321 -1.9356
2018-11-27 21:21:20,891 tracker_1 0.8375 0.5446 -0.0458 0.4306 -0.0564 0.0028 -0.9984 -1.0539 -0.5436 0.8387 0.0330 -1.9354
2018-11-27 21:21:20,929 tracker_1 0.8371 0.5450 -0.0478 0.4309 -0.0596 0.0039 -0.9982 -1.0546 -0.5438 0.8384 0.0357 -1.9372
2018-11-27 21:21:20,962 tracker_1 0.8372 0.5449 -0.0462 0.4299 -0.0575 0.0037 -0.9983 -1.0549 -0.5438 0.8385 0.0344 -1.9373
2018-11-27 21:21:20,997 tracker_1 0.8372 0.5450 -0.0453 0.4296 -0.0559 0.0029 -0.9984 -1.0546 -0.5440 0.8385 0.0329 -1.9369
2018-11-27 21:21:21,031 tracker_1 0.8370 0.5452 -0.0459 0.4295 -0.0571 0.0037 -0.9984 -1.0547 -0.5442 0.8383 0.0342 -1.9372
2018-11-27 21:21:21,066 tracker_1 0.8371 0.5451 -0.0469 0.4296 -0.0578 0.0030 -0.9983 -1.0548 -0.5440 0.8384 0.0340 -1.9370
2018-11-27 21:21:21,101 tracker_1 0.8373 0.5448 -0.0464 0.4293 -0.0563 0.0016 -0.9984 -1.0550 -0.5439 0.8386 0.0320 -1.9360
2018-11-27 21:21:21,136 tracker_1 0.8376 0.5444 -0.0447 0.4288 -0.0554 0.0032 -0.9985 -1.0551 -0.5434 0.8388 0.0329 -1.9367
2018-11-27 21:21:21,172 tracker_1 0.8379 0.5440 -0.0447 0.4288 -0.0561 0.0045 -0.9984 -1.0551 -0.5429 0.8391 0.0343 -1.9369
2018-11-27 21:21:21,208 tracker_1 0.8380 0.5438 -0.0454 0.4291 -0.0557 0.0024 -0.9984 -1.0549 -0.5429 0.8392 0.0323 -1.9360
2018-11-27 21:21:21,241 tracker_1 0.8383 0.5433 -0.0451 0.4290 -0.0550 0.0019 -0.9985 -1.0550 -0.5424 0.8395 0.0315 -1.9360
2018-11-27 21:21:21,276 tracker_1 0.8387 0.5428 -0.0437 0.4286 -0.0549 0.0046 -0.9985 -1.0549 -0.5418 0.8398 0.0336 -1.9371
2018-11-27 21:21:21,311 tracker_1 0.8389 0.5425 -0.0433 0.4285 -0.0545 0.0045 -0.9985 -1.0548 -0.5415 0.8400 0.0333 -1.9370
2018-11-27 21:21:21,346 tracker_1 0.8393 0.5418 -0.0439 0.4291 -0.0541 0.0028 -0.9985 -1.0548 -0.5409 0.8405 0.0317 -1.9369
2018-11-27 21:21:21,380 tracker_1 0.8397 0.5413 -0.0442 0.4291 -0.0549 0.0036 -0.9985 -1.0548 -0.5403 0.8408 0.0328 -1.9379
2018-11-27 21:21:21,415 tracker_1 0.8400 0.5408 -0.0430 0.4286 -0.0542 0.0048 -0.9985 -1.0547 -0.5398 0.8411 0.0333 -1.9384
2018-11-27 21:21:21,451 tracker_1 0.8401 0.5407 -0.0429 0.4287 -0.0535 0.0039 -0.9986 -1.0547 -0.5398 0.8412 0.0322 -1.9382
2018-11-27 21:21:21,486 tracker_1 0.8397 0.5412 -0.0451 0.4288 -0.0550 0.0022 -0.9985 -1.0541 -0.5402 0.8409 0.0316 -1.9370
2018-11-27 21:21:21,521 tracker_1 0.8397 0.5411 -0.0447 0.4286 -0.0549 0.0026 -0.9985 -1.0540 -0.5402 0.8409 0.0319 -1.9364
2018-11-27 21:21:21,556 tracker_1 0.8400 0.5409 -0.0440 0.4285 -0.0538 0.0023 -0.9985 -1.0539 -0.5400 0.8411 0.0311 -1.9354
2018-11-27 21:21:21,591 tracker_1 0.8402 0.5405 -0.0441 0.4289 -0.0537 0.0020 -0.9986 -1.0538 -0.5396 0.8414 0.0307 -1.9349
2018-11-27 21:21:21,626 tracker_1 0.8404 0.5402 -0.0447 0.4297 -0.0548 0.0025 -0.9985 -1.0549 -0.5393 0.8415 0.0317 -1.9366
2018-11-27 21:21:21,661 tracker_1 0.8404 0.5401 -0.0446 0.4298 -0.0545 0.0023 -0.9985 -1.0547 -0.5392 0.8416 0.0314 -1.9366
2018-11-27 21:21:21,697 tracker_1 0.8404 0.5401 -0.0441 0.4297 -0.0537 0.0021 -0.9986 -1.0543 -0.5392 0.8416 0.0308 -1.9364
2018-11-27 21:21:21,731 tracker_1 0.8403 0.5403 -0.0447 0.4297 -0.0544 0.0019 -0.9985 -1.0542 -0.5394 0.8415 0.0309 -1.9364
2018-11-27 21:21:21,766 tracker_1 0.8404 0.5402 -0.0448 0.4301 -0.0547 0.0023 -0.9985 -1.0543 -0.5393 0.8416 0.0315 -1.9372
2018-11-27 21:21:21,801 tracker_1 0.8405 0.5400 -0.0440 0.4299 -0.0539 0.0025 -0.9985 -1.0542 -0.5391 0.8416 0.0312 -1.9374
2018-11-27 21:21:21,836 tracker_1 0.8405 0.5400 -0.0437 0.4299 -0.0534 0.0024 -0.9986 -1.0543 -0.5391 0.8417 0.0308 -1.9374
2018-11-27 21:21:21,871 tracker_1 0.8404 0.5402 -0.0444 0.4306 -0.0542 0.0023 -0.9985 -1.0541 -0.5393 0.8416 0.0312 -1.9374
2018-11-27 21:21:21,907 tracker_1 0.8407 0.5398 -0.0430 0.4303 -0.0530 0.0030 -0.9986 -1.0538 -0.5389 0.8418 0.0311 -1.9371
2018-11-27 21:21:21,944 tracker_1 0.8410 0.5393 -0.0427 0.4308 -0.0523 0.0023 -0.9986 -1.0535 -0.5385 0.8421 0.0302 -1.9361
2018-11-27 21:21:21,977 tracker_1 0.8411 0.5390 -0.0446 0.4322 -0.0530 0.0000 -0.9986 -1.0534 -0.5382 0.8423 0.0286 -1.9349
2018-11-27 21:21:22,011 tracker_1 0.8410 0.5391 -0.0465 0.4332 -0.0540 -0.0019 -0.9985 -1.0531 -0.5384 0.8423 0.0275 -1.9337
2018-11-27 21:21:22,046 tracker_1 0.8409 0.5392 -0.0465 0.4333 -0.0542 -0.0016 -0.9985 -1.0531 -0.5385 0.8422 0.0279 -1.9336
2018-11-27 21:21:22,081 tracker_1 0.8409 0.5393 -0.0452 0.4329 -0.0530 -0.0012 -0.9986 -1.0528 -0.5386 0.8421 0.0276 -1.9334
2018-11-27 21:21:22,115 tracker_1 0.8410 0.5391 -0.0450 0.4328 -0.0528 -0.0011 -0.9986 -1.0527 -0.5384 0.8422 0.0275 -1.9337
2018-11-27 21:21:22,150 tracker_1 0.8412 0.5389 -0.0450 0.4326 -0.0534 -0.0001 -0.9986 -1.0529 -0.5381 0.8424 0.0287 -1.9348
2018-11-27 21:21:22,185 tracker_1 0.8411 0.5391 -0.0449 0.4324 -0.0539 0.0008 -0.9985 -1.0531 -0.5383 0.8423 0.0297 -1.9358
2018-11-27 21:21:22,224 tracker_1 0.8412 0.5390 -0.0433 0.4314 -0.0527 0.0020 -0.9986 -1.0533 -0.5381 0.8423 0.0301 -1.9361
2018-11-27 21:21:22,258 tracker_1 0.8414 0.5387 -0.0436 0.4315 -0.0524 0.0012 -0.9986 -1.0531 -0.5379 0.8425 0.0292 -1.9353
2018-11-27 21:21:22,293 tracker_1 0.8415 0.5384 -0.0447 0.4321 -0.0530 -0.0002 -0.9986 -1.0533 -0.5377 0.8427 0.0284 -1.9352
2018-11-27 21:21:22,328 tracker_1 0.8417 0.5381 -0.0447 0.4321 -0.0532 0.0003 -0.9986 -1.0535 -0.5373 0.8429 0.0289 -1.9354
2018-11-27 21:21:22,364 tracker_1 0.8419 0.5379 -0.0437 0.4318 -0.0525 0.0011 -0.9986 -1.0531 -0.5371 0.8430 0.0291 -1.9352
2018-11-27 21:21:22,398 tracker_1 0.8420 0.5378 -0.0429 0.4315 -0.0519 0.0015 -0.9987 -1.0528 -0.5370 0.8431 0.0292 -1.9349
2018-11-27 21:21:22,433 tracker_1 0.8422 0.5375 -0.0429 0.4315 -0.0521 0.0019 -0.9986 -1.0529 -0.5367 0.8433 0.0296 -1.9349
2018-11-27 21:21:22,469 tracker_1 0.8423 0.5372 -0.0439 0.4319 -0.0525 0.0007 -0.9986 -1.0529 -0.5364 0.8435 0.0288 -1.9348
2018-11-27 21:21:22,504 tracker_1 0.8425 0.5370 -0.0440 0.4316 -0.0526 0.0008 -0.9986 -1.0532 -0.5362 0.8436 0.0290 -1.9352
2018-11-27 21:21:22,539 tracker_1 0.8423 0.5372 -0.0430 0.4311 -0.0525 0.0023 -0.9986 -1.0533 -0.5364 0.8434 0.0301 -1.9355
2018-11-27 21:21:22,572 tracker_1 0.8423 0.5373 -0.0427 0.4311 -0.0521 0.0022 -0.9986 -1.0529 -0.5365 0.8434 0.0298 -1.9355
2018-11-27 21:21:22,607 tracker_1 0.8422 0.5374 -0.0440 0.4317 -0.0528 0.0009 -0.9986 -1.0527 -0.5366 0.8434 0.0292 -1.9352
2018-11-27 21:21:22,642 tracker_1 0.8422 0.5373 -0.0443 0.4319 -0.0532 0.0011 -0.9986 -1.0530 -0.5365 0.8434 0.0295 -1.9358
2018-11-27 21:21:22,676 tracker_1 0.8421 0.5375 -0.0435 0.4316 -0.0527 0.0019 -0.9986 -1.0532 -0.5367 0.8433 0.0299 -1.9358
2018-11-27 21:21:22,711 tracker_1 0.8421 0.5376 -0.0436 0.4317 -0.0521 0.0007 -0.9986 -1.0532 -0.5368 0.8432 0.0286 -1.9350
2018-11-27 21:21:22,746 tracker_1 0.8420 0.5376 -0.0446 0.4323 -0.0525 -0.0006 -0.9986 -1.0532 -0.5369 0.8432 0.0277 -1.9344
2018-11-27 21:21:22,781 tracker_1 0.8418 0.5378 -0.0450 0.4325 -0.0533 -0.0002 -0.9986 -1.0532 -0.5371 0.8431 0.0285 -1.9345
2018-11-27 21:21:22,816 tracker_1 0.8419 0.5378 -0.0444 0.4314 -0.0525 -0.0002 -0.9986 -1.0535 -0.5370 0.8431 0.0281 -1.9348
2018-11-27 21:21:22,855 tracker_1 0.8420 0.5378 -0.0423 0.4293 -0.0523 0.0035 -0.9986 -1.0540 -0.5369 0.8431 0.0311 -1.9366
2018-11-27 21:21:22,885 tracker_1 0.8423 0.5376 -0.0394 0.4275 -0.0511 0.0069 -0.9987 -1.0546 -0.5366 0.8432 0.0333 -1.9383
2018-11-27 21:21:22,920 tracker_1 0.8424 0.5376 -0.0374 0.4263 -0.0491 0.0074 -0.9988 -1.0549 -0.5366 0.8432 0.0327 -1.9386
2018-11-27 21:21:22,955 tracker_1 0.8426 0.5372 -0.0383 0.4265 -0.0490 0.0056 -0.9988 -1.0545 -0.5363 0.8434 0.0310 -1.9384
2018-11-27 21:21:22,990 tracker_1 0.8427 0.5370 -0.0399 0.4269 -0.0507 0.0053 -0.9987 -1.0543 -0.5361 0.8436 0.0317 -1.9387
2018-11-27 21:21:23,025 tracker_1 0.8426 0.5370 -0.0409 0.4270 -0.0518 0.0051 -0.9986 -1.0543 -0.5361 0.8436 0.0321 -1.9388
2018-11-27 21:21:23,060 tracker_1 0.8427 0.5370 -0.0401 0.4267 -0.0509 0.0054 -0.9987 -1.0548 -0.5360 0.8436 0.0319 -1.9393
2018-11-27 21:21:23,095 tracker_1 0.8427 0.5369 -0.0392 0.4265 -0.0505 0.0064 -0.9987 -1.0547 -0.5359 0.8436 0.0325 -1.9394
2018-11-27 21:21:23,131 tracker_1 0.8427 0.5368 -0.0408 0.4276 -0.0509 0.0040 -0.9987 -1.0546 -0.5359 0.8437 0.0307 -1.9384
2018-11-27 21:21:23,166 tracker_1 0.8426 0.5369 -0.0427 0.4283 -0.0520 0.0022 -0.9986 -1.0543 -0.5361 0.8436 0.0298 -1.9378
2018-11-27 21:21:23,201 tracker_1 0.8425 0.5370 -0.0421 0.4282 -0.0522 0.0036 -0.9986 -1.0545 -0.5361 0.8436 0.0311 -1.9379
2018-11-27 21:21:23,236 tracker_1 0.8426 0.5369 -0.0413 0.4279 -0.0512 0.0035 -0.9987 -1.0547 -0.5360 0.8436 0.0305 -1.9374
2018-11-27 21:21:23,270 tracker_1 0.8427 0.5367 -0.0422 0.4281 -0.0513 0.0020 -0.9987 -1.0549 -0.5359 0.8438 0.0292 -1.9367
2018-11-27 21:21:23,305 tracker_1 0.8430 0.5362 -0.0429 0.4288 -0.0522 0.0021 -0.9986 -1.0551 -0.5353 0.8441 0.0298 -1.9367
2018-11-27 21:21:23,340 tracker_1 0.8437 0.5352 -0.0409 0.4287 -0.0498 0.0023 -0.9988 -1.0537 -0.5345 0.8447 0.0286 -1.9359
2018-11-27 21:21:23,377 tracker_1 0.8467 0.5307 -0.0378 0.4296 -0.0465 0.0029 -0.9989 -1.0521 -0.5300 0.8476 0.0271 -1.9358
2018-11-27 21:21:23,412 tracker_1 0.8521 0.5220 -0.0381 0.4322 -0.0437 -0.0015 -0.9990 -1.0485 -0.5216 0.8529 0.0216 -1.9353
2018-11-27 21:21:23,445 tracker_1 0.8595 0.5089 -0.0485 0.4391 -0.0416 -0.0250 -0.9988 -1.0437 -0.5095 0.8605 -0.0003 -1.9316
2018-11-27 21:21:23,480 tracker_1 0.8673 0.4931 -0.0679 0.4510 -0.0418 -0.0638 -0.9971 -1.0372 -0.4960 0.8676 -0.0347 -1.9276
2018-11-27 21:21:23,516 tracker_1 0.8763 0.4739 -0.0871 0.4648 -0.0543 -0.0826 -0.9951 -1.0305 -0.4788 0.8767 -0.0467 -1.9348
2018-11-27 21:21:23,549 tracker_1 0.8867 0.4498 -0.1071 0.4791 -0.0722 -0.0942 -0.9929 -1.0245 -0.4567 0.8882 -0.0510 -1.9437
2018-11-27 21:21:23,584 tracker_1 0.8999 0.4180 -0.1244 0.4884 -0.0829 -0.1160 -0.9898 -1.0212 -0.4282 0.9010 -0.0697 -1.9495
2018-11-27 21:21:23,620 tracker_1 0.9136 0.3871 -0.1249 0.4883 -0.0830 -0.1231 -0.9889 -1.0194 -0.3981 0.9138 -0.0804 -1.9606
2018-11-27 21:21:23,658 tracker_1 0.9223 0.3642 -0.1291 0.4881 -0.0953 -0.1094 -0.9894 -1.0190 -0.3744 0.9249 -0.0662 -1.9830
2018-11-27 21:21:23,692 tracker_1 0.9283 0.3456 -0.1371 0.4827 -0.1062 -0.1069 -0.9886 -1.0182 -0.3563 0.9323 -0.0625 -2.0007
2018-11-27 21:21:23,727 tracker_1 0.9371 0.3280 -0.1192 0.4639 -0.0865 -0.1125 -0.9899 -1.0233 -0.3381 0.9380 -0.0770 -2.0132
2018-11-27 21:21:23,761 tracker_1 0.9447 0.3129 -0.0978 0.4407 -0.0718 -0.0935 -0.9930 -1.0285 -0.3199 0.9452 -0.0659 -2.0380
2018-11-27 21:21:23,795 tracker_1 0.9502 0.3017 -0.0784 0.4151 -0.0629 -0.0606 -0.9962 -1.0339 -0.3053 0.9515 -0.0386 -2.0653
2018-11-27 21:21:23,830 tracker_1 0.9556 0.2906 -0.0487 0.3892 -0.0402 -0.0351 -0.9986 -1.0395 -0.2918 0.9562 -0.0219 -2.0862
2018-11-27 21:21:23,864 tracker_1 0.9574 0.2870 -0.0310 0.3721 -0.0253 -0.0235 -0.9994 -1.0380 -0.2876 0.9576 -0.0152 -2.0956
2018-11-27 21:21:23,899 tracker_1 0.9555 0.2919 -0.0427 0.3667 -0.0353 -0.0306 -0.9989 -1.0389 -0.2929 0.9560 -0.0190 -2.0963
2018-11-27 21:21:23,935 tracker_1 0.9530 0.2991 -0.0491 0.3607 -0.0393 -0.0385 -0.9985 -1.0404 -0.3005 0.9535 -0.0249 -2.0940
2018-11-27 21:21:23,970 tracker_1 0.9507 0.3073 -0.0411 0.3540 -0.0298 -0.0413 -0.9987 -1.0454 -0.3086 0.9507 -0.0301 -2.0976
2018-11-27 21:21:24,005 tracker_1 0.9485 0.3126 -0.0510 0.3535 -0.0462 -0.0229 -0.9987 -1.0498 -0.3133 0.9496 -0.0073 -2.1108
2018-11-27 21:21:24,039 tracker_1 0.9476 0.3147 -0.0550 0.3497 -0.0530 -0.0148 -0.9985 -1.0514 -0.3151 0.9491 0.0027 -2.1204
2018-11-27 21:21:24,073 tracker_1 0.9485 0.3145 -0.0382 0.3398 -0.0349 -0.0162 -0.9993 -1.0544 -0.3149 0.9491 -0.0044 -2.1268
2018-11-27 21:21:24,108 tracker_1 0.9484 0.3158 -0.0271 0.3344 -0.0301 0.0047 -0.9995 -1.0547 -0.3156 0.9488 0.0139 -2.1360
2018-11-27 21:21:24,143 tracker_1 0.9483 0.3159 -0.0315 0.3370 -0.0389 0.0172 -0.9991 -1.0556 -0.3150 0.9486 0.0285 -2.1392
2018-11-27 21:21:24,178 tracker_1 0.9471 0.3176 -0.0457 0.3424 -0.0470 -0.0035 -0.9989 -1.0548 -0.3174 0.9482 0.0117 -2.1266
2018-11-27 21:21:24,214 tracker_1 0.9455 0.3214 -0.0527 0.3461 -0.0473 -0.0246 -0.9986 -1.0528 -0.3223 0.9466 -0.0081 -2.1124
2018-11-27 21:21:24,248 tracker_1 0.9438 0.3271 -0.0478 0.3450 -0.0436 -0.0203 -0.9988 -1.0523 -0.3277 0.9448 -0.0049 -2.1056
2018-11-27 21:21:24,287 tracker_1 0.9426 0.3314 -0.0405 0.3428 -0.0388 -0.0117 -0.9992 -1.0531 -0.3316 0.9434 0.0018 -2.1024
2018-11-27 21:21:24,321 tracker_1 0.9429 0.3313 -0.0336 0.3426 -0.0310 -0.0131 -0.9994 -1.0523 -0.3315 0.9434 -0.0021 -2.0978
2018-11-27 21:21:24,354 tracker_1 0.9438 0.3282 -0.0405 0.3470 -0.0363 -0.0188 -0.9992 -1.0515 -0.3287 0.9444 -0.0058 -2.0945
2018-11-27 21:21:24,389 tracker_1 0.9444 0.3249 -0.0508 0.3525 -0.0467 -0.0205 -0.9987 -1.0515 -0.3255 0.9455 -0.0042 -2.0943
2018-11-27 21:21:24,424 tracker_1 0.9446 0.3241 -0.0514 0.3527 -0.0486 -0.0167 -0.9987 -1.0518 -0.3245 0.9459 -0.0000 -2.0948
2018-11-27 21:21:24,458 tracker_1 0.9447 0.3249 -0.0437 0.3493 -0.0414 -0.0141 -0.9990 -1.0532 -0.3252 0.9456 0.0001 -2.0953
2018-11-27 21:21:24,493 tracker_1 0.9448 0.3254 -0.0387 0.3464 -0.0370 -0.0116 -0.9992 -1.0543 -0.3256 0.9455 0.0011 -2.0966
2018-11-27 21:21:24,528 tracker_1 0.9446 0.3258 -0.0408 0.3466 -0.0412 -0.0054 -0.9991 -1.0547 -0.3257 0.9454 0.0083 -2.1002
2018-11-27 21:21:24,564 tracker_1 0.9448 0.3250 -0.0422 0.3467 -0.0426 -0.0061 -0.9991 -1.0546 -0.3249 0.9457 0.0080 -2.1003
2018-11-27 21:21:24,598 tracker_1 0.9450 0.3243 -0.0420 0.3469 -0.0411 -0.0094 -0.9991 -1.0547 -0.3244 0.9459 0.0045 -2.0992
2018-11-27 21:21:24,633 tracker_1 0.9449 0.3247 -0.0418 0.3471 -0.0417 -0.0072 -0.9991 -1.0540 -0.3248 0.9458 0.0068 -2.0994
2018-11-27 21:21:24,667 tracker_1 0.9446 0.3255 -0.0424 0.3480 -0.0426 -0.0066 -0.9991 -1.0534 -0.3255 0.9455 0.0077 -2.0978
2018-11-27 21:21:24,702 tracker_1 0.9442 0.3265 -0.0440 0.3493 -0.0419 -0.0134 -0.9990 -1.0526 -0.3268 0.9451 0.0011 -2.0937
2018-11-27 21:21:24,737 tracker_1 0.9441 0.3263 -0.0468 0.3512 -0.0432 -0.0185 -0.9989 -1.0522 -0.3268 0.9451 -0.0033 -2.0911
2018-11-27 21:21:24,772 tracker_1 0.9442 0.3254 -0.0509 0.3533 -0.0483 -0.0161 -0.9987 -1.0518 -0.3258 0.9454 0.0005 -2.0924
2018-11-27 21:21:24,808 tracker_1 0.9446 0.3240 -0.0519 0.3538 -0.0501 -0.0142 -0.9986 -1.0522 -0.3243 0.9460 0.0028 -2.0938
2018-11-27 21:21:24,845 tracker_1 0.9451 0.3228 -0.0499 0.3525 -0.0478 -0.0144 -0.9988 -1.0527 -0.3231 0.9464 0.0018 -2.0947
2018-11-27 21:21:24,877 tracker_1 0.9454 0.3227 -0.0462 0.3507 -0.0453 -0.0102 -0.9989 -1.0533 -0.3229 0.9464 0.0050 -2.0974
2018-11-27 21:21:24,913 tracker_1 0.9456 0.3225 -0.0427 0.3494 -0.0440 -0.0033 -0.9990 -1.0520 -0.3223 0.9466 0.0110 -2.0997
2018-11-27 21:21:24,947 tracker_1 0.9458 0.3219 -0.0436 0.3492 -0.0438 -0.0067 -0.9990 -1.0521 -0.3219 0.9467 0.0077 -2.0987
2018-11-27 21:21:24,982 tracker_1 0.9457 0.3216 -0.0475 0.3497 -0.0460 -0.0123 -0.9989 -1.0533 -0.3218 0.9468 0.0032 -2.0979
2018-11-27 21:21:25,017 tracker_1 0.9455 0.3217 -0.0499 0.3494 -0.0493 -0.0099 -0.9987 -1.0538 -0.3218 0.9468 0.0065 -2.1004
2018-11-27 21:21:25,051 tracker_1 0.9455 0.3220 -0.0476 0.3477 -0.0489 -0.0041 -0.9988 -1.0542 -0.3218 0.9467 0.0119 -2.1036
2018-11-27 21:21:25,086 tracker_1 0.9458 0.3218 -0.0443 0.3453 -0.0457 -0.0033 -0.9990 -1.0544 -0.3216 0.9468 0.0116 -2.1052
2018-11-27 21:21:25,122 tracker_1 0.9458 0.3220 -0.0419 0.3434 -0.0424 -0.0055 -0.9991 -1.0545 -0.3219 0.9467 0.0084 -2.1057
2018-11-27 21:21:25,159 tracker_1 0.9456 0.3228 -0.0411 0.3422 -0.0425 -0.0027 -0.9991 -1.0548 -0.3227 0.9464 0.0112 -2.1082
2018-11-27 21:21:25,192 tracker_1 0.9451 0.3241 -0.0419 0.3419 -0.0440 -0.0010 -0.9990 -1.0553 -0.3238 0.9460 0.0133 -2.1104
2018-11-27 21:21:25,226 tracker_1 0.9449 0.3249 -0.0406 0.3404 -0.0420 -0.0029 -0.9991 -1.0557 -0.3248 0.9457 0.0109 -2.1106
2018-11-27 21:21:25,261 tracker_1 0.9445 0.3260 -0.0400 0.3391 -0.0412 -0.0032 -0.9991 -1.0559 -0.3259 0.9454 0.0104 -2.1112
2018-11-27 21:21:25,296 tracker_1 0.9443 0.3266 -0.0397 0.3383 -0.0418 -0.0004 -0.9991 -1.0562 -0.3263 0.9452 0.0133 -2.1130
2018-11-27 21:21:25,333 tracker_1 0.9444 0.3266 -0.0383 0.3373 -0.0404 -0.0002 -0.9992 -1.0563 -0.3263 0.9452 0.0130 -2.1135
2018-11-27 21:21:25,365 tracker_1 0.9445 0.3263 -0.0381 0.3371 -0.0399 -0.0011 -0.9992 -1.0564 -0.3261 0.9453 0.0120 -2.1138
2018-11-27 21:21:25,400 tracker_1 0.9447 0.3256 -0.0393 0.3375 -0.0414 -0.0007 -0.9991 -1.0561 -0.3254 0.9455 0.0128 -2.1144
2018-11-27 21:21:25,436 tracker_1 0.9448 0.3251 -0.0399 0.3378 -0.0420 -0.0006 -0.9991 -1.0561 -0.3248 0.9457 0.0130 -2.1150
2018-11-27 21:21:25,470 tracker_1 0.9451 0.3245 -0.0394 0.3377 -0.0413 -0.0010 -0.9991 -1.0560 -0.3243 0.9459 0.0125 -2.1151
2018-11-27 21:21:25,505 tracker_1 0.9451 0.3244 -0.0393 0.3376 -0.0413 -0.0007 -0.9991 -1.0559 -0.3242 0.9459 0.0127 -2.1151
2018-11-27 21:21:25,540 tracker_1 0.9450 0.3246 -0.0401 0.3379 -0.0420 -0.0010 -0.9991 -1.0558 -0.3243 0.9459 0.0127 -2.1151
2018-11-27 21:21:25,575 tracker_1 0.9450 0.3247 -0.0403 0.3380 -0.0420 -0.0018 -0.9991 -1.0559 -0.3245 0.9458 0.0119 -2.1148
2018-11-27 21:21:25,609 tracker_1 0.9449 0.3248 -0.0398 0.3378 -0.0414 -0.0020 -0.9991 -1.0557 -0.3246 0.9458 0.0115 -2.1144
2018-11-27 21:21:25,644 tracker_1 0.9449 0.3250 -0.0402 0.3381 -0.0418 -0.0018 -0.9991 -1.0558 -0.3248 0.9457 0.0119 -2.1140
2018-11-27 21:21:25,679 tracker_1 0.9448 0.3251 -0.0405 0.3382 -0.0420 -0.0022 -0.9991 -1.0558 -0.3249 0.9457 0.0116 -2.1136
2018-11-27 21:21:25,716 tracker_1 0.9448 0.3251 -0.0408 0.3383 -0.0420 -0.0032 -0.9991 -1.0558 -0.3249 0.9457 0.0106 -2.1130
2018-11-27 21:21:25,749 tracker_1 0.9448 0.3251 -0.0403 0.3382 -0.0417 -0.0027 -0.9991 -1.0559 -0.3249 0.9457 0.0110 -2.1131
2018-11-27 21:21:25,785 tracker_1 0.9449 0.3249 -0.0398 0.3380 -0.0415 -0.0016 -0.9991 -1.0560 -0.3247 0.9458 0.0119 -2.1133
2018-11-27 21:21:25,823 tracker_1 0.9450 0.3246 -0.0397 0.3381 -0.0413 -0.0018 -0.9991 -1.0558 -0.3244 0.9459 0.0117 -2.1134
2018-11-27 21:21:25,857 tracker_1 0.9450 0.3246 -0.0403 0.3382 -0.0417 -0.0026 -0.9991 -1.0559 -0.3244 0.9459 0.0111 -2.1134
2018-11-27 21:21:25,892 tracker_1 0.9449 0.3248 -0.0402 0.3381 -0.0418 -0.0020 -0.9991 -1.0558 -0.3246 0.9458 0.0116 -2.1136
2018-11-27 21:21:25,927 tracker_1 0.9450 0.3247 -0.0395 0.3379 -0.0414 -0.0011 -0.9991 -1.0556 -0.3245 0.9458 0.0124 -2.1141
2018-11-27 21:21:25,962 tracker_1 0.9450 0.3245 -0.0400 0.3382 -0.0416 -0.0020 -0.9991 -1.0553 -0.3243 0.9459 0.0116 -2.1136
2018-11-27 21:21:25,996 tracker_1 0.9451 0.3241 -0.0409 0.3388 -0.0421 -0.0036 -0.9991 -1.0552 -0.3240 0.9460 0.0103 -2.1135
2018-11-27 21:21:26,031 tracker_1 0.9452 0.3238 -0.0418 0.3390 -0.0428 -0.0040 -0.9991 -1.0552 -0.3237 0.9461 0.0100 -2.1134
2018-11-27 21:21:26,067 tracker_1 0.9453 0.3236 -0.0418 0.3390 -0.0432 -0.0029 -0.9991 -1.0555 -0.3234 0.9462 0.0112 -2.1140
2018-11-27 21:21:26,101 tracker_1 0.9453 0.3237 -0.0409 0.3385 -0.0425 -0.0022 -0.9991 -1.0556 -0.3235 0.9462 0.0116 -2.1137
2018-11-27 21:21:26,136 tracker_1 0.9452 0.3239 -0.0403 0.3382 -0.0414 -0.0034 -0.9991 -1.0556 -0.3238 0.9461 0.0102 -2.1129
2018-11-27 21:21:26,171 tracker_1 0.9452 0.3240 -0.0404 0.3384 -0.0414 -0.0039 -0.9991 -1.0557 -0.3239 0.9461 0.0097 -2.1127
2018-11-27 21:21:26,206 tracker_1 0.9453 0.3237 -0.0406 0.3384 -0.0420 -0.0029 -0.9991 -1.0557 -0.3235 0.9462 0.0109 -2.1133
2018-11-27 21:21:26,242 tracker_1 0.9454 0.3233 -0.0401 0.3382 -0.0415 -0.0023 -0.9991 -1.0557 -0.3232 0.9463 0.0113 -2.1135
2018-11-27 21:21:26,276 tracker_1 0.9455 0.3232 -0.0394 0.3380 -0.0409 -0.0023 -0.9992 -1.0555 -0.3230 0.9463 0.0110 -2.1135
2018-11-27 21:21:26,312 tracker_1 0.9454 0.3234 -0.0401 0.3384 -0.0415 -0.0024 -0.9991 -1.0553 -0.3232 0.9463 0.0111 -2.1136
2018-11-27 21:21:26,345 tracker_1 0.9453 0.3235 -0.0415 0.3394 -0.0428 -0.0030 -0.9991 -1.0553 -0.3233 0.9462 0.0111 -2.1140
2018-11-27 21:21:26,382 tracker_1 0.9453 0.3235 -0.0410 0.3395 -0.0421 -0.0035 -0.9991 -1.0552 -0.3234 0.9462 0.0103 -2.1135
2018-11-27 21:21:26,424 tracker_1 0.9454 0.3234 -0.0412 0.3392 -0.0421 -0.0041 -0.9991 -1.0550 -0.3233 0.9463 0.0097 -2.1133
2018-11-27 21:21:26,455 tracker_1 0.9453 0.3234 -0.0419 0.3392 -0.0429 -0.0042 -0.9991 -1.0553 -0.3233 0.9463 0.0099 -2.1134
2018-11-27 21:21:26,489 tracker_1 0.9454 0.3234 -0.0413 0.3386 -0.0427 -0.0030 -0.9991 -1.0553 -0.3233 0.9462 0.0110 -2.1141
2018-11-27 21:21:26,524 tracker_1 0.9452 0.3240 -0.0405 0.3379 -0.0419 -0.0028 -0.9991 -1.0554 -0.3239 0.9460 0.0109 -2.1139
2018-11-27 21:21:26,560 tracker_1 0.9450 0.3248 -0.0399 0.3373 -0.0408 -0.0038 -0.9992 -1.0557 -0.3246 0.9458 0.0096 -2.1135
2018-11-27 21:21:26,594 tracker_1 0.9447 0.3254 -0.0399 0.3370 -0.0412 -0.0030 -0.9991 -1.0556 -0.3253 0.9456 0.0106 -2.1142
2018-11-27 21:21:26,629 tracker_1 0.9447 0.3256 -0.0390 0.3364 -0.0408 -0.0014 -0.9992 -1.0556 -0.3254 0.9455 0.0120 -2.1147
2018-11-27 21:21:26,664 tracker_1 0.9448 0.3254 -0.0379 0.3361 -0.0394 -0.0020 -0.9992 -1.0555 -0.3252 0.9456 0.0109 -2.1145
2018-11-27 21:21:26,700 tracker_1 0.9450 0.3247 -0.0386 0.3365 -0.0398 -0.0028 -0.9992 -1.0553 -0.3246 0.9458 0.0103 -2.1144
2018-11-27 21:21:26,733 tracker_1 0.9450 0.3247 -0.0405 0.3375 -0.0418 -0.0031 -0.9991 -1.0554 -0.3245 0.9458 0.0106 -2.1150
2018-11-27 21:21:26,769 tracker_1 0.9452 0.3241 -0.0404 0.3374 -0.0417 -0.0029 -0.9991 -1.0554 -0.3239 0.9460 0.0107 -2.1154
2018-11-27 21:21:26,804 tracker_1 0.9454 0.3235 -0.0394 0.3370 -0.0408 -0.0024 -0.9992 -1.0554 -0.3233 0.9462 0.0109 -2.1157
2018-11-27 21:21:26,838 tracker_1 0.9456 0.3228 -0.0396 0.3374 -0.0411 -0.0021 -0.9992 -1.0554 -0.3226 0.9465 0.0113 -2.1166
2018-11-27 21:21:26,874 tracker_1 0.9457 0.3224 -0.0403 0.3378 -0.0416 -0.0030 -0.9991 -1.0554 -0.3222 0.9466 0.0106 -2.1162
2018-11-27 21:21:26,908 tracker_1 0.9458 0.3223 -0.0401 0.3376 -0.0413 -0.0033 -0.9991 -1.0553 -0.3221 0.9466 0.0101 -2.1155
2018-11-27 21:21:26,943 tracker_1 0.9458 0.3223 -0.0405 0.3379 -0.0416 -0.0036 -0.9991 -1.0548 -0.3221 0.9466 0.0100 -2.1150
2018-11-27 21:21:26,978 tracker_1 0.9453 0.3234 -0.0419 0.3390 -0.0422 -0.0061 -0.9991 -1.0532 -0.3233 0.9463 0.0078 -2.1137
2018-11-27 21:21:27,013 tracker_1 0.9435 0.3278 -0.0478 0.3412 -0.0479 -0.0079 -0.9988 -1.0515 -0.3278 0.9447 0.0083 -2.1140
2018-11-27 21:21:27,048 tracker_1 0.9405 0.3343 -0.0613 0.3439 -0.0574 -0.0216 -0.9981 -1.0473 -0.3350 0.9422 -0.0011 -2.1104
2018-11-27 21:21:27,083 tracker_1 0.9367 0.3401 -0.0831 0.3455 -0.0713 -0.0470 -0.9963 -1.0431 -0.3428 0.9392 -0.0197 -2.1047
2018-11-27 21:21:27,117 tracker_1 0.9321 0.3489 -0.0970 0.3388 -0.0805 -0.0617 -0.9948 -1.0384 -0.3530 0.9351 -0.0294 -2.1034
2018-11-27 21:21:27,152 tracker_1 0.9264 0.3650 -0.0930 0.3229 -0.0750 -0.0631 -0.9952 -1.0359 -0.3691 0.9289 -0.0311 -2.1061
2018-11-27 21:21:27,187 tracker_1 0.9179 0.3872 -0.0872 0.3054 -0.0666 -0.0662 -0.9956 -1.0347 -0.3913 0.9196 -0.0349 -2.1091
2018-11-27 21:21:27,222 tracker_1 0.9071 0.4124 -0.0841 0.2878 -0.0587 -0.0739 -0.9955 -1.0366 -0.4168 0.9080 -0.0428 -2.1139
2018-11-27 21:21:27,257 tracker_1 0.8951 0.4386 -0.0804 0.2685 -0.0570 -0.0663 -0.9962 -1.0383 -0.4422 0.8962 -0.0343 -2.1280
2018-11-27 21:21:27,292 tracker_1 0.8834 0.4631 -0.0720 0.2474 -0.0550 -0.0502 -0.9972 -1.0401 -0.4654 0.8849 -0.0188 -2.1464
2018-11-27 21:21:27,327 tracker_1 0.8732 0.4839 -0.0583 0.2275 -0.0459 -0.0375 -0.9982 -1.0401 -0.4853 0.8743 -0.0105 -2.1604
2018-11-27 21:21:27,362 tracker_1 0.8643 0.5006 -0.0483 0.2130 -0.0360 -0.0342 -0.9988 -1.0400 -0.5017 0.8650 -0.0115 -2.1666
2018-11-27 21:21:27,397 tracker_1 0.8580 0.5120 -0.0397 0.2027 -0.0207 -0.0426 -0.9989 -1.0406 -0.5132 0.8579 -0.0260 -2.1668
2018-11-27 21:21:27,432 tracker_1 0.8550 0.5171 -0.0394 0.1950 -0.0207 -0.0419 -0.9989 -1.0405 -0.5182 0.8549 -0.0251 -2.1744
2018-11-27 21:21:27,467 tracker_1 0.8551 0.5174 -0.0335 0.1881 -0.0267 -0.0205 -0.9994 -1.0444 -0.5178 0.8555 -0.0037 -2.1899
2018-11-27 21:21:27,501 tracker_1 0.8574 0.5142 -0.0204 0.1827 -0.0227 -0.0018 -0.9997 -1.0472 -0.5141 0.8577 0.0101 -2.2013
2018-11-27 21:21:27,536 tracker_1 0.8594 0.5109 -0.0186 0.1864 -0.0187 -0.0050 -0.9998 -1.0508 -0.5109 0.8596 0.0052 -2.2047
2018-11-27 21:21:27,571 tracker_1 0.8607 0.5074 -0.0424 0.2015 -0.0424 -0.0116 -0.9990 -1.0524 -0.5074 0.8616 0.0115 -2.2077
2018-11-27 21:21:27,606 tracker_1 0.8609 0.5042 -0.0674 0.2125 -0.0662 -0.0203 -0.9976 -1.0498 -0.5044 0.8633 0.0159 -2.2057
2018-11-27 21:21:27,641 tracker_1 0.8618 0.5047 -0.0508 0.2089 -0.0437 -0.0258 -0.9987 -1.0468 -0.5054 0.8629 -0.0002 -2.1954
2018-11-27 21:21:27,676 tracker_1 0.8608 0.5073 -0.0409 0.2049 -0.0314 -0.0273 -0.9991 -1.0454 -0.5080 0.8613 -0.0076 -2.1885
2018-11-27 21:21:27,711 tracker_1 0.8563 0.5139 -0.0511 0.2074 -0.0462 -0.0223 -0.9987 -1.0469 -0.5143 0.8576 0.0046 -2.1903
2018-11-27 21:21:27,746 tracker_1 0.8529 0.5195 -0.0527 0.2062 -0.0508 -0.0178 -0.9985 -1.0511 -0.5197 0.8543 0.0112 -2.1920
2018-11-27 21:21:27,781 tracker_1 0.8524 0.5216 -0.0370 0.2000 -0.0343 -0.0149 -0.9993 -1.0534 -0.5217 0.8531 0.0051 -2.1889
2018-11-27 21:21:27,816 tracker_1 0.8531 0.5209 -0.0305 0.1990 -0.0273 -0.0138 -0.9995 -1.0525 -0.5211 0.8535 0.0024 -2.1880
2018-11-27 21:21:27,850 tracker_1 0.8537 0.5193 -0.0395 0.2043 -0.0393 -0.0114 -0.9992 -1.0541 -0.5193 0.8545 0.0107 -2.1917
2018-11-27 21:21:27,885 tracker_1 0.8544 0.5173 -0.0486 0.2097 -0.0482 -0.0143 -0.9987 -1.0527 -0.5174 0.8557 0.0127 -2.1913
2018-11-27 21:21:27,920 tracker_1 0.8558 0.5154 -0.0445 0.2113 -0.0409 -0.0184 -0.9990 -1.0528 -0.5157 0.8568 0.0054 -2.1875
2018-11-27 21:21:27,955 tracker_1 0.8575 0.5130 -0.0388 0.2123 -0.0335 -0.0196 -0.9992 -1.0519 -0.5133 0.8582 0.0004 -2.1857
2018-11-27 21:21:27,990 tracker_1 0.8603 0.5083 -0.0381 0.2161 -0.0360 -0.0140 -0.9993 -1.0521 -0.5085 0.8611 0.0062 -2.1876
2018-11-27 21:21:28,025 tracker_1 0.8635 0.5025 -0.0421 0.2220 -0.0397 -0.0155 -0.9991 -1.0505 -0.5027 0.8644 0.0066 -2.1875
2018-11-27 21:21:28,060 tracker_1 0.8662 0.4973 -0.0492 0.2288 -0.0414 -0.0267 -0.9988 -1.0496 -0.4980 0.8672 -0.0025 -2.1833
2018-11-27 21:21:28,095 tracker_1 0.8683 0.4929 -0.0550 0.2337 -0.0425 -0.0366 -0.9984 -1.0494 -0.4942 0.8693 -0.0108 -2.1805
2018-11-27 21:21:28,130 tracker_1 0.8703 0.4898 -0.0517 0.2344 -0.0404 -0.0335 -0.9986 -1.0481 -0.4908 0.8712 -0.0093 -2.1814
2018-11-27 21:21:28,165 tracker_1 0.8730 0.4851 -0.0500 0.2348 -0.0419 -0.0275 -0.9987 -1.0489 -0.4859 0.8740 -0.0037 -2.1836
2018-11-27 21:21:28,199 tracker_1 0.8762 0.4790 -0.0535 0.2358 -0.0446 -0.0299 -0.9986 -1.0489 -0.4799 0.8773 -0.0048 -2.1838
2018-11-27 21:21:28,234 tracker_1 0.8789 0.4737 -0.0564 0.2345 -0.0467 -0.0323 -0.9984 -1.0493 -0.4748 0.8801 -0.0062 -2.1850
2018-11-27 21:21:28,269 tracker_1 0.8812 0.4698 -0.0524 0.2307 -0.0448 -0.0273 -0.9986 -1.0496 -0.4706 0.8824 -0.0030 -2.1890
2018-11-27 21:21:28,304 tracker_1 0.8833 0.4659 -0.0512 0.2271 -0.0463 -0.0219 -0.9987 -1.0501 -0.4664 0.8846 0.0022 -2.1952
2018-11-27 21:21:28,339 tracker_1 0.8849 0.4629 -0.0518 0.2240 -0.0480 -0.0200 -0.9986 -1.0507 -0.4633 0.8862 0.0045 -2.2007
2018-11-27 21:21:28,374 tracker_1 0.8853 0.4622 -0.0507 0.2197 -0.0482 -0.0171 -0.9987 -1.0514 -0.4625 0.8866 0.0072 -2.2062
2018-11-27 21:21:28,408 tracker_1 0.8846 0.4640 -0.0463 0.2146 -0.0464 -0.0113 -0.9989 -1.0520 -0.4640 0.8858 0.0115 -2.2110
2018-11-27 21:21:28,443 tracker_1 0.8832 0.4671 -0.0422 0.2100 -0.0429 -0.0092 -0.9990 -1.0531 -0.4671 0.8841 0.0119 -2.2140
2018-11-27 21:21:28,478 tracker_1 0.8810 0.4714 -0.0409 0.2062 -0.0407 -0.0107 -0.9991 -1.0536 -0.4714 0.8819 0.0097 -2.2149
2018-11-27 21:21:28,513 tracker_1 0.8787 0.4757 -0.0398 0.2027 -0.0398 -0.0102 -0.9992 -1.0538 -0.4757 0.8795 0.0100 -2.2167
2018-11-27 21:21:28,548 tracker_1 0.8772 0.4788 -0.0372 0.1988 -0.0377 -0.0085 -0.9993 -1.0545 -0.4787 0.8779 0.0106 -2.2189
2018-11-27 21:21:28,583 tracker_1 0.8769 0.4795 -0.0339 0.1948 -0.0347 -0.0071 -0.9994 -1.0551 -0.4795 0.8775 0.0104 -2.2208
2018-11-27 21:21:28,618 tracker_1 0.8775 0.4786 -0.0313 0.1920 -0.0330 -0.0049 -0.9994 -1.0554 -0.4784 0.8780 0.0115 -2.2234
2018-11-27 21:21:28,653 tracker_1 0.8788 0.4761 -0.0331 0.1913 -0.0346 -0.0056 -0.9994 -1.0551 -0.4760 0.8794 0.0116 -2.2249
2018-11-27 21:21:28,688 tracker_1 0.8801 0.4732 -0.0371 0.1921 -0.0375 -0.0086 -0.9993 -1.0559 -0.4732 0.8809 0.0102 -2.2266
2018-11-27 21:21:28,723 tracker_1 0.8817 0.4702 -0.0379 0.1918 -0.0394 -0.0066 -0.9992 -1.0555 -0.4701 0.8825 0.0127 -2.2301
2018-11-27 21:21:28,758 tracker_1 0.8824 0.4691 -0.0361 0.1907 -0.0395 -0.0026 -0.9992 -1.0561 -0.4688 0.8832 0.0162 -2.2327
2018-11-27 21:21:28,792 tracker_1 0.8822 0.4695 -0.0346 0.1899 -0.0382 -0.0017 -0.9993 -1.0558 -0.4692 0.8829 0.0164 -2.2327
2018-11-27 21:21:28,827 tracker_1 0.8823 0.4694 -0.0360 0.1908 -0.0378 -0.0056 -0.9993 -1.0558 -0.4692 0.8830 0.0128 -2.2306
2018-11-27 21:21:28,862 tracker_1 0.8827 0.4684 -0.0382 0.1921 -0.0397 -0.0068 -0.9992 -1.0554 -0.4683 0.8835 0.0126 -2.2299
2018-11-27 21:21:28,897 tracker_1 0.8833 0.4674 -0.0381 0.1930 -0.0403 -0.0052 -0.9992 -1.0551 -0.4672 0.8841 0.0142 -2.2293
2018-11-27 21:21:28,932 tracker_1 0.8842 0.4655 -0.0376 0.1942 -0.0379 -0.0088 -0.9992 -1.0545 -0.4655 0.8850 0.0099 -2.2264
2018-11-27 21:21:28,967 tracker_1 0.8857 0.4626 -0.0403 0.1971 -0.0378 -0.0147 -0.9992 -1.0539 -0.4628 0.8864 0.0044 -2.2235
2018-11-27 21:21:29,002 tracker_1 0.8874 0.4590 -0.0421 0.1994 -0.0387 -0.0169 -0.9991 -1.0531 -0.4593 0.8883 0.0027 -2.2229
2018-11-27 21:21:29,037 tracker_1 0.8884 0.4568 -0.0459 0.2016 -0.0420 -0.0187 -0.9989 -1.0532 -0.4572 0.8894 0.0026 -2.2238
2018-11-27 21:21:29,072 tracker_1 0.8885 0.4563 -0.0482 0.2019 -0.0449 -0.0180 -0.9988 -1.0539 -0.4566 0.8897 0.0045 -2.2252
2018-11-27 21:21:29,107 tracker_1 0.8889 0.4558 -0.0460 0.2001 -0.0443 -0.0143 -0.9989 -1.0542 -0.4560 0.8900 0.0075 -2.2273
2018-11-27 21:21:29,141 tracker_1 0.8900 0.4540 -0.0417 0.1975 -0.0408 -0.0118 -0.9991 -1.0545 -0.4541 0.8909 0.0080 -2.2291
2018-11-27 21:21:29,176 tracker_1 0.8921 0.4503 -0.0379 0.1962 -0.0364 -0.0120 -0.9993 -1.0552 -0.4505 0.8928 0.0057 -2.2314
2018-11-27 21:21:29,211 tracker_1 0.8946 0.4455 -0.0352 0.1969 -0.0353 -0.0080 -0.9993 -1.0548 -0.4455 0.8952 0.0085 -2.2356
2018-11-27 21:21:29,246 tracker_1 0.8975 0.4395 -0.0370 0.1999 -0.0377 -0.0071 -0.9993 -1.0553 -0.4395 0.8982 0.0102 -2.2400
2018-11-27 21:21:29,281 tracker_1 0.9008 0.4324 -0.0399 0.2048 -0.0401 -0.0087 -0.9992 -1.0564 -0.4324 0.9017 0.0095 -2.2435
2018-11-27 21:21:29,316 tracker_1 0.9039 0.4256 -0.0415 0.2095 -0.0434 -0.0053 -0.9990 -1.0565 -0.4254 0.9049 0.0137 -2.2485
2018-11-27 21:21:29,351 tracker_1 0.9065 0.4197 -0.0450 0.2139 -0.0487 -0.0020 -0.9988 -1.0565 -0.4193 0.9077 0.0186 -2.2524
2018-11-27 21:21:29,386 tracker_1 0.9088 0.4147 -0.0464 0.2163 -0.0492 -0.0040 -0.9988 -1.0560 -0.4143 0.9100 0.0168 -2.2518
2018-11-27 21:21:29,421 tracker_1 0.9110 0.4102 -0.0435 0.2170 -0.0434 -0.0095 -0.9990 -1.0565 -0.4102 0.9120 0.0092 -2.2486
2018-11-27 21:21:29,456 tracker_1 0.9124 0.4071 -0.0419 0.2175 -0.0408 -0.0114 -0.9991 -1.0560 -0.4073 0.9133 0.0062 -2.2475
2018-11-27 21:21:29,491 tracker_1 0.9134 0.4049 -0.0426 0.2181 -0.0441 -0.0056 -0.9990 -1.0562 -0.4047 0.9144 0.0127 -2.2501
2018-11-27 21:21:29,525 tracker_1 0.9143 0.4027 -0.0425 0.2181 -0.0452 -0.0028 -0.9990 -1.0558 -0.4024 0.9153 0.0157 -2.2506
2018-11-27 21:21:29,560 tracker_1 0.9155 0.4002 -0.0417 0.2179 -0.0435 -0.0044 -0.9990 -1.0571 -0.4000 0.9164 0.0134 -2.2496
2018-11-27 21:21:29,595 tracker_1 0.9165 0.3979 -0.0421 0.2184 -0.0431 -0.0065 -0.9991 -1.0568 -0.3978 0.9174 0.0112 -2.2486
2018-11-27 21:21:29,630 tracker_1 0.9169 0.3969 -0.0420 0.2186 -0.0439 -0.0044 -0.9990 -1.0571 -0.3967 0.9179 0.0134 -2.2495
2018-11-27 21:21:29,665 tracker_1 0.9168 0.3971 -0.0428 0.2195 -0.0458 -0.0019 -0.9989 -1.0569 -0.3967 0.9178 0.0164 -2.2502
2018-11-27 21:21:29,700 tracker_1 0.9169 0.3968 -0.0426 0.2193 -0.0447 -0.0038 -0.9990 -1.0571 -0.3966 0.9179 0.0143 -2.2494
2018-11-27 21:21:29,735 tracker_1 0.9169 0.3968 -0.0425 0.2186 -0.0444 -0.0042 -0.9990 -1.0571 -0.3966 0.9179 0.0138 -2.2498
2018-11-27 21:21:29,770 tracker_1 0.9171 0.3964 -0.0425 0.2182 -0.0458 -0.0011 -0.9990 -1.0577 -0.3961 0.9181 0.0171 -2.2519
2018-11-27 21:21:29,804 tracker_1 0.9177 0.3952 -0.0418 0.2176 -0.0459 0.0010 -0.9989 -1.0583 -0.3947 0.9186 0.0190 -2.2535
2018-11-27 21:21:29,839 tracker_1 0.9183 0.3938 -0.0419 0.2173 -0.0467 0.0026 -0.9989 -1.0580 -0.3932 0.9192 0.0208 -2.2542
2018-11-27 21:21:29,874 tracker_1 0.9187 0.3926 -0.0423 0.2169 -0.0460 0.0002 -0.9989 -1.0580 -0.3922 0.9197 0.0183 -2.2532
2018-11-27 21:21:29,909 tracker_1 0.9192 0.3915 -0.0428 0.2166 -0.0464 -0.0002 -0.9989 -1.0582 -0.3911 0.9202 0.0180 -2.2530
2018-11-27 21:21:29,944 tracker_1 0.9200 0.3896 -0.0430 0.2158 -0.0474 0.0015 -0.9989 -1.0582 -0.3891 0.9210 0.0198 -2.2530
2018-11-27 21:21:29,979 tracker_1 0.9209 0.3872 -0.0449 0.2156 -0.0482 -0.0010 -0.9988 -1.0582 -0.3867 0.9220 0.0177 -2.2511
2018-11-27 21:21:30,014 tracker_1 0.9220 0.3844 -0.0457 0.2147 -0.0485 -0.0024 -0.9988 -1.0584 -0.3841 0.9232 0.0164 -2.2506
2018-11-27 21:21:30,049 tracker_1 0.9231 0.3818 -0.0461 0.2127 -0.0496 -0.0004 -0.9988 -1.0588 -0.3814 0.9242 0.0185 -2.2515
2018-11-27 21:21:30,083 tracker_1 0.9242 0.3794 -0.0434 0.2094 -0.0479 0.0023 -0.9989 -1.0585 -0.3789 0.9252 0.0203 -2.2520
2018-11-27 21:21:30,118 tracker_1 0.9253 0.3769 -0.0427 0.2066 -0.0468 0.0018 -0.9989 -1.0587 -0.3764 0.9262 0.0193 -2.2512
2018-11-27 21:21:30,153 tracker_1 0.9263 0.3743 -0.0429 0.2041 -0.0462 -0.0000 -0.9989 -1.0585 -0.3739 0.9273 0.0173 -2.2498
2018-11-27 21:21:30,188 tracker_1 0.9276 0.3711 -0.0431 0.2015 -0.0470 0.0014 -0.9989 -1.0589 -0.3706 0.9286 0.0188 -2.2506
2018-11-27 21:21:30,223 tracker_1 0.9291 0.3675 -0.0406 0.1987 -0.0451 0.0036 -0.9990 -1.0578 -0.3670 0.9300 0.0200 -2.2513
2018-11-27 21:21:30,258 tracker_1 0.9310 0.3628 -0.0395 0.1975 -0.0449 0.0063 -0.9990 -1.0574 -0.3621 0.9319 0.0221 -2.2517
2018-11-27 21:21:30,293 tracker_1 0.9325 0.3587 -0.0419 0.1977 -0.0477 0.0072 -0.9988 -1.0575 -0.3580 0.9334 0.0238 -2.2500
2018-11-27 21:21:30,328 tracker_1 0.9336 0.3558 -0.0431 0.1975 -0.0475 0.0038 -0.9989 -1.0580 -0.3552 0.9345 0.0204 -2.2460
2018-11-27 21:21:30,363 tracker_1 0.9344 0.3536 -0.0426 0.1969 -0.0456 0.0003 -0.9990 -1.0585 -0.3532 0.9354 0.0164 -2.2422
2018-11-27 21:21:30,398 tracker_1 0.9349 0.3523 -0.0434 0.1972 -0.0468 0.0010 -0.9989 -1.0591 -0.3519 0.9359 0.0174 -2.2398
2018-11-27 21:21:30,433 tracker_1 0.9359 0.3497 -0.0427 0.1960 -0.0461 0.0013 -0.9989 -1.0593 -0.3493 0.9369 0.0173 -2.2378
2018-11-27 21:21:30,467 tracker_1 0.9371 0.3464 -0.0418 0.1956 -0.0449 0.0010 -0.9990 -1.0592 -0.3460 0.9381 0.0165 -2.2353
2018-11-27 21:21:30,502 tracker_1 0.9384 0.3430 -0.0426 0.1959 -0.0458 0.0012 -0.9990 -1.0590 -0.3426 0.9393 0.0168 -2.2338
2018-11-27 21:21:30,537 tracker_1 0.9384 0.3425 -0.0455 0.1969 -0.0491 0.0018 -0.9988 -1.0588 -0.3420 0.9395 0.0185 -2.2325
2018-11-27 21:21:30,572 tracker_1 0.9378 0.3442 -0.0464 0.1968 -0.0509 0.0040 -0.9987 -1.0583 -0.3435 0.9389 0.0213 -2.2297
2018-11-27 21:21:30,607 tracker_1 0.9367 0.3470 -0.0466 0.1951 -0.0497 -0.0001 -0.9988 -1.0582 -0.3466 0.9379 0.0172 -2.2240
2018-11-27 21:21:30,642 tracker_1 0.9359 0.3494 -0.0457 0.1933 -0.0474 -0.0036 -0.9989 -1.0581 -0.3492 0.9370 0.0132 -2.2203
2018-11-27 21:21:30,677 tracker_1 0.9361 0.3495 -0.0390 0.1911 -0.0419 0.0007 -0.9991 -1.0581 -0.3492 0.9369 0.0153 -2.2202
2018-11-27 21:21:30,712 tracker_1 0.9363 0.3491 -0.0388 0.1919 -0.0435 0.0057 -0.9990 -1.0587 -0.3486 0.9371 0.0205 -2.2226
2018-11-27 21:21:30,747 tracker_1 0.9358 0.3496 -0.0457 0.1943 -0.0504 0.0045 -0.9987 -1.0589 -0.3490 0.9369 0.0218 -2.2222
2018-11-27 21:21:30,782 tracker_1 0.9356 0.3493 -0.0509 0.1968 -0.0530 -0.0036 -0.9986 -1.0592 -0.3490 0.9370 0.0151 -2.2190
2018-11-27 21:21:30,816 tracker_1 0.9358 0.3493 -0.0485 0.1954 -0.0502 -0.0043 -0.9987 -1.0595 -0.3490 0.9370 0.0135 -2.2180
2018-11-27 21:21:30,851 tracker_1 0.9359 0.3494 -0.0435 0.1930 -0.0472 0.0021 -0.9989 -1.0596 -0.3490 0.9370 0.0185 -2.2197
2018-11-27 21:21:30,886 tracker_1 0.9358 0.3499 -0.0417 0.1922 -0.0467 0.0058 -0.9989 -1.0593 -0.3493 0.9368 0.0217 -2.2204
2018-11-27 21:21:30,921 tracker_1 0.9358 0.3499 -0.0433 0.1927 -0.0461 -0.0004 -0.9989 -1.0591 -0.3495 0.9368 0.0157 -2.2178
2018-11-27 21:21:30,957 tracker_1 0.9354 0.3504 -0.0470 0.1943 -0.0487 -0.0039 -0.9988 -1.0585 -0.3502 0.9366 0.0134 -2.2171
2018-11-27 21:21:30,990 tracker_1 0.9354 0.3504 -0.0478 0.1945 -0.0514 0.0009 -0.9987 -1.0586 -0.3499 0.9366 0.0189 -2.2197
2018-11-27 21:21:31,025 tracker_1 0.9354 0.3506 -0.0456 0.1934 -0.0498 0.0029 -0.9988 -1.0582 -0.3500 0.9365 0.0202 -2.2205
2018-11-27 21:21:31,060 tracker_1 0.9355 0.3507 -0.0435 0.1930 -0.0465 0.0000 -0.9989 -1.0580 -0.3504 0.9365 0.0163 -2.2192
2018-11-27 21:21:31,095 tracker_1 0.9349 0.3520 -0.0462 0.1933 -0.0483 -0.0026 -0.9988 -1.0587 -0.3517 0.9360 0.0146 -2.2189
2018-11-27 21:21:31,129 tracker_1 0.9347 0.3526 -0.0456 0.1929 -0.0489 0.0006 -0.9988 -1.0583 -0.3522 0.9358 0.0178 -2.2200
2018-11-27 21:21:31,164 tracker_1 0.9343 0.3537 -0.0452 0.1923 -0.0483 0.0000 -0.9988 -1.0589 -0.3533 0.9354 0.0171 -2.2188
2018-11-27 21:21:31,199 tracker_1 0.9342 0.3539 -0.0446 0.1917 -0.0461 -0.0043 -0.9989 -1.0583 -0.3538 0.9353 0.0123 -2.2166
2018-11-27 21:21:31,234 tracker_1 0.9334 0.3558 -0.0468 0.1907 -0.0480 -0.0053 -0.9988 -1.0583 -0.3556 0.9345 0.0122 -2.2160
2018-11-27 21:21:31,269 tracker_1 0.9321 0.3589 -0.0484 0.1900 -0.0499 -0.0050 -0.9987 -1.0578 -0.3587 0.9334 0.0133 -2.2163
2018-11-27 21:21:31,304 tracker_1 0.9313 0.3614 -0.0464 0.1879 -0.0468 -0.0078 -0.9989 -1.0574 -0.3613 0.9324 0.0096 -2.2154
2018-11-27 21:21:31,339 tracker_1 0.9310 0.3625 -0.0421 0.1857 -0.0416 -0.0092 -0.9991 -1.0569 -0.3625 0.9319 0.0065 -2.2146
2018-11-27 21:21:31,374 tracker_1 0.9311 0.3626 -0.0407 0.1851 -0.0413 -0.0060 -0.9991 -1.0571 -0.3625 0.9319 0.0094 -2.2159
2018-11-27 21:21:31,409 tracker_1 0.9305 0.3637 -0.0438 0.1865 -0.0449 -0.0056 -0.9990 -1.0565 -0.3636 0.9315 0.0111 -2.2176
2018-11-27 21:21:31,444 tracker_1 0.9297 0.3656 -0.0444 0.1873 -0.0440 -0.0092 -0.9990 -1.0566 -0.3656 0.9307 0.0075 -2.2185
2018-11-27 21:21:31,479 tracker_1 0.9289 0.3678 -0.0428 0.1869 -0.0435 -0.0065 -0.9990 -1.0568 -0.3677 0.9299 0.0100 -2.2217
2018-11-27 21:21:31,513 tracker_1 0.9286 0.3687 -0.0424 0.1879 -0.0453 -0.0008 -0.9990 -1.0567 -0.3683 0.9296 0.0160 -2.2250
2018-11-27 21:21:31,548 tracker_1 0.9284 0.3692 -0.0432 0.1889 -0.0451 -0.0037 -0.9990 -1.0571 -0.3690 0.9294 0.0132 -2.2240
2018-11-27 21:21:31,583 tracker_1 0.9283 0.3692 -0.0453 0.1896 -0.0451 -0.0091 -0.9989 -1.0577 -0.3692 0.9293 0.0082 -2.2218
2018-11-27 21:21:31,618 tracker_1 0.9283 0.3690 -0.0449 0.1895 -0.0449 -0.0087 -0.9990 -1.0577 -0.3690 0.9294 0.0085 -2.2218
2018-11-27 21:21:31,653 tracker_1 0.9283 0.3692 -0.0436 0.1890 -0.0456 -0.0035 -0.9990 -1.0585 -0.3689 0.9294 0.0135 -2.2232
2018-11-27 21:21:31,688 tracker_1 0.9284 0.3691 -0.0425 0.1891 -0.0440 -0.0042 -0.9990 -1.0581 -0.3689 0.9294 0.0123 -2.2223
2018-11-27 21:21:31,723 tracker_1 0.9287 0.3683 -0.0432 0.1895 -0.0437 -0.0069 -0.9990 -1.0582 -0.3682 0.9297 0.0096 -2.2211
2018-11-27 21:21:31,758 tracker_1 0.9291 0.3671 -0.0442 0.1901 -0.0449 -0.0067 -0.9990 -1.0580 -0.3670 0.9302 0.0103 -2.2209
2018-11-27 21:21:31,793 tracker_1 0.9296 0.3660 -0.0432 0.1902 -0.0447 -0.0043 -0.9990 -1.0578 -0.3658 0.9306 0.0123 -2.2213
2018-11-27 21:21:31,828 tracker_1 0.9306 0.3637 -0.0424 0.1900 -0.0442 -0.0036 -0.9990 -1.0571 -0.3635 0.9315 0.0127 -2.2205
2018-11-27 21:21:31,863 tracker_1 0.9318 0.3604 -0.0434 0.1903 -0.0441 -0.0061 -0.9990 -1.0571 -0.3603 0.9328 0.0102 -2.2186
2018-11-27 21:21:31,897 tracker_1 0.9325 0.3584 -0.0446 0.1905 -0.0449 -0.0077 -0.9990 -1.0569 -0.3584 0.9335 0.0089 -2.2162
2018-11-27 21:21:31,932 tracker_1 0.9329 0.3574 -0.0442 0.1900 -0.0443 -0.0078 -0.9990 -1.0569 -0.3574 0.9339 0.0085 -2.2144
2018-11-27 21:21:31,967 tracker_1 0.9331 0.3571 -0.0426 0.1891 -0.0417 -0.0101 -0.9991 -1.0570 -0.3572 0.9340 0.0055 -2.2123
2018-11-27 21:21:32,002 tracker_1 0.9332 0.3570 -0.0417 0.1887 -0.0407 -0.0103 -0.9991 -1.0573 -0.3571 0.9341 0.0049 -2.2117
2018-11-27 21:21:32,037 tracker_1 0.9333 0.3565 -0.0418 0.1889 -0.0424 -0.0062 -0.9991 -1.0576 -0.3565 0.9343 0.0093 -2.2129
2018-11-27 21:21:32,072 tracker_1 0.9336 0.3560 -0.0412 0.1887 -0.0418 -0.0060 -0.9991 -1.0575 -0.3560 0.9344 0.0093 -2.2119
2018-11-27 21:21:32,107 tracker_1 0.9341 0.3548 -0.0405 0.1890 -0.0393 -0.0106 -0.9992 -1.0575 -0.3549 0.9349 0.0040 -2.2094
2018-11-27 21:21:32,142 tracker_1 0.9348 0.3528 -0.0408 0.1899 -0.0398 -0.0101 -0.9992 -1.0568 -0.3529 0.9356 0.0047 -2.2087
2018-11-27 21:21:32,177 tracker_1 0.9362 0.3492 -0.0396 0.1908 -0.0387 -0.0095 -0.9992 -1.0561 -0.3493 0.9370 0.0046 -2.2072
2018-11-27 21:21:32,212 tracker_1 0.9382 0.3440 -0.0372 0.1924 -0.0340 -0.0154 -0.9993 -1.0549 -0.3444 0.9388 -0.0028 -2.2030
2018-11-27 21:21:32,246 tracker_1 0.9407 0.3372 -0.0374 0.1961 -0.0323 -0.0207 -0.9993 -1.0537 -0.3378 0.9412 -0.0086 -2.1994
2018-11-27 21:21:32,281 tracker_1 0.9429 0.3306 -0.0403 0.2008 -0.0332 -0.0272 -0.9991 -1.0507 -0.3314 0.9434 -0.0147 -2.1956
2018-11-27 21:21:32,316 tracker_1 0.9445 0.3266 -0.0368 0.2022 -0.0240 -0.0433 -0.9988 -1.0486 -0.3277 0.9442 -0.0331 -2.1860
2018-11-27 21:21:32,350 tracker_1 0.9458 0.3237 -0.0250 0.2030 -0.0067 -0.0576 -0.9983 -1.0489 -0.3246 0.9444 -0.0523 -2.1777
2018-11-27 21:21:32,385 tracker_1 0.9462 0.3211 -0.0392 0.2120 -0.0188 -0.0664 -0.9976 -1.0465 -0.3229 0.9447 -0.0568 -2.1744
2018-11-27 21:21:32,420 tracker_1 0.9463 0.3193 -0.0511 0.2163 -0.0313 -0.0669 -0.9973 -1.0472 -0.3218 0.9453 -0.0533 -2.1751
2018-11-27 21:21:32,454 tracker_1 0.9480 0.3171 -0.0278 0.2072 -0.0097 -0.0584 -0.9982 -1.0477 -0.3181 0.9466 -0.0523 -2.1763
2018-11-27 21:21:32,489 tracker_1 0.9490 0.3148 -0.0146 0.2040 0.0029 -0.0551 -0.9985 -1.0486 -0.3152 0.9475 -0.0532 -2.1765
2018-11-27 21:21:32,524 tracker_1 0.9494 0.3125 -0.0305 0.2115 -0.0100 -0.0670 -0.9977 -1.0479 -0.3138 0.9475 -0.0605 -2.1746
2018-11-27 21:21:32,559 tracker_1 0.9491 0.3128 -0.0384 0.2138 -0.0141 -0.0797 -0.9967 -1.0450 -0.3148 0.9465 -0.0712 -2.1714
2018-11-27 21:21:32,594 tracker_1 0.9481 0.3169 -0.0268 0.2093 -0.0020 -0.0784 -0.9969 -1.0405 -0.3180 0.9452 -0.0737 -2.1697
2018-11-27 21:21:32,628 tracker_1 0.9460 0.3224 -0.0329 0.2118 -0.0073 -0.0802 -0.9968 -1.0365 -0.3239 0.9432 -0.0735 -2.1694
2018-11-27 21:21:32,663 tracker_1 0.9450 0.3239 -0.0461 0.2182 -0.0146 -0.0990 -0.9950 -1.0314 -0.3268 0.9409 -0.0888 -2.1600
2018-11-27 21:21:32,698 tracker_1 0.9435 0.3282 -0.0448 0.2176 -0.0094 -0.1086 -0.9940 -1.0311 -0.3311 0.9383 -0.0994 -2.1562
2018-11-27 21:21:32,733 tracker_1 0.9422 0.3328 -0.0390 0.2171 -0.0030 -0.1080 -0.9941 -1.0285 -0.3351 0.9368 -0.1007 -2.1541
2018-11-27 21:21:32,768 tracker_1 0.9404 0.3366 -0.0480 0.2224 -0.0098 -0.1141 -0.9934 -1.0272 -0.3399 0.9347 -0.1040 -2.1530
2018-11-27 21:21:32,803 tracker_1 0.9391 0.3394 -0.0532 0.2258 -0.0088 -0.1311 -0.9913 -1.0253 -0.3434 0.9315 -0.1201 -2.1467
2018-11-27 21:21:32,838 tracker_1 0.9384 0.3414 -0.0534 0.2283 -0.0067 -0.1364 -0.9906 -1.0234 -0.3455 0.9299 -0.1257 -2.1447
2018-11-27 21:21:32,873 tracker_1 0.9375 0.3420 -0.0638 0.2336 -0.0191 -0.1325 -0.9910 -1.0222 -0.3473 0.9303 -0.1177 -2.1459
2018-11-27 21:21:32,907 tracker_1 0.9374 0.3418 -0.0662 0.2345 -0.0214 -0.1333 -0.9908 -1.0231 -0.3475 0.9303 -0.1176 -2.1438
2018-11-27 21:21:32,942 tracker_1 0.9382 0.3414 -0.0563 0.2314 -0.0103 -0.1350 -0.9908 -1.0233 -0.3458 0.9302 -0.1231 -2.1397
2018-11-27 21:21:32,977 tracker_1 0.9381 0.3416 -0.0571 0.2319 -0.0123 -0.1318 -0.9912 -1.0224 -0.3461 0.9306 -0.1195 -2.1399
2018-11-27 21:21:33,012 tracker_1 0.9370 0.3427 -0.0674 0.2374 -0.0224 -0.1336 -0.9908 -1.0210 -0.3486 0.9299 -0.1175 -2.1390
2018-11-27 21:21:33,047 tracker_1 0.9369 0.3425 -0.0696 0.2378 -0.0198 -0.1468 -0.9890 -1.0200 -0.3489 0.9280 -0.1307 -2.1325
2018-11-27 21:21:33,082 tracker_1 0.9369 0.3435 -0.0654 0.2366 -0.0141 -0.1497 -0.9886 -1.0193 -0.3494 0.9271 -0.1354 -2.1299
2018-11-27 21:21:33,117 tracker_1 0.9361 0.3455 -0.0663 0.2370 -0.0167 -0.1446 -0.9894 -1.0185 -0.3515 0.9272 -0.1295 -2.1313
2018-11-27 21:21:33,152 tracker_1 0.9356 0.3460 -0.0703 0.2385 -0.0205 -0.1458 -0.9891 -1.0185 -0.3525 0.9268 -0.1293 -2.1306
2018-11-27 21:21:33,187 tracker_1 0.9356 0.3461 -0.0698 0.2384 -0.0189 -0.1483 -0.9888 -1.0185 -0.3525 0.9264 -0.1322 -2.1287
2018-11-27 21:21:33,223 tracker_1 0.9352 0.3469 -0.0710 0.2387 -0.0212 -0.1455 -0.9891 -1.0185 -0.3535 0.9265 -0.1287 -2.1294
2018-11-27 21:21:33,256 tracker_1 0.9353 0.3470 -0.0691 0.2382 -0.0192 -0.1453 -0.9892 -1.0187 -0.3532 0.9266 -0.1292 -2.1294
2018-11-27 21:21:33,291 tracker_1 0.9355 0.3466 -0.0686 0.2380 -0.0180 -0.1472 -0.9889 -1.0191 -0.3529 0.9264 -0.1314 -2.1286
2018-11-27 21:21:33,326 tracker_1 0.9353 0.3466 -0.0716 0.2388 -0.0214 -0.1467 -0.9889 -1.0188 -0.3532 0.9265 -0.1298 -2.1290
2018-11-27 21:21:33,361 tracker_1 0.9352 0.3469 -0.0705 0.2376 -0.0219 -0.1421 -0.9896 -1.0191 -0.3533 0.9271 -0.1253 -2.1306
2018-11-27 21:21:33,396 tracker_1 0.9350 0.3477 -0.0690 0.2367 -0.0220 -0.1374 -0.9903 -1.0193 -0.3538 0.9275 -0.1208 -2.1322
2018-11-27 21:21:33,431 tracker_1 0.9342 0.3495 -0.0722 0.2377 -0.0272 -0.1319 -0.9909 -1.0195 -0.3558 0.9276 -0.1137 -2.1346
2018-11-27 21:21:33,466 tracker_1 0.9324 0.3532 -0.0762 0.2388 -0.0313 -0.1311 -0.9909 -1.0192 -0.3600 0.9263 -0.1112 -2.1334
2018-11-27 21:21:33,501 tracker_1 0.9302 0.3589 -0.0774 0.2383 -0.0293 -0.1376 -0.9901 -1.0173 -0.3660 0.9232 -0.1175 -2.1266
2018-11-27 21:21:33,536 tracker_1 0.9265 0.3678 -0.0789 0.2368 -0.0269 -0.1443 -0.9892 -1.0168 -0.3752 0.9186 -0.1238 -2.1215
2018-11-27 21:21:33,571 tracker_1 0.9232 0.3772 -0.0741 0.2339 -0.0196 -0.1463 -0.9890 -1.0156 -0.3839 0.9145 -0.1276 -2.1164
2018-11-27 21:21:33,606 tracker_1 0.9199 0.3845 -0.0772 0.2343 -0.0187 -0.1536 -0.9880 -1.0148 -0.3918 0.9102 -0.1341 -2.1105
2018-11-27 21:21:33,640 tracker_1 0.9165 0.3904 -0.0876 0.2372 -0.0264 -0.1595 -0.9869 -1.0135 -0.3992 0.9067 -0.1359 -2.1063
2018-11-27 21:21:33,675 tracker_1 0.9133 0.3967 -0.0921 0.2378 -0.0323 -0.1550 -0.9874 -1.0128 -0.4060 0.9048 -0.1287 -2.1055
2018-11-27 21:21:33,710 tracker_1 0.9101 0.4037 -0.0931 0.2363 -0.0350 -0.1488 -0.9882 -1.0130 -0.4128 0.9027 -0.1213 -2.1044
2018-11-27 21:21:33,745 tracker_1 0.9065 0.4121 -0.0917 0.2334 -0.0327 -0.1481 -0.9884 -1.0139 -0.4209 0.8990 -0.1208 -2.0997
2018-11-27 21:21:33,780 tracker_1 0.9025 0.4217 -0.0878 0.2299 -0.0255 -0.1513 -0.9882 -1.0146 -0.4300 0.8940 -0.1258 -2.0929
2018-11-27 21:21:33,815 tracker_1 0.8977 0.4325 -0.0839 0.2271 -0.0197 -0.1508 -0.9884 -1.0149 -0.4401 0.8889 -0.1269 -2.0877
2018-11-27 21:21:33,850 tracker_1 0.8926 0.4434 -0.0818 0.2261 -0.0178 -0.1465 -0.9890 -1.0136 -0.4505 0.8843 -0.1229 -2.0833
2018-11-27 21:21:33,885 tracker_1 0.8855 0.4566 -0.0864 0.2270 -0.0237 -0.1413 -0.9897 -1.0139 -0.4641 0.8784 -0.1143 -2.0810
2018-11-27 21:21:33,920 tracker_1 0.8767 0.4718 -0.0943 0.2272 -0.0329 -0.1367 -0.9901 -1.0137 -0.4800 0.8711 -0.1043 -2.0789
2018-11-27 21:21:33,954 tracker_1 0.8659 0.4908 -0.0966 0.2242 -0.0372 -0.1292 -0.9909 -1.0131 -0.4989 0.8616 -0.0936 -2.0764
2018-11-27 21:21:33,989 tracker_1 0.8532 0.5125 -0.0975 0.2209 -0.0370 -0.1270 -0.9912 -1.0137 -0.5204 0.8493 -0.0894 -2.0709
2018-11-27 21:21:34,024 tracker_1 0.8398 0.5335 -0.1008 0.2198 -0.0314 -0.1376 -0.9900 -1.0132 -0.5420 0.8346 -0.0988 -2.0629
2018-11-27 21:21:34,059 tracker_1 0.8260 0.5535 -0.1064 0.2205 -0.0340 -0.1396 -0.9896 -1.0127 -0.5627 0.8210 -0.0965 -2.0602
2018-11-27 21:21:34,094 tracker_1 0.8131 0.5727 -0.1043 0.2184 -0.0353 -0.1303 -0.9909 -1.0107 -0.5811 0.8093 -0.0857 -2.0591
2018-11-27 21:21:34,129 tracker_1 0.8024 0.5895 -0.0930 0.2136 -0.0267 -0.1202 -0.9924 -1.0102 -0.5962 0.7988 -0.0807 -2.0558
2018-11-27 21:21:34,164 tracker_1 0.7933 0.6027 -0.0861 0.2104 -0.0148 -0.1223 -0.9924 -1.0107 -0.6087 0.7885 -0.0881 -2.0478
2018-11-27 21:21:34,199 tracker_1 0.7851 0.6140 -0.0816 0.2095 -0.0081 -0.1217 -0.9925 -1.0106 -0.6193 0.7799 -0.0906 -2.0411
2018-11-27 21:21:34,233 tracker_1 0.7766 0.6248 -0.0808 0.2119 -0.0127 -0.1127 -0.9935 -1.0105 -0.6299 0.7726 -0.0796 -2.0396
2018-11-27 21:21:34,268 tracker_1 0.7684 0.6348 -0.0812 0.2168 -0.0151 -0.1089 -0.9939 -1.0108 -0.6398 0.7649 -0.0740 -2.0355
2018-11-27 21:21:34,303 tracker_1 0.7603 0.6430 -0.0919 0.2263 -0.0162 -0.1226 -0.9923 -1.0115 -0.6494 0.7560 -0.0828 -2.0266
2018-11-27 21:21:34,338 tracker_1 0.7521 0.6501 -0.1083 0.2385 -0.0248 -0.1362 -0.9904 -1.0103 -0.6586 0.7475 -0.0863 -2.0214
2018-11-27 21:21:34,373 tracker_1 0.7446 0.6565 -0.1208 0.2484 -0.0364 -0.1407 -0.9894 -1.0107 -0.6665 0.7411 -0.0808 -2.0190
2018-11-27 21:21:34,408 tracker_1 0.7404 0.6611 -0.1212 0.2530 -0.0355 -0.1415 -0.9893 -1.0096 -0.6712 0.7368 -0.0813 -2.0172
2018-11-27 21:21:34,443 tracker_1 0.7383 0.6635 -0.1212 0.2565 -0.0348 -0.1420 -0.9893 -1.0091 -0.6736 0.7346 -0.0818 -2.0161
2018-11-27 21:21:34,478 tracker_1 0.7366 0.6646 -0.1252 0.2598 -0.0390 -0.1430 -0.9889 -1.0092 -0.6752 0.7334 -0.0794 -2.0164
2018-11-27 21:21:34,513 tracker_1 0.7361 0.6651 -0.1260 0.2612 -0.0400 -0.1430 -0.9889 -1.0099 -0.6757 0.7330 -0.0786 -2.0160
2018-11-27 21:21:34,548 tracker_1 0.7357 0.6664 -0.1211 0.2603 -0.0377 -0.1381 -0.9897 -1.0109 -0.6763 0.7326 -0.0765 -2.0157
2018-11-27 21:21:34,582 tracker_1 0.7327 0.6702 -0.1180 0.2600 -0.0382 -0.1327 -0.9904 -1.0111 -0.6795 0.7302 -0.0716 -2.0164
2018-11-27 21:21:34,617 tracker_1 0.7280 0.6752 -0.1187 0.2611 -0.0397 -0.1313 -0.9906 -1.0118 -0.6844 0.7258 -0.0687 -2.0153
2018-11-27 21:21:34,652 tracker_1 0.7223 0.6808 -0.1219 0.2626 -0.0396 -0.1353 -0.9900 -1.0119 -0.6905 0.7199 -0.0707 -2.0127
2018-11-27 21:21:34,687 tracker_1 0.7163 0.6868 -0.1230 0.2626 -0.0394 -0.1362 -0.9899 -1.0125 -0.6966 0.7139 -0.0705 -2.0110
2018-11-27 21:21:34,722 tracker_1 0.7116 0.6930 -0.1152 0.2591 -0.0347 -0.1291 -0.9910 -1.0116 -0.7017 0.7092 -0.0679 -2.0108
2018-11-27 21:21:34,757 tracker_1 0.7075 0.6987 -0.1063 0.2553 -0.0298 -0.1207 -0.9922 -1.0115 -0.7061 0.7051 -0.0646 -2.0107
2018-11-27 21:21:34,792 tracker_1 0.7033 0.7036 -0.1020 0.2529 -0.0255 -0.1184 -0.9926 -1.0128 -0.7105 0.7007 -0.0653 -2.0096
2018-11-27 21:21:34,827 tracker_1 0.6986 0.7085 -0.0998 0.2507 -0.0237 -0.1164 -0.9929 -1.0138 -0.7151 0.6960 -0.0645 -2.0094
2018-11-27 21:21:34,862 tracker_1 0.6943 0.7133 -0.0952 0.2481 -0.0228 -0.1105 -0.9936 -1.0148 -0.7193 0.6921 -0.0605 -2.0102
2018-11-27 21:21:34,897 tracker_1 0.6903 0.7178 -0.0904 0.2458 -0.0195 -0.1064 -0.9941 -1.0152 -0.7232 0.6880 -0.0594 -2.0096
2018-11-27 21:21:34,932 tracker_1 0.6864 0.7219 -0.0879 0.2444 -0.0139 -0.1078 -0.9941 -1.0158 -0.7271 0.6835 -0.0639 -2.0071
2018-11-27 21:21:34,966 tracker_1 0.6818 0.7262 -0.0884 0.2439 -0.0152 -0.1067 -0.9942 -1.0163 -0.7314 0.6792 -0.0617 -2.0078
2018-11-27 21:21:35,001 tracker_1 0.6775 0.7303 -0.0882 0.2428 -0.0202 -0.1013 -0.9946 -1.0169 -0.7353 0.6756 -0.0539 -2.0106
2018-11-27 21:21:35,036 tracker_1 0.6741 0.7339 -0.0831 0.2404 -0.0161 -0.0979 -0.9951 -1.0168 -0.7385 0.6721 -0.0542 -2.0098
2018-11-27 21:21:35,071 tracker_1 0.6718 0.7367 -0.0775 0.2384 -0.0076 -0.0977 -0.9952 -1.0168 -0.7407 0.6692 -0.0600 -2.0069
2018-11-27 21:21:35,106 tracker_1 0.6700 0.7386 -0.0748 0.2379 -0.0047 -0.0965 -0.9953 -1.0164 -0.7424 0.6672 -0.0612 -2.0066
2018-11-27 21:21:35,141 tracker_1 0.6683 0.7400 -0.0764 0.2392 -0.0082 -0.0953 -0.9954 -1.0159 -0.7439 0.6659 -0.0576 -2.0083
2018-11-27 21:21:35,176 tracker_1 0.6674 0.7405 -0.0789 0.2412 -0.0102 -0.0969 -0.9952 -1.0162 -0.7447 0.6650 -0.0571 -2.0086
2018-11-27 21:21:35,211 tracker_1 0.6670 0.7409 -0.0790 0.2429 -0.0085 -0.0984 -0.9951 -1.0159 -0.7450 0.6644 -0.0593 -2.0078
2018-11-27 21:21:35,246 tracker_1 0.6666 0.7413 -0.0779 0.2444 -0.0070 -0.0983 -0.9951 -1.0156 -0.7454 0.6639 -0.0604 -2.0072
2018-11-27 21:21:35,281 tracker_1 0.6660 0.7416 -0.0801 0.2481 -0.0081 -0.1002 -0.9949 -1.0159 -0.7459 0.6633 -0.0607 -2.0068
2018-11-27 21:21:35,316 tracker_1 0.6656 0.7412 -0.0873 0.2547 -0.0132 -0.1052 -0.9944 -1.0159 -0.7462 0.6630 -0.0602 -2.0066
2018-11-27 21:21:35,350 tracker_1 0.6659 0.7399 -0.0954 0.2625 -0.0189 -0.1110 -0.9936 -1.0161 -0.7458 0.6634 -0.0599 -2.0071
2018-11-27 21:21:35,385 tracker_1 0.6658 0.7389 -0.1038 0.2704 -0.0257 -0.1164 -0.9929 -1.0163 -0.7457 0.6637 -0.0585 -2.0083
2018-11-27 21:21:35,420 tracker_1 0.6650 0.7384 -0.1121 0.2777 -0.0327 -0.1212 -0.9921 -1.0162 -0.7461 0.6634 -0.0564 -2.0097
2018-11-27 21:21:35,455 tracker_1 0.6646 0.7385 -0.1138 0.2821 -0.0315 -0.1244 -0.9917 -1.0154 -0.7466 0.6627 -0.0594 -2.0084
2018-11-27 21:21:35,489 tracker_1 0.6646 0.7386 -0.1134 0.2852 -0.0279 -0.1272 -0.9915 -1.0145 -0.7467 0.6621 -0.0639 -2.0059
2018-11-27 21:21:35,524 tracker_1 0.6645 0.7382 -0.1162 0.2893 -0.0296 -0.1293 -0.9912 -1.0135 -0.7467 0.6620 -0.0640 -2.0052
2018-11-27 21:21:35,559 tracker_1 0.6639 0.7380 -0.1208 0.2936 -0.0334 -0.1321 -0.9907 -1.0128 -0.7471 0.6617 -0.0631 -2.0045
2018-11-27 21:21:35,594 tracker_1 0.6631 0.7380 -0.1252 0.2978 -0.0361 -0.1356 -0.9901 -1.0123 -0.7477 0.6610 -0.0633 -2.0037
2018-11-27 21:21:35,629 tracker_1 0.6629 0.7377 -0.1279 0.3016 -0.0377 -0.1377 -0.9898 -1.0120 -0.7478 0.6609 -0.0635 -2.0030
2018-11-27 21:21:35,664 tracker_1 0.6626 0.7375 -0.1307 0.3058 -0.0397 -0.1397 -0.9894 -1.0118 -0.7479 0.6608 -0.0633 -2.0028
2018-11-27 21:21:35,698 tracker_1 0.6623 0.7370 -0.1351 0.3108 -0.0422 -0.1434 -0.9888 -1.0116 -0.7481 0.6605 -0.0639 -2.0025
2018-11-27 21:21:35,733 tracker_1 0.6621 0.7362 -0.1401 0.3162 -0.0452 -0.1474 -0.9880 -1.0118 -0.7481 0.6605 -0.0643 -2.0021
2018-11-27 21:21:35,768 tracker_1 0.6623 0.7349 -0.1456 0.3211 -0.0481 -0.1523 -0.9872 -1.0119 -0.7477 0.6608 -0.0655 -2.0008
2018-11-27 21:21:35,803 tracker_1 0.6638 0.7329 -0.1491 0.3236 -0.0490 -0.1563 -0.9865 -1.0118 -0.7463 0.6621 -0.0678 -1.9997
2018-11-27 21:21:35,838 tracker_1 0.6658 0.7316 -0.1468 0.3228 -0.0458 -0.1563 -0.9867 -1.0120 -0.7447 0.6636 -0.0705 -1.9994
2018-11-27 21:21:35,872 tracker_1 0.6676 0.7305 -0.1437 0.3203 -0.0461 -0.1521 -0.9873 -1.0125 -0.7431 0.6657 -0.0679 -2.0021
2018-11-27 21:21:35,907 tracker_1 0.6698 0.7294 -0.1390 0.3168 -0.0457 -0.1463 -0.9882 -1.0129 -0.7411 0.6683 -0.0647 -2.0055
2018-11-27 21:21:35,942 tracker_1 0.6737 0.7269 -0.1332 0.3136 -0.0395 -0.1446 -0.9887 -1.0134 -0.7380 0.6713 -0.0687 -2.0070
2018-11-27 21:21:35,977 tracker_1 0.6774 0.7237 -0.1322 0.3119 -0.0358 -0.1470 -0.9885 -1.0140 -0.7348 0.6743 -0.0737 -2.0087
2018-11-27 21:21:36,012 tracker_1 0.6813 0.7204 -0.1296 0.3089 -0.0354 -0.1444 -0.9889 -1.0147 -0.7312 0.6783 -0.0729 -2.0133
2018-11-27 21:21:36,047 tracker_1 0.6856 0.7180 -0.1203 0.3033 -0.0319 -0.1354 -0.9903 -1.0157 -0.7273 0.6828 -0.0699 -2.0184
2018-11-27 21:21:36,082 tracker_1 0.6895 0.7152 -0.1139 0.2988 -0.0290 -0.1299 -0.9911 -1.0165 -0.7237 0.6867 -0.0688 -2.0222
2018-11-27 21:21:36,117 tracker_1 0.6938 0.7112 -0.1129 0.2959 -0.0268 -0.1312 -0.9910 -1.0170 -0.7196 0.6906 -0.0719 -2.0240
2018-11-27 21:21:36,152 tracker_1 0.7001 0.7057 -0.1089 0.2926 -0.0199 -0.1331 -0.9909 -1.0174 -0.7138 0.6959 -0.0791 -2.0239
2018-11-27 21:21:36,187 tracker_1 0.7086 0.6979 -0.1040 0.2907 -0.0124 -0.1350 -0.9908 -1.0162 -0.7055 0.7033 -0.0871 -2.0243
2018-11-27 21:21:36,222 tracker_1 0.7180 0.6876 -0.1081 0.2923 -0.0111 -0.1440 -0.9895 -1.0145 -0.6959 0.7117 -0.0958 -2.0264
2018-11-27 21:21:36,256 tracker_1 0.7288 0.6753 -0.1133 0.2940 -0.0149 -0.1497 -0.9886 -1.0143 -0.6846 0.7222 -0.0990 -2.0311
2018-11-27 21:21:36,291 tracker_1 0.7404 0.6626 -0.1131 0.2935 -0.0176 -0.1490 -0.9887 -1.0139 -0.6719 0.7340 -0.0986 -2.0407
2018-11-27 21:21:36,326 tracker_1 0.7544 0.6465 -0.1133 0.2935 -0.0255 -0.1436 -0.9893 -1.0117 -0.6559 0.7492 -0.0919 -2.0526
2018-11-27 21:21:36,361 tracker_1 0.7723 0.6253 -0.1121 0.2918 -0.0241 -0.1475 -0.9888 -1.0122 -0.6348 0.7664 -0.0988 -2.0594
2018-11-27 21:21:36,396 tracker_1 0.7927 0.6010 -0.1019 0.2885 -0.0140 -0.1492 -0.9887 -1.0109 -0.6094 0.7852 -0.1099 -2.0670
2018-11-27 21:21:36,431 tracker_1 0.8122 0.5751 -0.0979 0.2883 -0.0144 -0.1479 -0.9889 -1.0107 -0.5832 0.8046 -0.1119 -2.0779
2018-11-27 21:21:36,466 tracker_1 0.8332 0.5457 -0.0890 0.2891 -0.0152 -0.1384 -0.9903 -1.0113 -0.5527 0.8265 -0.1070 -2.0915
2018-11-27 21:21:36,501 tracker_1 0.8546 0.5134 -0.0780 0.2895 -0.0053 -0.1415 -0.9899 -1.0133 -0.5193 0.8464 -0.1182 -2.0997
2018-11-27 21:21:36,536 tracker_1 0.8744 0.4798 -0.0721 0.2903 -0.0066 -0.1369 -0.9906 -1.0121 -0.4851 0.8667 -0.1165 -2.1119
2018-11-27 21:21:36,571 tracker_1 0.8925 0.4457 -0.0688 0.2943 -0.0130 -0.1271 -0.9918 -1.0100 -0.4508 0.8861 -0.1076 -2.1243
2018-11-27 21:21:36,606 tracker_1 0.9080 0.4133 -0.0683 0.2984 -0.0170 -0.1266 -0.9918 -1.0096 -0.4186 0.9017 -0.1080 -2.1307
2018-11-27 21:21:36,640 tracker_1 0.9207 0.3842 -0.0678 0.3021 -0.0184 -0.1307 -0.9912 -1.0101 -0.3897 0.9139 -0.1133 -2.1343
2018-11-27 21:21:36,675 tracker_1 0.9301 0.3611 -0.0669 0.3049 -0.0197 -0.1327 -0.9910 -1.0104 -0.3667 0.9230 -0.1163 -2.1374
2018-11-27 21:21:36,710 tracker_1 0.9373 0.3424 -0.0647 0.3085 -0.0189 -0.1354 -0.9906 -1.0093 -0.3479 0.9298 -0.1204 -2.1389
2018-11-27 21:21:36,745 tracker_1 0.9428 0.3276 -0.0620 0.3104 -0.0151 -0.1439 -0.9895 -1.0082 -0.3331 0.9338 -0.1307 -2.1356
2018-11-27 21:21:36,780 tracker_1 0.9465 0.3166 -0.0623 0.3129 -0.0135 -0.1541 -0.9880 -1.0070 -0.3224 0.9360 -0.1416 -2.1313
2018-11-27 21:21:36,815 tracker_1 0.9492 0.3081 -0.0639 0.3163 -0.0143 -0.1605 -0.9869 -1.0060 -0.3144 0.9377 -0.1480 -2.1283
2018-11-27 21:21:36,850 tracker_1 0.9510 0.3021 -0.0658 0.3202 -0.0167 -0.1625 -0.9866 -1.0049 -0.3088 0.9393 -0.1495 -2.1268
2018-11-27 21:21:36,885 tracker_1 0.9518 0.2985 -0.0710 0.3252 -0.0222 -0.1638 -0.9862 -1.0043 -0.3061 0.9402 -0.1492 -2.1258
2018-11-27 21:21:36,920 tracker_1 0.9516 0.2975 -0.0766 0.3297 -0.0275 -0.1659 -0.9858 -1.0045 -0.3060 0.9402 -0.1496 -2.1240
2018-11-27 21:21:36,954 tracker_1 0.9511 0.2980 -0.0813 0.3338 -0.0318 -0.1675 -0.9854 -1.0048 -0.3072 0.9398 -0.1498 -2.1225
2018-11-27 21:21:36,989 tracker_1 0.9505 0.2992 -0.0843 0.3367 -0.0344 -0.1683 -0.9851 -1.0045 -0.3089 0.9392 -0.1497 -2.1204
2018-11-27 21:21:37,024 tracker_1 0.9498 0.3004 -0.0871 0.3389 -0.0366 -0.1697 -0.9848 -1.0042 -0.3106 0.9386 -0.1501 -2.1170
2018-11-27 21:21:37,059 tracker_1 0.9496 0.3011 -0.0874 0.3404 -0.0358 -0.1728 -0.9843 -1.0036 -0.3115 0.9378 -0.1533 -2.1125
2018-11-27 21:21:37,094 tracker_1 0.9492 0.3018 -0.0893 0.3423 -0.0355 -0.1790 -0.9832 -1.0030 -0.3127 0.9364 -0.1592 -2.1062
2018-11-27 21:21:37,128 tracker_1 0.9489 0.3021 -0.0910 0.3435 -0.0356 -0.1838 -0.9823 -1.0021 -0.3135 0.9354 -0.1636 -2.1009
2018-11-27 21:21:37,164 tracker_1 0.9493 0.3024 -0.0864 0.3426 -0.0318 -0.1811 -0.9830 -1.0018 -0.3129 0.9358 -0.1623 -2.0987
2018-11-27 21:21:37,198 tracker_1 0.9496 0.3028 -0.0812 0.3423 -0.0283 -0.1751 -0.9841 -1.0021 -0.3122 0.9368 -0.1577 -2.0977
2018-11-27 21:21:37,233 tracker_1 0.9507 0.3006 -0.0761 0.3447 -0.0224 -0.1783 -0.9837 -0.9991 -0.3093 0.9369 -0.1628 -2.0895
2018-11-27 21:21:37,268 tracker_1 0.9502 0.3003 -0.0836 0.3491 -0.0285 -0.1836 -0.9826 -1.0017 -0.3104 0.9360 -0.1659 -2.0890
2018-11-27 21:21:37,304 tracker_1 0.9501 0.2997 -0.0868 0.3511 -0.0319 -0.1835 -0.9825 -1.0028 -0.3103 0.9362 -0.1648 -2.0905
2018-11-27 21:21:37,339 tracker_1 0.9507 0.2993 -0.0818 0.3495 -0.0287 -0.1774 -0.9837 -1.0036 -0.3089 0.9375 -0.1601 -2.0933
2018-11-27 21:21:37,374 tracker_1 0.9508 0.2994 -0.0796 0.3488 -0.0272 -0.1754 -0.9841 -1.0036 -0.3086 0.9379 -0.1587 -2.0944
2018-11-27 21:21:37,409 tracker_1 0.9504 0.2999 -0.0825 0.3499 -0.0287 -0.1796 -0.9833 -1.0040 -0.3097 0.9369 -0.1621 -2.0925
2018-11-27 21:21:37,444 tracker_1 0.9497 0.3008 -0.0865 0.3508 -0.0311 -0.1843 -0.9824 -1.0039 -0.3115 0.9357 -0.1656 -2.0904
2018-11-27 21:21:37,479 tracker_1 0.9488 0.3019 -0.0926 0.3540 -0.0362 -0.1873 -0.9816 -1.0039 -0.3137 0.9348 -0.1668 -2.0910
2018-11-27 21:21:37,513 tracker_1 0.9488 0.3032 -0.0891 0.3519 -0.0333 -0.1845 -0.9823 -1.0039 -0.3142 0.9349 -0.1649 -2.0913
2018-11-27 21:21:37,548 tracker_1 0.9484 0.3047 -0.0874 0.3489 -0.0316 -0.1835 -0.9825 -1.0040 -0.3154 0.9346 -0.1644 -2.0909
2018-11-27 21:21:37,583 tracker_1 0.9480 0.3056 -0.0888 0.3487 -0.0328 -0.1839 -0.9824 -1.0043 -0.3165 0.9342 -0.1644 -2.0911
2018-11-27 21:21:37,618 tracker_1 0.9476 0.3065 -0.0905 0.3488 -0.0346 -0.1833 -0.9825 -1.0041 -0.3177 0.9341 -0.1631 -2.0919
2018-11-27 21:21:37,653 tracker_1 0.9472 0.3077 -0.0906 0.3488 -0.0351 -0.1815 -0.9828 -1.0044 -0.3189 0.9340 -0.1611 -2.0937
2018-11-27 21:21:37,688 tracker_1 0.9470 0.3087 -0.0891 0.3475 -0.0338 -0.1799 -0.9831 -1.0042 -0.3195 0.9340 -0.1599 -2.0946
2018-11-27 21:21:37,723 tracker_1 0.9467 0.3095 -0.0893 0.3469 -0.0342 -0.1790 -0.9833 -1.0044 -0.3203 0.9339 -0.1588 -2.0954
2018-11-27 21:21:37,758 tracker_1 0.9464 0.3100 -0.0909 0.3473 -0.0358 -0.1791 -0.9832 -1.0045 -0.3211 0.9337 -0.1584 -2.0965
2018-11-27 21:21:37,793 tracker_1 0.9463 0.3106 -0.0894 0.3462 -0.0344 -0.1781 -0.9834 -1.0049 -0.3214 0.9337 -0.1578 -2.0968
2018-11-27 21:21:37,828 tracker_1 0.9462 0.3111 -0.0889 0.3455 -0.0340 -0.1774 -0.9835 -1.0055 -0.3218 0.9337 -0.1573 -2.0967
2018-11-27 21:21:37,863 tracker_1 0.9462 0.3109 -0.0896 0.3462 -0.0349 -0.1772 -0.9835 -1.0060 -0.3216 0.9338 -0.1569 -2.0974
2018-11-27 21:21:37,897 tracker_1 0.9466 0.3100 -0.0890 0.3459 -0.0341 -0.1782 -0.9834 -1.0063 -0.3207 0.9339 -0.1581 -2.0966
2018-11-27 21:21:37,932 tracker_1 0.9470 0.3087 -0.0891 0.3465 -0.0344 -0.1784 -0.9834 -1.0066 -0.3194 0.9343 -0.1583 -2.0967
2018-11-27 21:21:37,967 tracker_1 0.9468 0.3066 -0.0982 0.3525 -0.0435 -0.1804 -0.9826 -1.0061 -0.3190 0.9346 -0.1574 -2.0999
2018-11-27 21:21:38,002 tracker_1 0.9477 0.3056 -0.0923 0.3494 -0.0385 -0.1775 -0.9834 -1.0063 -0.3169 0.9355 -0.1565 -2.0992
2018-11-27 21:21:38,037 tracker_1 0.9482 0.3044 -0.0906 0.3485 -0.0368 -0.1780 -0.9833 -1.0064 -0.3154 0.9358 -0.1576 -2.0980
2018-11-27 21:21:38,072 tracker_1 0.9486 0.3032 -0.0903 0.3484 -0.0365 -0.1785 -0.9833 -1.0062 -0.3142 0.9360 -0.1583 -2.0973
2018-11-27 21:21:38,107 tracker_1 0.9490 0.3022 -0.0902 0.3490 -0.0366 -0.1785 -0.9833 -1.0058 -0.3132 0.9364 -0.1583 -2.0967
2018-11-27 21:21:38,142 tracker_1 0.9495 0.3008 -0.0896 0.3495 -0.0360 -0.1790 -0.9832 -1.0056 -0.3118 0.9367 -0.1591 -2.0959
2018-11-27 21:21:38,177 tracker_1 0.9500 0.2991 -0.0901 0.3509 -0.0368 -0.1792 -0.9831 -1.0057 -0.3102 0.9372 -0.1592 -2.0958
2018-11-27 21:21:38,212 tracker_1 0.9504 0.2976 -0.0907 0.3521 -0.0379 -0.1789 -0.9831 -1.0059 -0.3088 0.9378 -0.1587 -2.0954
2018-11-27 21:21:38,247 tracker_1 0.9509 0.2960 -0.0909 0.3533 -0.0381 -0.1792 -0.9831 -1.0060 -0.3073 0.9382 -0.1591 -2.0948
2018-11-27 21:21:38,281 tracker_1 0.9513 0.2947 -0.0905 0.3541 -0.0379 -0.1794 -0.9830 -1.0065 -0.3060 0.9386 -0.1595 -2.0937
2018-11-27 21:21:38,316 tracker_1 0.9516 0.2935 -0.0913 0.3554 -0.0387 -0.1800 -0.9829 -1.0067 -0.3049 0.9389 -0.1599 -2.0924
2018-11-27 21:21:38,351 tracker_1 0.9520 0.2923 -0.0912 0.3564 -0.0387 -0.1806 -0.9828 -1.0068 -0.3037 0.9391 -0.1606 -2.0909
2018-11-27 21:21:38,385 tracker_1 0.9526 0.2909 -0.0894 0.3572 -0.0369 -0.1812 -0.9828 -1.0066 -0.3021 0.9394 -0.1619 -2.0893
2018-11-27 21:21:38,420 tracker_1 0.9528 0.2898 -0.0901 0.3583 -0.0375 -0.1823 -0.9825 -1.0065 -0.3012 0.9395 -0.1629 -2.0880
2018-11-27 21:21:38,455 tracker_1 0.9528 0.2893 -0.0916 0.3595 -0.0382 -0.1851 -0.9820 -1.0062 -0.3011 0.9392 -0.1653 -2.0864
2018-11-27 21:21:38,490 tracker_1 0.9528 0.2897 -0.0913 0.3598 -0.0372 -0.1869 -0.9817 -1.0059 -0.3014 0.9387 -0.1672 -2.0850
2018-11-27 21:21:38,525 tracker_1 0.9525 0.2907 -0.0911 0.3602 -0.0365 -0.1879 -0.9815 -1.0058 -0.3025 0.9382 -0.1684 -2.0841
2018-11-27 21:21:38,560 tracker_1 0.9518 0.2925 -0.0925 0.3609 -0.0372 -0.1892 -0.9812 -1.0055 -0.3045 0.9374 -0.1692 -2.0831
2018-11-27 21:21:38,594 tracker_1 0.9512 0.2945 -0.0920 0.3607 -0.0363 -0.1895 -0.9812 -1.0053 -0.3064 0.9367 -0.1695 -2.0823
2018-11-27 21:21:38,629 tracker_1 0.9507 0.2963 -0.0922 0.3606 -0.0362 -0.1890 -0.9813 -1.0059 -0.3081 0.9362 -0.1690 -2.0819
2018-11-27 21:21:38,664 tracker_1 0.9501 0.2980 -0.0927 0.3605 -0.0370 -0.1873 -0.9816 -1.0065 -0.3099 0.9360 -0.1669 -2.0825