2018-11-27 21:20:36,537 START: 30 fps
2018-11-27 21:20:36,537 hmd_1 1.0000 0.0000 0.0000 0.0000 0.0000 1.0000 0.0000 0.0000 0.0000 0.0000 1.0000 0.0000
2018-11-27 21:20:36,537 tracking_reference_1 -0.9934 -0.0375 0.1085 0.1519 0.0187 0.8796 0.4754 -0.0472 -0.1132 0.4743 -0.8730 -4.7742
2018-11-27 21:20:36,537 tracking_reference_2 1.0000 0.0050 -0.0000 0.0000 -0.0041 0.8245 0.5659 0.0000 0.0028 -0.5659 0.8245 0.0000
2018-11-27 21:20:36,538 tracker_1 0.8449 0.5336 -0.0389 0.5706 -0.0532 0.0113 -0.9985 -1.0575 -0.5323 0.8457 0.0380 -1.7494
2018-11-27 21:20:36,538 tracker_1 0.8449 0.5336 -0.0389 0.5706 -0.0532 0.0113 -0.9985 -1.0575 -0.5323 0.8457 0.0380 -1.7494
2018-11-27 21:20:36,573 tracker_1 0.8450 0.5333 -0.0387 0.5709 -0.0525 0.0107 -0.9986 -1.0576 -0.5322 0.8458 0.0370 -1.7493
2018-11-27 21:20:36,608 tracker_1 0.8451 0.5333 -0.0381 0.5708 -0.0520 0.0112 -0.9986 -1.0575 -0.5321 0.8459 0.0372 -1.7494
2018-11-27 21:20:36,645 tracker_1 0.8453 0.5331 -0.0370 0.5705 -0.0512 0.0119 -0.9986 -1.0575 -0.5319 0.8460 0.0374 -1.7494
2018-11-27 21:20:36,680 tracker_1 0.8453 0.5330 -0.0365 0.5704 -0.0504 0.0114 -0.9987 -1.0573 -0.5319 0.8460 0.0365 -1.7490
2018-11-27 21:20:36,715 tracker_1 0.8454 0.5329 -0.0369 0.5707 -0.0508 0.0114 -0.9986 -1.0573 -0.5318 0.8461 0.0367 -1.7491
2018-11-27 21:20:36,749 tracker_1 0.8455 0.5328 -0.0365 0.5705 -0.0505 0.0117 -0.9987 -1.0574 -0.5316 0.8462 0.0368 -1.7491
2018-11-27 21:20:36,784 tracker_1 0.8456 0.5326 -0.0356 0.5705 -0.0493 0.0116 -0.9987 -1.0572 -0.5315 0.8463 0.0361 -1.7487
2018-11-27 21:20:36,819 tracker_1 0.8457 0.5325 -0.0352 0.5703 -0.0491 0.0120 -0.9987 -1.0571 -0.5314 0.8464 0.0363 -1.7487
2018-11-27 21:20:36,855 tracker_1 0.8457 0.5324 -0.0355 0.5705 -0.0495 0.0120 -0.9987 -1.0572 -0.5313 0.8464 0.0365 -1.7487
2018-11-27 21:20:36,891 tracker_1 0.8462 0.5318 -0.0345 0.5706 -0.0486 0.0125 -0.9987 -1.0574 -0.5307 0.8468 0.0364 -1.7484
2018-11-27 21:20:36,924 tracker_1 0.8461 0.5318 -0.0355 0.5713 -0.0497 0.0123 -0.9987 -1.0571 -0.5307 0.8468 0.0368 -1.7481
2018-11-27 21:20:36,959 tracker_1 0.8463 0.5315 -0.0366 0.5720 -0.0494 0.0098 -0.9987 -1.0570 -0.5305 0.8470 0.0346 -1.7472
2018-11-27 21:20:36,995 tracker_1 0.8465 0.5312 -0.0360 0.5720 -0.0493 0.0109 -0.9987 -1.0568 -0.5301 0.8472 0.0355 -1.7477
2018-11-27 21:20:37,028 tracker_1 0.8465 0.5312 -0.0348 0.5716 -0.0489 0.0126 -0.9987 -1.0569 -0.5301 0.8471 0.0366 -1.7481
2018-11-27 21:20:37,065 tracker_1 0.8466 0.5310 -0.0346 0.5714 -0.0484 0.0120 -0.9988 -1.0572 -0.5299 0.8473 0.0358 -1.7480
2018-11-27 21:20:37,099 tracker_1 0.8465 0.5312 -0.0363 0.5716 -0.0501 0.0115 -0.9987 -1.0569 -0.5301 0.8472 0.0363 -1.7481
2018-11-27 21:20:37,134 tracker_1 0.8466 0.5310 -0.0359 0.5715 -0.0502 0.0124 -0.9987 -1.0569 -0.5299 0.8473 0.0372 -1.7484
2018-11-27 21:20:37,169 tracker_1 0.8467 0.5310 -0.0350 0.5710 -0.0492 0.0125 -0.9987 -1.0568 -0.5299 0.8473 0.0367 -1.7480
2018-11-27 21:20:37,204 tracker_1 0.8465 0.5312 -0.0361 0.5711 -0.0499 0.0116 -0.9987 -1.0563 -0.5301 0.8471 0.0363 -1.7472
2018-11-27 21:20:37,239 tracker_1 0.8465 0.5311 -0.0370 0.5714 -0.0508 0.0113 -0.9986 -1.0561 -0.5300 0.8472 0.0365 -1.7470
2018-11-27 21:20:37,276 tracker_1 0.8465 0.5311 -0.0369 0.5716 -0.0507 0.0114 -0.9986 -1.0571 -0.5300 0.8472 0.0366 -1.7482
2018-11-27 21:20:37,310 tracker_1 0.8466 0.5311 -0.0361 0.5713 -0.0502 0.0120 -0.9987 -1.0572 -0.5299 0.8472 0.0368 -1.7488
2018-11-27 21:20:37,345 tracker_1 0.8466 0.5310 -0.0359 0.5710 -0.0503 0.0127 -0.9987 -1.0572 -0.5299 0.8473 0.0375 -1.7491
2018-11-27 21:20:37,379 tracker_1 0.8470 0.5304 -0.0359 0.5711 -0.0502 0.0125 -0.9987 -1.0576 -0.5292 0.8477 0.0372 -1.7495
2018-11-27 21:20:37,414 tracker_1 0.8472 0.5302 -0.0351 0.5708 -0.0493 0.0127 -0.9987 -1.0574 -0.5290 0.8478 0.0369 -1.7497
2018-11-27 21:20:37,449 tracker_1 0.8468 0.5306 -0.0360 0.5707 -0.0501 0.0123 -0.9987 -1.0559 -0.5295 0.8475 0.0370 -1.7489
2018-11-27 21:20:37,485 tracker_1 0.8479 0.5290 -0.0351 0.5720 -0.0484 0.0113 -0.9988 -1.0556 -0.5280 0.8485 0.0352 -1.7490
2018-11-27 21:20:37,519 tracker_1 0.8491 0.5269 -0.0368 0.5750 -0.0486 0.0086 -0.9988 -1.0545 -0.5260 0.8499 0.0329 -1.7488
2018-11-27 21:20:37,554 tracker_1 0.8498 0.5254 -0.0427 0.5802 -0.0520 0.0029 -0.9986 -1.0520 -0.5246 0.8508 0.0298 -1.7472
2018-11-27 21:20:37,589 tracker_1 0.8505 0.5236 -0.0504 0.5873 -0.0545 -0.0076 -0.9985 -1.0487 -0.5232 0.8519 0.0220 -1.7427
2018-11-27 21:20:37,624 tracker_1 0.8511 0.5213 -0.0624 0.5963 -0.0588 -0.0234 -0.9980 -1.0429 -0.5217 0.8531 0.0108 -1.7369
2018-11-27 21:20:37,659 tracker_1 0.8512 0.5186 -0.0805 0.6083 -0.0669 -0.0449 -0.9968 -1.0361 -0.5205 0.8538 -0.0035 -1.7296
2018-11-27 21:20:37,694 tracker_1 0.8517 0.5140 -0.1025 0.6198 -0.0753 -0.0736 -0.9944 -1.0284 -0.5187 0.8546 -0.0240 -1.7213
2018-11-27 21:20:37,729 tracker_1 0.8516 0.5102 -0.1207 0.6309 -0.0848 -0.0932 -0.9920 -1.0210 -0.5174 0.8550 -0.0361 -1.7159
2018-11-27 21:20:37,763 tracker_1 0.8507 0.5082 -0.1343 0.6424 -0.0917 -0.1081 -0.9899 -1.0141 -0.5176 0.8544 -0.0454 -1.7103
2018-11-27 21:20:37,798 tracker_1 0.8493 0.5052 -0.1534 0.6541 -0.1002 -0.1311 -0.9863 -1.0124 -0.5183 0.8530 -0.0607 -1.7031
2018-11-27 21:20:37,834 tracker_1 0.8480 0.5021 -0.1697 0.6613 -0.1106 -0.1455 -0.9832 -1.0117 -0.5184 0.8525 -0.0679 -1.7029
2018-11-27 21:20:37,868 tracker_1 0.8491 0.5021 -0.1639 0.6573 -0.1128 -0.1306 -0.9850 -1.0112 -0.5160 0.8549 -0.0543 -1.7112
2018-11-27 21:20:37,904 tracker_1 0.8528 0.5004 -0.1491 0.6505 -0.1040 -0.1171 -0.9877 -1.0086 -0.5117 0.8578 -0.0478 -1.7164
2018-11-27 21:20:37,938 tracker_1 0.8554 0.4938 -0.1561 0.6520 -0.1023 -0.1343 -0.9856 -1.0060 -0.5077 0.8591 -0.0644 -1.7132
2018-11-27 21:20:37,973 tracker_1 0.8551 0.4865 -0.1794 0.6600 -0.1155 -0.1585 -0.9806 -1.0024 -0.5055 0.8592 -0.0793 -1.7101
2018-11-27 21:20:38,008 tracker_1 0.8531 0.4826 -0.1984 0.6655 -0.1309 -0.1702 -0.9767 -1.0003 -0.5051 0.8592 -0.0820 -1.7120
2018-11-27 21:20:38,044 tracker_1 0.8536 0.4813 -0.1992 0.6641 -0.1284 -0.1762 -0.9760 -0.9974 -0.5048 0.8587 -0.0886 -1.7151
2018-11-27 21:20:38,078 tracker_1 0.8545 0.4796 -0.1993 0.6598 -0.1265 -0.1801 -0.9755 -0.9975 -0.5038 0.8588 -0.0932 -1.7203
2018-11-27 21:20:38,114 tracker_1 0.8539 0.4782 -0.2054 0.6575 -0.1351 -0.1775 -0.9748 -0.9966 -0.5026 0.8601 -0.0870 -1.7301
2018-11-27 21:20:38,147 tracker_1 0.8538 0.4742 -0.2148 0.6557 -0.1455 -0.1788 -0.9731 -0.9966 -0.4998 0.8621 -0.0837 -1.7391
2018-11-27 21:20:38,182 tracker_1 0.8566 0.4687 -0.2157 0.6492 -0.1444 -0.1835 -0.9723 -0.9958 -0.4953 0.8641 -0.0895 -1.7447
2018-11-27 21:20:38,217 tracker_1 0.8603 0.4628 -0.2138 0.6411 -0.1424 -0.1845 -0.9725 -0.9958 -0.4895 0.8670 -0.0928 -1.7514
2018-11-27 21:20:38,252 tracker_1 0.8633 0.4582 -0.2119 0.6324 -0.1425 -0.1815 -0.9730 -0.9956 -0.4843 0.8701 -0.0914 -1.7607
2018-11-27 21:20:38,287 tracker_1 0.8654 0.4554 -0.2090 0.6228 -0.1430 -0.1753 -0.9741 -0.9938 -0.4803 0.8728 -0.0866 -1.7708
2018-11-27 21:20:38,322 tracker_1 0.8686 0.4521 -0.2028 0.6097 -0.1386 -0.1713 -0.9754 -0.9954 -0.4757 0.8754 -0.0861 -1.7814
2018-11-27 21:20:38,357 tracker_1 0.8719 0.4490 -0.1955 0.5950 -0.1344 -0.1645 -0.9772 -0.9983 -0.4709 0.8782 -0.0831 -1.7932
2018-11-27 21:20:38,392 tracker_1 0.8753 0.4461 -0.1865 0.5793 -0.1291 -0.1561 -0.9793 -1.0023 -0.4660 0.8812 -0.0791 -1.8066
2018-11-27 21:20:38,428 tracker_1 0.8794 0.4436 -0.1727 0.5576 -0.1215 -0.1417 -0.9824 -1.0074 -0.4603 0.8849 -0.0707 -1.8233
2018-11-27 21:20:38,461 tracker_1 0.8846 0.4434 -0.1445 0.5285 -0.1041 -0.1142 -0.9880 -1.0140 -0.4546 0.8890 -0.0548 -1.8443
2018-11-27 21:20:38,497 tracker_1 0.8880 0.4456 -0.1137 0.4961 -0.0864 -0.0813 -0.9929 -1.0225 -0.4517 0.8915 -0.0337 -1.8694
2018-11-27 21:20:38,531 tracker_1 0.8903 0.4478 -0.0826 0.4708 -0.0616 -0.0613 -0.9962 -1.0230 -0.4512 0.8920 -0.0270 -1.8852
2018-11-27 21:20:38,566 tracker_1 0.8889 0.4491 -0.0906 0.4669 -0.0613 -0.0794 -0.9950 -1.0236 -0.4540 0.8900 -0.0431 -1.8866
2018-11-27 21:20:38,602 tracker_1 0.8869 0.4507 -0.1012 0.4672 -0.0765 -0.0729 -0.9944 -1.0255 -0.4555 0.8897 -0.0302 -1.8919
2018-11-27 21:20:38,636 tracker_1 0.8859 0.4519 -0.1045 0.4657 -0.0782 -0.0764 -0.9940 -1.0322 -0.4572 0.8888 -0.0323 -1.8916
2018-11-27 21:20:38,670 tracker_1 0.8849 0.4519 -0.1127 0.4627 -0.0788 -0.0932 -0.9925 -1.0319 -0.4590 0.8872 -0.0469 -1.8895
2018-11-27 21:20:38,705 tracker_1 0.8852 0.4548 -0.0975 0.4530 -0.0716 -0.0738 -0.9947 -1.0321 -0.4596 0.8875 -0.0328 -1.8980
2018-11-27 21:20:38,740 tracker_1 0.8850 0.4586 -0.0797 0.4441 -0.0655 -0.0470 -0.9967 -1.0314 -0.4609 0.8874 -0.0116 -1.9070
2018-11-27 21:20:38,775 tracker_1 0.8854 0.4585 -0.0770 0.4418 -0.0616 -0.0485 -0.9969 -1.0354 -0.4608 0.8874 -0.0147 -1.9078
2018-11-27 21:20:38,811 tracker_1 0.8860 0.4560 -0.0844 0.4441 -0.0625 -0.0630 -0.9961 -1.0385 -0.4595 0.8877 -0.0274 -1.9057
2018-11-27 21:20:38,845 tracker_1 0.8858 0.4550 -0.0915 0.4446 -0.0726 -0.0587 -0.9956 -1.0408 -0.4583 0.8886 -0.0190 -1.9121
2018-11-27 21:20:38,880 tracker_1 0.8866 0.4551 -0.0831 0.4359 -0.0723 -0.0410 -0.9965 -1.0438 -0.4569 0.8895 -0.0035 -1.9235
2018-11-27 21:20:38,915 tracker_1 0.8882 0.4553 -0.0614 0.4236 -0.0577 -0.0220 -0.9981 -1.0477 -0.4557 0.8901 0.0067 -1.9326
2018-11-27 21:20:38,950 tracker_1 0.8891 0.4551 -0.0481 0.4170 -0.0481 -0.0116 -0.9988 -1.0490 -0.4551 0.8903 0.0115 -1.9381
2018-11-27 21:20:38,986 tracker_1 0.8891 0.4537 -0.0605 0.4202 -0.0586 -0.0182 -0.9981 -1.0502 -0.4539 0.8910 0.0104 -1.9405
2018-11-27 21:20:39,021 tracker_1 0.8888 0.4524 -0.0725 0.4227 -0.0697 -0.0227 -0.9973 -1.0506 -0.4529 0.8915 0.0113 -1.9430
2018-11-27 21:20:39,056 tracker_1 0.8903 0.4512 -0.0621 0.4174 -0.0625 -0.0141 -0.9979 -1.0505 -0.4511 0.8923 0.0157 -1.9452
2018-11-27 21:20:39,091 tracker_1 0.8915 0.4503 -0.0489 0.4122 -0.0512 -0.0071 -0.9987 -1.0505 -0.4500 0.8929 0.0168 -1.9458
2018-11-27 21:20:39,125 tracker_1 0.8921 0.4491 -0.0502 0.4132 -0.0496 -0.0132 -0.9987 -1.0518 -0.4492 0.8934 0.0104 -1.9442
2018-11-27 21:20:39,160 tracker_1 0.8918 0.4479 -0.0644 0.4180 -0.0640 -0.0160 -0.9978 -1.0532 -0.4480 0.8939 0.0144 -1.9474
2018-11-27 21:20:39,195 tracker_1 0.8915 0.4483 -0.0650 0.4165 -0.0695 -0.0064 -0.9976 -1.0537 -0.4476 0.8939 0.0254 -1.9515
2018-11-27 21:20:39,230 tracker_1 0.8925 0.4485 -0.0491 0.4100 -0.0539 -0.0022 -0.9985 -1.0547 -0.4479 0.8938 0.0222 -1.9509
2018-11-27 21:20:39,264 tracker_1 0.8928 0.4485 -0.0425 0.4073 -0.0456 -0.0040 -0.9990 -1.0546 -0.4482 0.8938 0.0169 -1.9502
2018-11-27 21:20:39,299 tracker_1 0.8926 0.4481 -0.0501 0.4100 -0.0552 -0.0017 -0.9985 -1.0551 -0.4475 0.8940 0.0232 -1.9535
2018-11-27 21:20:39,335 tracker_1 0.8921 0.4480 -0.0588 0.4125 -0.0645 -0.0026 -0.9979 -1.0554 -0.4472 0.8940 0.0266 -1.9558
2018-11-27 21:20:39,369 tracker_1 0.8924 0.4479 -0.0555 0.4103 -0.0612 -0.0018 -0.9981 -1.0559 -0.4472 0.8941 0.0258 -1.9554
2018-11-27 21:20:39,404 tracker_1 0.8928 0.4479 -0.0471 0.4068 -0.0525 -0.0005 -0.9986 -1.0554 -0.4473 0.8941 0.0231 -1.9541
2018-11-27 21:20:39,439 tracker_1 0.8927 0.4483 -0.0454 0.4059 -0.0498 -0.0020 -0.9988 -1.0561 -0.4478 0.8939 0.0205 -1.9532
2018-11-27 21:20:39,473 tracker_1 0.8927 0.4480 -0.0481 0.4062 -0.0544 0.0011 -0.9985 -1.0566 -0.4473 0.8940 0.0253 -1.9559
2018-11-27 21:20:39,509 tracker_1 0.8927 0.4478 -0.0504 0.4064 -0.0580 0.0034 -0.9983 -1.0571 -0.4469 0.8941 0.0290 -1.9577
2018-11-27 21:20:39,543 tracker_1 0.8925 0.4480 -0.0522 0.4070 -0.0586 0.0006 -0.9983 -1.0568 -0.4472 0.8940 0.0268 -1.9566
2018-11-27 21:20:39,578 tracker_1 0.8930 0.4472 -0.0502 0.4058 -0.0555 -0.0014 -0.9985 -1.0567 -0.4466 0.8944 0.0236 -1.9551
2018-11-27 21:20:39,613 tracker_1 0.8932 0.4470 -0.0491 0.4052 -0.0549 -0.0000 -0.9985 -1.0568 -0.4464 0.8945 0.0245 -1.9559
2018-11-27 21:20:39,648 tracker_1 0.8930 0.4473 -0.0486 0.4047 -0.0559 0.0033 -0.9984 -1.0565 -0.4465 0.8944 0.0280 -1.9566
2018-11-27 21:20:39,684 tracker_1 0.8928 0.4477 -0.0493 0.4052 -0.0554 0.0006 -0.9985 -1.0565 -0.4470 0.8942 0.0254 -1.9549
2018-11-27 21:20:39,719 tracker_1 0.8924 0.4482 -0.0519 0.4064 -0.0567 -0.0028 -0.9984 -1.0557 -0.4477 0.8939 0.0229 -1.9529
2018-11-27 21:20:39,753 tracker_1 0.8920 0.4488 -0.0535 0.4065 -0.0577 -0.0044 -0.9983 -1.0564 -0.4483 0.8936 0.0220 -1.9523
2018-11-27 21:20:39,788 tracker_1 0.8921 0.4491 -0.0505 0.4052 -0.0562 -0.0008 -0.9984 -1.0568 -0.4484 0.8935 0.0245 -1.9534
2018-11-27 21:20:39,824 tracker_1 0.8924 0.4488 -0.0476 0.4041 -0.0548 0.0029 -0.9985 -1.0571 -0.4480 0.8936 0.0272 -1.9545
2018-11-27 21:20:39,858 tracker_1 0.8923 0.4488 -0.0483 0.4044 -0.0545 0.0010 -0.9985 -1.0569 -0.4481 0.8936 0.0253 -1.9541
2018-11-27 21:20:39,894 tracker_1 0.8922 0.4489 -0.0501 0.4050 -0.0556 -0.0009 -0.9985 -1.0568 -0.4483 0.8936 0.0242 -1.9539
2018-11-27 21:20:39,928 tracker_1 0.8921 0.4490 -0.0500 0.4047 -0.0563 0.0007 -0.9984 -1.0565 -0.4483 0.8935 0.0259 -1.9545
2018-11-27 21:20:39,964 tracker_1 0.8922 0.4491 -0.0487 0.4041 -0.0552 0.0014 -0.9985 -1.0565 -0.4483 0.8935 0.0261 -1.9546
2018-11-27 21:20:39,998 tracker_1 0.8922 0.4491 -0.0485 0.4041 -0.0548 0.0010 -0.9985 -1.0566 -0.4484 0.8935 0.0255 -1.9542
2018-11-27 21:20:40,033 tracker_1 0.8917 0.4500 -0.0487 0.4046 -0.0559 0.0028 -0.9984 -1.0559 -0.4491 0.8930 0.0276 -1.9537
2018-11-27 21:20:40,067 tracker_1 0.8912 0.4507 -0.0515 0.4056 -0.0560 -0.0034 -0.9984 -1.0555 -0.4501 0.8927 0.0222 -1.9506
2018-11-27 21:20:40,102 tracker_1 0.8910 0.4508 -0.0536 0.4061 -0.0560 -0.0081 -0.9984 -1.0556 -0.4505 0.8926 0.0181 -1.9493
2018-11-27 21:20:40,138 tracker_1 0.8912 0.4508 -0.0514 0.4052 -0.0577 0.0002 -0.9983 -1.0555 -0.4500 0.8926 0.0261 -1.9527
2018-11-27 21:20:40,171 tracker_1 0.8914 0.4506 -0.0488 0.4043 -0.0568 0.0043 -0.9984 -1.0558 -0.4497 0.8927 0.0294 -1.9539
2018-11-27 21:20:40,206 tracker_1 0.8915 0.4503 -0.0499 0.4048 -0.0555 -0.0008 -0.9985 -1.0560 -0.4497 0.8929 0.0243 -1.9519
2018-11-27 21:20:40,241 tracker_1 0.8915 0.4500 -0.0524 0.4057 -0.0560 -0.0052 -0.9984 -1.0556 -0.4496 0.8930 0.0206 -1.9504
2018-11-27 21:20:40,276 tracker_1 0.8918 0.4495 -0.0525 0.4058 -0.0572 -0.0032 -0.9984 -1.0555 -0.4489 0.8933 0.0229 -1.9515
2018-11-27 21:20:40,312 tracker_1 0.8920 0.4494 -0.0498 0.4045 -0.0560 0.0007 -0.9984 -1.0556 -0.4486 0.8933 0.0258 -1.9524
2018-11-27 21:20:40,346 tracker_1 0.8921 0.4492 -0.0487 0.4041 -0.0538 -0.0014 -0.9986 -1.0555 -0.4486 0.8934 0.0229 -1.9514
2018-11-27 21:20:40,380 tracker_1 0.8921 0.4491 -0.0500 0.4045 -0.0542 -0.0034 -0.9985 -1.0553 -0.4486 0.8935 0.0214 -1.9510
2018-11-27 21:20:40,415 tracker_1 0.8921 0.4491 -0.0506 0.4043 -0.0559 -0.0015 -0.9984 -1.0550 -0.4485 0.8935 0.0238 -1.9521
2018-11-27 21:20:40,450 tracker_1 0.8919 0.4496 -0.0493 0.4037 -0.0547 -0.0010 -0.9985 -1.0553 -0.4489 0.8933 0.0237 -1.9525
2018-11-27 21:20:40,486 tracker_1 0.8916 0.4502 -0.0488 0.4030 -0.0535 -0.0023 -0.9986 -1.0553 -0.4497 0.8929 0.0221 -1.9530
2018-11-27 21:20:40,520 tracker_1 0.8911 0.4511 -0.0498 0.4025 -0.0552 -0.0012 -0.9985 -1.0555 -0.4505 0.8925 0.0238 -1.9547
2018-11-27 21:20:40,555 tracker_1 0.8908 0.4518 -0.0486 0.4012 -0.0546 0.0002 -0.9985 -1.0554 -0.4511 0.8921 0.0248 -1.9559
2018-11-27 21:20:40,590 tracker_1 0.8908 0.4519 -0.0471 0.3997 -0.0529 0.0003 -0.9986 -1.0557 -0.4513 0.8921 0.0242 -1.9569
2018-11-27 21:20:40,629 tracker_1 0.8907 0.4521 -0.0480 0.3992 -0.0543 0.0010 -0.9985 -1.0554 -0.4514 0.8920 0.0255 -1.9587
2018-11-27 21:20:40,660 tracker_1 0.8907 0.4521 -0.0480 0.3986 -0.0547 0.0018 -0.9985 -1.0554 -0.4514 0.8919 0.0263 -1.9598
2018-11-27 21:20:40,696 tracker_1 0.8906 0.4525 -0.0467 0.3975 -0.0536 0.0023 -0.9986 -1.0555 -0.4517 0.8918 0.0263 -1.9606
2018-11-27 21:20:40,731 tracker_1 0.8905 0.4526 -0.0463 0.3968 -0.0536 0.0033 -0.9986 -1.0554 -0.4518 0.8917 0.0272 -1.9618
2018-11-27 21:20:40,764 tracker_1 0.8902 0.4531 -0.0473 0.3972 -0.0548 0.0034 -0.9985 -1.0552 -0.4523 0.8914 0.0279 -1.9627
2018-11-27 21:20:40,799 tracker_1 0.8903 0.4530 -0.0459 0.3957 -0.0537 0.0042 -0.9985 -1.0549 -0.4522 0.8915 0.0281 -1.9634
2018-11-27 21:20:40,834 tracker_1 0.8904 0.4530 -0.0449 0.3949 -0.0531 0.0053 -0.9986 -1.0549 -0.4521 0.8915 0.0287 -1.9645
2018-11-27 21:20:40,870 tracker_1 0.8907 0.4524 -0.0443 0.3938 -0.0530 0.0066 -0.9986 -1.0552 -0.4514 0.8918 0.0298 -1.9662
2018-11-27 21:20:40,904 tracker_1 0.8910 0.4518 -0.0442 0.3931 -0.0530 0.0067 -0.9986 -1.0557 -0.4509 0.8921 0.0300 -1.9677
2018-11-27 21:20:40,939 tracker_1 0.8911 0.4516 -0.0448 0.3925 -0.0537 0.0069 -0.9985 -1.0560 -0.4507 0.8922 0.0304 -1.9694
2018-11-27 21:20:40,973 tracker_1 0.8911 0.4518 -0.0431 0.3911 -0.0532 0.0096 -0.9985 -1.0564 -0.4507 0.8921 0.0325 -1.9715
2018-11-27 21:20:41,009 tracker_1 0.8908 0.4526 -0.0414 0.3896 -0.0522 0.0114 -0.9986 -1.0565 -0.4514 0.8917 0.0337 -1.9725
2018-11-27 21:20:41,045 tracker_1 0.8905 0.4531 -0.0420 0.3892 -0.0514 0.0085 -0.9986 -1.0569 -0.4521 0.8914 0.0309 -1.9717
2018-11-27 21:20:41,079 tracker_1 0.8900 0.4538 -0.0444 0.3896 -0.0527 0.0056 -0.9986 -1.0569 -0.4529 0.8911 0.0289 -1.9713
2018-11-27 21:20:41,114 tracker_1 0.8897 0.4544 -0.0453 0.3896 -0.0538 0.0058 -0.9985 -1.0573 -0.4534 0.8908 0.0296 -1.9716
2018-11-27 21:20:41,149 tracker_1 0.8897 0.4544 -0.0440 0.3890 -0.0525 0.0063 -0.9986 -1.0577 -0.4534 0.8908 0.0295 -1.9720
2018-11-27 21:20:41,184 tracker_1 0.8899 0.4541 -0.0431 0.3889 -0.0513 0.0056 -0.9987 -1.0575 -0.4533 0.8909 0.0283 -1.9718
2018-11-27 21:20:41,219 tracker_1 0.8899 0.4540 -0.0442 0.3892 -0.0524 0.0055 -0.9986 -1.0576 -0.4531 0.8910 0.0287 -1.9720
2018-11-27 21:20:41,254 tracker_1 0.8900 0.4538 -0.0443 0.3892 -0.0524 0.0052 -0.9986 -1.0575 -0.4529 0.8911 0.0284 -1.9720
2018-11-27 21:20:41,289 tracker_1 0.8901 0.4537 -0.0437 0.3888 -0.0518 0.0055 -0.9986 -1.0575 -0.4528 0.8911 0.0284 -1.9721
2018-11-27 21:20:41,325 tracker_1 0.8901 0.4536 -0.0442 0.3891 -0.0526 0.0058 -0.9986 -1.0577 -0.4527 0.8912 0.0290 -1.9725
2018-11-27 21:20:41,359 tracker_1 0.8901 0.4536 -0.0448 0.3891 -0.0531 0.0055 -0.9986 -1.0577 -0.4527 0.8912 0.0290 -1.9727
2018-11-27 21:20:41,395 tracker_1 0.8901 0.4536 -0.0446 0.3889 -0.0525 0.0047 -0.9986 -1.0576 -0.4527 0.8912 0.0280 -1.9724
2018-11-27 21:20:41,429 tracker_1 0.8900 0.4538 -0.0445 0.3888 -0.0526 0.0052 -0.9986 -1.0577 -0.4530 0.8911 0.0285 -1.9727
2018-11-27 21:20:41,464 tracker_1 0.8899 0.4540 -0.0440 0.3883 -0.0523 0.0058 -0.9986 -1.0576 -0.4531 0.8910 0.0289 -1.9728
2018-11-27 21:20:41,499 tracker_1 0.8900 0.4538 -0.0442 0.3883 -0.0521 0.0049 -0.9986 -1.0576 -0.4530 0.8911 0.0280 -1.9728
2018-11-27 21:20:41,534 tracker_1 0.8902 0.4535 -0.0441 0.3882 -0.0519 0.0047 -0.9986 -1.0576 -0.4527 0.8912 0.0277 -1.9732
2018-11-27 21:20:41,568 tracker_1 0.8905 0.4530 -0.0437 0.3878 -0.0518 0.0055 -0.9986 -1.0575 -0.4521 0.8915 0.0283 -1.9740
2018-11-27 21:20:41,604 tracker_1 0.8909 0.4522 -0.0438 0.3880 -0.0520 0.0056 -0.9986 -1.0574 -0.4513 0.8919 0.0285 -1.9748
2018-11-27 21:20:41,638 tracker_1 0.8912 0.4514 -0.0448 0.3885 -0.0524 0.0043 -0.9986 -1.0574 -0.4506 0.8923 0.0274 -1.9747
2018-11-27 21:20:41,672 tracker_1 0.8912 0.4513 -0.0452 0.3883 -0.0527 0.0042 -0.9986 -1.0573 -0.4504 0.8924 0.0275 -1.9747
2018-11-27 21:20:41,708 tracker_1 0.8911 0.4517 -0.0435 0.3874 -0.0517 0.0059 -0.9986 -1.0575 -0.4508 0.8922 0.0286 -1.9749
2018-11-27 21:20:41,742 tracker_1 0.8910 0.4520 -0.0428 0.3870 -0.0510 0.0060 -0.9987 -1.0576 -0.4512 0.8920 0.0284 -1.9749
2018-11-27 21:20:41,779 tracker_1 0.8908 0.4522 -0.0443 0.3875 -0.0518 0.0043 -0.9986 -1.0577 -0.4514 0.8919 0.0272 -1.9745
2018-11-27 21:20:41,813 tracker_1 0.8907 0.4522 -0.0453 0.3880 -0.0530 0.0043 -0.9986 -1.0577 -0.4514 0.8919 0.0278 -1.9747
2018-11-27 21:20:41,847 tracker_1 0.8909 0.4520 -0.0441 0.3877 -0.0521 0.0053 -0.9986 -1.0577 -0.4512 0.8920 0.0282 -1.9748
2018-11-27 21:20:41,883 tracker_1 0.8910 0.4519 -0.0434 0.3874 -0.0513 0.0054 -0.9987 -1.0577 -0.4510 0.8921 0.0280 -1.9748
2018-11-27 21:20:41,917 tracker_1 0.8910 0.4519 -0.0442 0.3877 -0.0520 0.0048 -0.9986 -1.0576 -0.4511 0.8920 0.0278 -1.9745
2018-11-27 21:20:41,953 tracker_1 0.8911 0.4517 -0.0448 0.3880 -0.0527 0.0050 -0.9986 -1.0573 -0.4508 0.8922 0.0282 -1.9745
2018-11-27 21:20:41,988 tracker_1 0.8914 0.4511 -0.0439 0.3881 -0.0514 0.0045 -0.9987 -1.0572 -0.4503 0.8924 0.0272 -1.9736
2018-11-27 21:20:42,022 tracker_1 0.8921 0.4498 -0.0436 0.3891 -0.0506 0.0036 -0.9987 -1.0566 -0.4491 0.8931 0.0260 -1.9722
2018-11-27 21:20:42,057 tracker_1 0.8924 0.4488 -0.0476 0.3932 -0.0529 -0.0008 -0.9986 -1.0556 -0.4482 0.8936 0.0230 -1.9698
2018-11-27 21:20:42,092 tracker_1 0.8933 0.4468 -0.0480 0.3966 -0.0516 -0.0041 -0.9987 -1.0533 -0.4464 0.8946 0.0194 -1.9654
2018-11-27 21:20:42,127 tracker_1 0.8941 0.4448 -0.0528 0.4031 -0.0530 -0.0121 -0.9985 -1.0495 -0.4447 0.8956 0.0127 -1.9578
2018-11-27 21:20:42,161 tracker_1 0.8952 0.4407 -0.0662 0.4141 -0.0575 -0.0330 -0.9978 -1.0427 -0.4419 0.8970 -0.0042 -1.9454
2018-11-27 21:20:42,196 tracker_1 0.8958 0.4353 -0.0894 0.4273 -0.0689 -0.0629 -0.9956 -1.0361 -0.4391 0.8981 -0.0263 -1.9313
2018-11-27 21:20:42,231 tracker_1 0.8957 0.4299 -0.1136 0.4382 -0.0790 -0.0974 -0.9921 -1.0276 -0.4376 0.8976 -0.0533 -1.9194
2018-11-27 21:20:42,267 tracker_1 0.8967 0.4257 -0.1213 0.4432 -0.0819 -0.1099 -0.9906 -1.0196 -0.4350 0.8982 -0.0637 -1.9129
2018-11-27 21:20:42,301 tracker_1 0.8985 0.4218 -0.1219 0.4492 -0.0781 -0.1198 -0.9897 -1.0100 -0.4321 0.8987 -0.0747 -1.9036
2018-11-27 21:20:42,337 tracker_1 0.8986 0.4124 -0.1499 0.4649 -0.0905 -0.1599 -0.9830 -1.0049 -0.4294 0.8968 -0.1064 -1.8868
2018-11-27 21:20:42,371 tracker_1 0.8967 0.4008 -0.1878 0.4819 -0.1144 -0.1999 -0.9731 -1.0003 -0.4276 0.8941 -0.1334 -1.8744
2018-11-27 21:20:42,405 tracker_1 0.8975 0.3955 -0.1950 0.4872 -0.1205 -0.2056 -0.9712 -0.9935 -0.4242 0.8952 -0.1369 -1.8708
2018-11-27 21:20:42,440 tracker_1 0.8998 0.3929 -0.1899 0.4897 -0.1150 -0.2064 -0.9717 -0.9877 -0.4209 0.8961 -0.1405 -1.8674
2018-11-27 21:20:42,475 tracker_1 0.8978 0.3861 -0.2120 0.5015 -0.1272 -0.2335 -0.9640 -0.9859 -0.4217 0.8924 -0.1606 -1.8593
2018-11-27 21:20:42,511 tracker_1 0.8915 0.3798 -0.2471 0.5174 -0.1542 -0.2585 -0.9536 -0.9867 -0.4261 0.8882 -0.1719 -1.8571
2018-11-27 21:20:42,547 tracker_1 0.8904 0.3811 -0.2490 0.5197 -0.1568 -0.2569 -0.9536 -0.9836 -0.4274 0.8881 -0.1690 -1.8620
2018-11-27 21:20:42,583 tracker_1 0.8922 0.3832 -0.2389 0.5175 -0.1500 -0.2474 -0.9572 -0.9828 -0.4259 0.8899 -0.1632 -1.8703
2018-11-27 21:20:42,617 tracker_1 0.8907 0.3818 -0.2469 0.5211 -0.1581 -0.2492 -0.9555 -0.9839 -0.4263 0.8900 -0.1616 -1.8773
2018-11-27 21:20:42,652 tracker_1 0.8871 0.3787 -0.2641 0.5259 -0.1755 -0.2526 -0.9515 -0.9862 -0.4270 0.8904 -0.1576 -1.8854
2018-11-27 21:20:42,687 tracker_1 0.8865 0.3793 -0.2652 0.5232 -0.1802 -0.2449 -0.9527 -0.9863 -0.4263 0.8923 -0.1487 -1.8940
2018-11-27 21:20:42,724 tracker_1 0.8894 0.3827 -0.2501 0.5125 -0.1720 -0.2267 -0.9586 -0.9842 -0.4236 0.8956 -0.1358 -1.9017
2018-11-27 21:20:42,757 tracker_1 0.8926 0.3823 -0.2388 0.5025 -0.1582 -0.2305 -0.9601 -0.9862 -0.4221 0.8948 -0.1453 -1.9022
2018-11-27 21:20:42,793 tracker_1 0.8955 0.3819 -0.2288 0.4945 -0.1444 -0.2370 -0.9607 -0.9827 -0.4211 0.8933 -0.1571 -1.8999
2018-11-27 21:20:42,827 tracker_1 0.8924 0.3870 -0.2320 0.4890 -0.1514 -0.2275 -0.9619 -0.9817 -0.4250 0.8936 -0.1444 -1.9086
2018-11-27 21:20:42,861 tracker_1 0.8919 0.3896 -0.2298 0.4831 -0.1529 -0.2184 -0.9638 -0.9868 -0.4257 0.8947 -0.1352 -1.9207
2018-11-27 21:20:42,896 tracker_1 0.8937 0.3897 -0.2225 0.4745 -0.1441 -0.2203 -0.9647 -0.9878 -0.4249 0.8942 -0.1407 -1.9248
2018-11-27 21:20:42,932 tracker_1 0.8941 0.3893 -0.2215 0.4682 -0.1438 -0.2189 -0.9651 -0.9901 -0.4242 0.8947 -0.1397 -1.9345
2018-11-27 21:20:42,967 tracker_1 0.8924 0.3924 -0.2228 0.4614 -0.1524 -0.2028 -0.9673 -0.9896 -0.4248 0.8971 -0.1212 -1.9496
2018-11-27 21:20:43,001 tracker_1 0.8941 0.3949 -0.2113 0.4478 -0.1461 -0.1889 -0.9711 -0.9914 -0.4234 0.8991 -0.1112 -1.9617
2018-11-27 21:20:43,037 tracker_1 0.8974 0.3947 -0.1974 0.4328 -0.1322 -0.1863 -0.9736 -0.9931 -0.4210 0.8997 -0.1150 -1.9696
2018-11-27 21:20:43,070 tracker_1 0.8983 0.3953 -0.1919 0.4194 -0.1286 -0.1811 -0.9750 -0.9955 -0.4202 0.9005 -0.1118 -1.9821
2018-11-27 21:20:43,106 tracker_1 0.8992 0.3988 -0.1802 0.4019 -0.1267 -0.1569 -0.9795 -0.9974 -0.4188 0.9035 -0.0906 -2.0006
2018-11-27 21:20:43,140 tracker_1 0.9024 0.4010 -0.1574 0.3801 -0.1127 -0.1328 -0.9847 -1.0000 -0.4158 0.9064 -0.0746 -2.0181
2018-11-27 21:20:43,175 tracker_1 0.9053 0.4015 -0.1386 0.3585 -0.0976 -0.1208 -0.9879 -1.0044 -0.4134 0.9079 -0.0702 -2.0319
2018-11-27 21:20:43,210 tracker_1 0.9078 0.3993 -0.1280 0.3381 -0.0896 -0.1135 -0.9895 -1.0096 -0.4097 0.9098 -0.0672 -2.0475
2018-11-27 21:20:43,245 tracker_1 0.9089 0.3981 -0.1241 0.3190 -0.0907 -0.1017 -0.9907 -1.0172 -0.4070 0.9117 -0.0564 -2.0668
2018-11-27 21:20:43,281 tracker_1 0.9112 0.3973 -0.1088 0.2968 -0.0823 -0.0834 -0.9931 -1.0239 -0.4036 0.9139 -0.0433 -2.0849
2018-11-27 21:20:43,316 tracker_1 0.9143 0.3952 -0.0883 0.2807 -0.0590 -0.0859 -0.9946 -1.0184 -0.4006 0.9146 -0.0552 -2.0846
2018-11-27 21:20:43,349 tracker_1 0.9130 0.3963 -0.0970 0.2769 -0.0602 -0.1043 -0.9927 -1.0250 -0.4035 0.9122 -0.0714 -2.0807
2018-11-27 21:20:43,384 tracker_1 0.9090 0.4000 -0.1171 0.2760 -0.0779 -0.1129 -0.9905 -1.0238 -0.4095 0.9095 -0.0715 -2.0855
2018-11-27 21:20:43,420 tracker_1 0.9080 0.4067 -0.1006 0.2603 -0.0679 -0.0941 -0.9932 -1.0278 -0.4134 0.9087 -0.0578 -2.0957
2018-11-27 21:20:43,454 tracker_1 0.9077 0.4144 -0.0655 0.2421 -0.0401 -0.0697 -0.9968 -1.0262 -0.4177 0.9074 -0.0467 -2.1039
2018-11-27 21:20:43,489 tracker_1 0.9057 0.4185 -0.0683 0.2393 -0.0443 -0.0668 -0.9968 -1.0318 -0.4217 0.9058 -0.0419 -2.1112
2018-11-27 21:20:43,524 tracker_1 0.9030 0.4193 -0.0939 0.2457 -0.0670 -0.0785 -0.9947 -1.0324 -0.4245 0.9044 -0.0428 -2.1174
2018-11-27 21:20:43,559 tracker_1 0.9033 0.4169 -0.1017 0.2435 -0.0783 -0.0729 -0.9943 -1.0372 -0.4219 0.9060 -0.0332 -2.1284
2018-11-27 21:20:43,595 tracker_1 0.9072 0.4140 -0.0747 0.2295 -0.0625 -0.0429 -0.9971 -1.0386 -0.4160 0.9093 -0.0130 -2.1416
2018-11-27 21:20:43,629 tracker_1 0.9102 0.4109 -0.0516 0.2198 -0.0440 -0.0279 -0.9986 -1.0447 -0.4118 0.9113 -0.0073 -2.1493
2018-11-27 21:20:43,664 tracker_1 0.9111 0.4073 -0.0630 0.2228 -0.0539 -0.0337 -0.9980 -1.0446 -0.4086 0.9127 -0.0088 -2.1537
2018-11-27 21:20:43,698 tracker_1 0.9115 0.4043 -0.0754 0.2262 -0.0669 -0.0353 -0.9971 -1.0460 -0.4058 0.9140 -0.0051 -2.1577
2018-11-27 21:20:43,733 tracker_1 0.9129 0.4021 -0.0704 0.2231 -0.0639 -0.0296 -0.9975 -1.0461 -0.4032 0.9151 -0.0013 -2.1610
2018-11-27 21:20:43,768 tracker_1 0.9146 0.4004 -0.0564 0.2174 -0.0512 -0.0238 -0.9984 -1.0459 -0.4011 0.9160 -0.0012 -2.1621
2018-11-27 21:20:43,803 tracker_1 0.9151 0.3997 -0.0528 0.2169 -0.0470 -0.0245 -0.9986 -1.0459 -0.4005 0.9163 -0.0036 -2.1615
2018-11-27 21:20:43,839 tracker_1 0.9148 0.3988 -0.0636 0.2215 -0.0559 -0.0309 -0.9980 -1.0470 -0.4000 0.9165 -0.0059 -2.1611
2018-11-27 21:20:43,877 tracker_1 0.9152 0.3966 -0.0715 0.2238 -0.0642 -0.0317 -0.9974 -1.0491 -0.3978 0.9175 -0.0035 -2.1639
2018-11-27 21:20:43,907 tracker_1 0.9165 0.3951 -0.0632 0.2208 -0.0606 -0.0190 -0.9980 -1.0491 -0.3955 0.9184 0.0065 -2.1691
2018-11-27 21:20:43,942 tracker_1 0.9176 0.3942 -0.0518 0.2171 -0.0523 -0.0095 -0.9986 -1.0496 -0.3941 0.9190 0.0119 -2.1714
2018-11-27 21:20:43,977 tracker_1 0.9179 0.3934 -0.0525 0.2175 -0.0496 -0.0175 -0.9986 -1.0500 -0.3937 0.9192 0.0034 -2.1683
2018-11-27 21:20:44,012 tracker_1 0.9175 0.3931 -0.0602 0.2204 -0.0553 -0.0238 -0.9982 -1.0500 -0.3938 0.9192 -0.0001 -2.1672
2018-11-27 21:20:44,047 tracker_1 0.9168 0.3940 -0.0652 0.2224 -0.0618 -0.0213 -0.9979 -1.0497 -0.3946 0.9189 0.0049 -2.1688
2018-11-27 21:20:44,083 tracker_1 0.9171 0.3935 -0.0638 0.2215 -0.0609 -0.0200 -0.9979 -1.0505 -0.3940 0.9191 0.0056 -2.1692
2018-11-27 21:20:44,117 tracker_1 0.9177 0.3930 -0.0585 0.2196 -0.0552 -0.0196 -0.9983 -1.0507 -0.3935 0.9193 0.0037 -2.1691
2018-11-27 21:20:44,153 tracker_1 0.9181 0.3925 -0.0553 0.2185 -0.0524 -0.0182 -0.9985 -1.0510 -0.3929 0.9196 0.0038 -2.1700
2018-11-27 21:20:44,187 tracker_1 0.9180 0.3924 -0.0566 0.2188 -0.0556 -0.0140 -0.9984 -1.0512 -0.3926 0.9197 0.0089 -2.1723
2018-11-27 21:20:44,221 tracker_1 0.9179 0.3924 -0.0580 0.2191 -0.0566 -0.0151 -0.9983 -1.0516 -0.3926 0.9197 0.0084 -2.1724
2018-11-27 21:20:44,257 tracker_1 0.9178 0.3927 -0.0583 0.2193 -0.0561 -0.0171 -0.9983 -1.0515 -0.3930 0.9195 0.0064 -2.1713
2018-11-27 21:20:44,291 tracker_1 0.9178 0.3927 -0.0578 0.2192 -0.0561 -0.0158 -0.9983 -1.0513 -0.3930 0.9195 0.0075 -2.1713
2018-11-27 21:20:44,326 tracker_1 0.9178 0.3926 -0.0588 0.2196 -0.0569 -0.0166 -0.9982 -1.0515 -0.3929 0.9196 0.0070 -2.1710
2018-11-27 21:20:44,361 tracker_1 0.9181 0.3920 -0.0591 0.2196 -0.0567 -0.0177 -0.9982 -1.0514 -0.3924 0.9198 0.0060 -2.1710
2018-11-27 21:20:44,397 tracker_1 0.9181 0.3920 -0.0585 0.2195 -0.0569 -0.0157 -0.9983 -1.0519 -0.3922 0.9198 0.0079 -2.1722
2018-11-27 21:20:44,431 tracker_1 0.9180 0.3922 -0.0582 0.2189 -0.0575 -0.0134 -0.9983 -1.0519 -0.3923 0.9198 0.0103 -2.1732
2018-11-27 21:20:44,466 tracker_1 0.9182 0.3919 -0.0574 0.2181 -0.0559 -0.0152 -0.9983 -1.0519 -0.3921 0.9199 0.0079 -2.1721
2018-11-27 21:20:44,501 tracker_1 0.9181 0.3919 -0.0587 0.2179 -0.0566 -0.0170 -0.9983 -1.0520 -0.3923 0.9198 0.0066 -2.1720
2018-11-27 21:20:44,536 tracker_1 0.9183 0.3916 -0.0578 0.2169 -0.0575 -0.0125 -0.9983 -1.0522 -0.3917 0.9200 0.0111 -2.1746
2018-11-27 21:20:44,571 tracker_1 0.9187 0.3911 -0.0552 0.2157 -0.0555 -0.0107 -0.9984 -1.0523 -0.3910 0.9203 0.0118 -2.1754
2018-11-27 21:20:44,606 tracker_1 0.9192 0.3899 -0.0557 0.2154 -0.0550 -0.0128 -0.9984 -1.0526 -0.3900 0.9208 0.0097 -2.1752
2018-11-27 21:20:44,641 tracker_1 0.9197 0.3885 -0.0569 0.2150 -0.0564 -0.0129 -0.9983 -1.0531 -0.3886 0.9214 0.0100 -2.1759
2018-11-27 21:20:44,675 tracker_1 0.9203 0.3872 -0.0555 0.2136 -0.0561 -0.0097 -0.9984 -1.0535 -0.3871 0.9220 0.0128 -2.1776
2018-11-27 21:20:44,710 tracker_1 0.9211 0.3857 -0.0534 0.2116 -0.0546 -0.0080 -0.9985 -1.0538 -0.3855 0.9226 0.0137 -2.1785
2018-11-27 21:20:44,745 tracker_1 0.9221 0.3832 -0.0544 0.2107 -0.0552 -0.0089 -0.9984 -1.0539 -0.3831 0.9236 0.0130 -2.1788
2018-11-27 21:20:44,782 tracker_1 0.9229 0.3811 -0.0560 0.2102 -0.0566 -0.0097 -0.9983 -1.0540 -0.3810 0.9245 0.0126 -2.1790
2018-11-27 21:20:44,816 tracker_1 0.9239 0.3786 -0.0546 0.2081 -0.0558 -0.0078 -0.9984 -1.0541 -0.3784 0.9255 0.0139 -2.1796
2018-11-27 21:20:44,850 tracker_1 0.9249 0.3763 -0.0539 0.2062 -0.0551 -0.0076 -0.9985 -1.0543 -0.3761 0.9265 0.0137 -2.1789
2018-11-27 21:20:44,886 tracker_1 0.9254 0.3747 -0.0563 0.2059 -0.0570 -0.0091 -0.9983 -1.0544 -0.3746 0.9271 0.0130 -2.1780
2018-11-27 21:20:44,921 tracker_1 0.9265 0.3722 -0.0557 0.2043 -0.0567 -0.0084 -0.9984 -1.0542 -0.3721 0.9281 0.0133 -2.1769
2018-11-27 21:20:44,955 tracker_1 0.9274 0.3700 -0.0548 0.2031 -0.0554 -0.0089 -0.9984 -1.0541 -0.3699 0.9290 0.0123 -2.1754
2018-11-27 21:20:44,991 tracker_1 0.9278 0.3688 -0.0570 0.2030 -0.0572 -0.0104 -0.9983 -1.0542 -0.3688 0.9295 0.0115 -2.1740
2018-11-27 21:20:45,026 tracker_1 0.9282 0.3677 -0.0567 0.2023 -0.0570 -0.0100 -0.9983 -1.0539 -0.3676 0.9299 0.0117 -2.1729
2018-11-27 21:20:45,060 tracker_1 0.9287 0.3665 -0.0561 0.2018 -0.0562 -0.0104 -0.9984 -1.0537 -0.3664 0.9304 0.0109 -2.1719
2018-11-27 21:20:45,095 tracker_1 0.9293 0.3650 -0.0569 0.2020 -0.0561 -0.0128 -0.9983 -1.0534 -0.3651 0.9309 0.0086 -2.1702
2018-11-27 21:20:45,130 tracker_1 0.9294 0.3642 -0.0588 0.2018 -0.0577 -0.0138 -0.9982 -1.0537 -0.3644 0.9312 0.0081 -2.1700
2018-11-27 21:20:45,165 tracker_1 0.9293 0.3648 -0.0579 0.2008 -0.0578 -0.0110 -0.9983 -1.0542 -0.3648 0.9310 0.0109 -2.1714
2018-11-27 21:20:45,199 tracker_1 0.9294 0.3650 -0.0551 0.1994 -0.0565 -0.0069 -0.9984 -1.0543 -0.3648 0.9310 0.0142 -2.1728
2018-11-27 21:20:45,234 tracker_1 0.9296 0.3644 -0.0545 0.1987 -0.0549 -0.0093 -0.9984 -1.0542 -0.3644 0.9312 0.0113 -2.1723
2018-11-27 21:20:45,269 tracker_1 0.9294 0.3645 -0.0581 0.1994 -0.0578 -0.0116 -0.9983 -1.0545 -0.3645 0.9311 0.0103 -2.1725
2018-11-27 21:20:45,305 tracker_1 0.9296 0.3639 -0.0580 0.1982 -0.0593 -0.0075 -0.9982 -1.0547 -0.3637 0.9314 0.0146 -2.1747
2018-11-27 21:20:45,339 tracker_1 0.9303 0.3624 -0.0565 0.1965 -0.0580 -0.0067 -0.9983 -1.0548 -0.3622 0.9320 0.0148 -2.1754
2018-11-27 21:20:45,376 tracker_1 0.9313 0.3599 -0.0566 0.1951 -0.0571 -0.0092 -0.9983 -1.0553 -0.3598 0.9329 0.0119 -2.1754
2018-11-27 21:20:45,409 tracker_1 0.9320 0.3579 -0.0577 0.1940 -0.0588 -0.0078 -0.9982 -1.0556 -0.3577 0.9337 0.0138 -2.1774
2018-11-27 21:20:45,443 tracker_1 0.9330 0.3556 -0.0550 0.1911 -0.0576 -0.0035 -0.9983 -1.0558 -0.3552 0.9346 0.0172 -2.1799
2018-11-27 21:20:45,478 tracker_1 0.9342 0.3527 -0.0541 0.1888 -0.0563 -0.0041 -0.9984 -1.0559 -0.3524 0.9357 0.0160 -2.1807
2018-11-27 21:20:45,513 tracker_1 0.9351 0.3499 -0.0555 0.1864 -0.0569 -0.0062 -0.9984 -1.0562 -0.3497 0.9368 0.0141 -2.1814
2018-11-27 21:20:45,550 tracker_1 0.9360 0.3477 -0.0551 0.1830 -0.0575 -0.0034 -0.9983 -1.0566 -0.3473 0.9376 0.0168 -2.1844
2018-11-27 21:20:45,583 tracker_1 0.9364 0.3468 -0.0536 0.1799 -0.0571 -0.0002 -0.9984 -1.0572 -0.3463 0.9379 0.0196 -2.1866
2018-11-27 21:20:45,618 tracker_1 0.9372 0.3451 -0.0503 0.1756 -0.0541 0.0014 -0.9985 -1.0577 -0.3445 0.9386 0.0200 -2.1886
2018-11-27 21:20:45,654 tracker_1 0.9380 0.3432 -0.0492 0.1728 -0.0532 0.0024 -0.9986 -1.0575 -0.3426 0.9392 0.0205 -2.1901
2018-11-27 21:20:45,688 tracker_1 0.9387 0.3413 -0.0487 0.1708 -0.0527 0.0024 -0.9986 -1.0581 -0.3407 0.9399 0.0203 -2.1907
2018-11-27 21:20:45,724 tracker_1 0.9392 0.3396 -0.0502 0.1699 -0.0537 0.0009 -0.9986 -1.0582 -0.3391 0.9406 0.0191 -2.1904
2018-11-27 21:20:45,759 tracker_1 0.9397 0.3380 -0.0518 0.1692 -0.0551 0.0003 -0.9985 -1.0586 -0.3375 0.9411 0.0189 -2.1907
2018-11-27 21:20:45,792 tracker_1 0.9402 0.3366 -0.0515 0.1672 -0.0549 0.0005 -0.9985 -1.0584 -0.3360 0.9417 0.0189 -2.1910
2018-11-27 21:20:45,828 tracker_1 0.9409 0.3347 -0.0509 0.1649 -0.0543 0.0009 -0.9985 -1.0587 -0.3342 0.9423 0.0190 -2.1915
2018-11-27 21:20:45,863 tracker_1 0.9417 0.3329 -0.0495 0.1626 -0.0530 0.0017 -0.9986 -1.0589 -0.3323 0.9430 0.0193 -2.1925
2018-11-27 21:20:45,899 tracker_1 0.9423 0.3311 -0.0485 0.1603 -0.0522 0.0021 -0.9986 -1.0591 -0.3306 0.9436 0.0192 -2.1928
2018-11-27 21:20:45,935 tracker_1 0.9430 0.3294 -0.0479 0.1577 -0.0516 0.0025 -0.9987 -1.0591 -0.3288 0.9442 0.0194 -2.1933
2018-11-27 21:20:45,969 tracker_1 0.9436 0.3278 -0.0464 0.1555 -0.0502 0.0031 -0.9987 -1.0594 -0.3273 0.9447 0.0194 -2.1939
2018-11-27 21:20:46,004 tracker_1 0.9442 0.3263 -0.0457 0.1538 -0.0497 0.0039 -0.9988 -1.0595 -0.3257 0.9453 0.0198 -2.1945
2018-11-27 21:20:46,039 tracker_1 0.9447 0.3248 -0.0451 0.1518 -0.0492 0.0043 -0.9988 -1.0598 -0.3242 0.9458 0.0200 -2.1948
2018-11-27 21:20:46,074 tracker_1 0.9451 0.3236 -0.0447 0.1508 -0.0486 0.0041 -0.9988 -1.0596 -0.3230 0.9462 0.0196 -2.1947
2018-11-27 21:20:46,109 tracker_1 0.9455 0.3226 -0.0450 0.1501 -0.0487 0.0034 -0.9988 -1.0596 -0.3220 0.9465 0.0189 -2.1946
2018-11-27 21:20:46,144 tracker_1 0.9457 0.3220 -0.0450 0.1492 -0.0487 0.0034 -0.9988 -1.0595 -0.3215 0.9467 0.0189 -2.1948
2018-11-27 21:20:46,178 tracker_1 0.9459 0.3213 -0.0442 0.1483 -0.0482 0.0044 -0.9988 -1.0595 -0.3207 0.9470 0.0196 -2.1954
2018-11-27 21:20:46,212 tracker_1 0.9462 0.3206 -0.0436 0.1475 -0.0475 0.0045 -0.9989 -1.0594 -0.3200 0.9472 0.0195 -2.1956
2018-11-27 21:20:46,247 tracker_1 0.9463 0.3201 -0.0442 0.1471 -0.0479 0.0038 -0.9988 -1.0593 -0.3196 0.9474 0.0190 -2.1956
2018-11-27 21:20:46,282 tracker_1 0.9465 0.3198 -0.0442 0.1467 -0.0479 0.0037 -0.9988 -1.0592 -0.3192 0.9475 0.0188 -2.1959
2018-11-27 21:20:46,317 tracker_1 0.9467 0.3191 -0.0435 0.1460 -0.0473 0.0044 -0.9989 -1.0594 -0.3186 0.9477 0.0193 -2.1968
2018-11-27 21:20:46,351 tracker_1 0.9468 0.3188 -0.0434 0.1455 -0.0473 0.0045 -0.9989 -1.0595 -0.3183 0.9478 0.0193 -2.1970
2018-11-27 21:20:46,386 tracker_1 0.9469 0.3186 -0.0436 0.1452 -0.0474 0.0042 -0.9989 -1.0595 -0.3181 0.9479 0.0191 -2.1972
2018-11-27 21:20:46,421 tracker_1 0.9468 0.3188 -0.0447 0.1456 -0.0485 0.0038 -0.9988 -1.0599 -0.3183 0.9478 0.0190 -2.1973
2018-11-27 21:20:46,457 tracker_1 0.9468 0.3188 -0.0440 0.1452 -0.0480 0.0044 -0.9988 -1.0598 -0.3182 0.9478 0.0195 -2.1975
2018-11-27 21:20:46,492 tracker_1 0.9468 0.3188 -0.0440 0.1453 -0.0479 0.0045 -0.9988 -1.0597 -0.3182 0.9478 0.0195 -2.1976
2018-11-27 21:20:46,526 tracker_1 0.9468 0.3187 -0.0447 0.1452 -0.0485 0.0039 -0.9988 -1.0595 -0.3181 0.9479 0.0192 -2.1976
2018-11-27 21:20:46,562 tracker_1 0.9469 0.3185 -0.0447 0.1452 -0.0483 0.0035 -0.9988 -1.0595 -0.3180 0.9479 0.0187 -2.1973
2018-11-27 21:20:46,596 tracker_1 0.9469 0.3185 -0.0442 0.1450 -0.0480 0.0039 -0.9988 -1.0596 -0.3179 0.9479 0.0190 -2.1975
2018-11-27 21:20:46,632 tracker_1 0.9469 0.3185 -0.0435 0.1449 -0.0473 0.0043 -0.9989 -1.0596 -0.3180 0.9479 0.0191 -2.1974
2018-11-27 21:20:46,667 tracker_1 0.9469 0.3186 -0.0438 0.1450 -0.0475 0.0040 -0.9989 -1.0596 -0.3181 0.9479 0.0190 -2.1972
2018-11-27 21:20:46,701 tracker_1 0.9469 0.3185 -0.0439 0.1449 -0.0477 0.0040 -0.9989 -1.0595 -0.3179 0.9479 0.0189 -2.1973
2018-11-27 21:20:46,736 tracker_1 0.9469 0.3185 -0.0439 0.1449 -0.0477 0.0041 -0.9989 -1.0595 -0.3180 0.9479 0.0190 -2.1972
2018-11-27 21:20:46,771 tracker_1 0.9469 0.3186 -0.0437 0.1450 -0.0475 0.0043 -0.9989 -1.0594 -0.3181 0.9479 0.0192 -2.1971
2018-11-27 21:20:46,806 tracker_1 0.9468 0.3187 -0.0441 0.1454 -0.0479 0.0041 -0.9988 -1.0597 -0.3182 0.9478 0.0191 -2.1974
2018-11-27 21:20:46,842 tracker_1 0.9466 0.3191 -0.0453 0.1463 -0.0490 0.0034 -0.9988 -1.0598 -0.3186 0.9477 0.0189 -2.1974
2018-11-27 21:20:46,876 tracker_1 0.9468 0.3189 -0.0442 0.1462 -0.0478 0.0037 -0.9988 -1.0597 -0.3184 0.9478 0.0187 -2.1974
2018-11-27 21:20:46,910 tracker_1 0.9467 0.3192 -0.0434 0.1462 -0.0473 0.0042 -0.9989 -1.0597 -0.3187 0.9477 0.0191 -2.1973
2018-11-27 21:20:46,945 tracker_1 0.9465 0.3198 -0.0430 0.1469 -0.0469 0.0043 -0.9989 -1.0594 -0.3192 0.9475 0.0190 -2.1963
2018-11-27 21:20:46,981 tracker_1 0.9464 0.3202 -0.0425 0.1481 -0.0457 0.0024 -0.9990 -1.0589 -0.3198 0.9473 0.0169 -2.1931
2018-11-27 21:20:47,015 tracker_1 0.9464 0.3201 -0.0429 0.1504 -0.0448 -0.0014 -0.9990 -1.0573 -0.3198 0.9474 0.0130 -2.1888
2018-11-27 21:20:47,050 tracker_1 0.9460 0.3207 -0.0468 0.1546 -0.0470 -0.0071 -0.9989 -1.0556 -0.3207 0.9471 0.0083 -2.1827
2018-11-27 21:20:47,085 tracker_1 0.9457 0.3211 -0.0498 0.1588 -0.0477 -0.0145 -0.9988 -1.0527 -0.3215 0.9469 0.0016 -2.1749
2018-11-27 21:20:47,120 tracker_1 0.9450 0.3217 -0.0586 0.1659 -0.0521 -0.0287 -0.9982 -1.0473 -0.3228 0.9464 -0.0104 -2.1646
2018-11-27 21:20:47,155 tracker_1 0.9440 0.3220 -0.0723 0.1745 -0.0592 -0.0503 -0.9970 -1.0414 -0.3246 0.9454 -0.0284 -2.1522
2018-11-27 21:20:47,190 tracker_1 0.9426 0.3215 -0.0898 0.1833 -0.0678 -0.0790 -0.9946 -1.0354 -0.3269 0.9436 -0.0527 -2.1391
2018-11-27 21:20:47,224 tracker_1 0.9415 0.3210 -0.1029 0.1873 -0.0742 -0.1003 -0.9922 -1.0309 -0.3289 0.9417 -0.0706 -2.1343
2018-11-27 21:20:47,259 tracker_1 0.9414 0.3226 -0.0984 0.1846 -0.0714 -0.0945 -0.9930 -1.0278 -0.3296 0.9418 -0.0659 -2.1393
2018-11-27 21:20:47,294 tracker_1 0.9419 0.3232 -0.0918 0.1827 -0.0677 -0.0850 -0.9941 -1.0238 -0.3291 0.9425 -0.0582 -2.1433
2018-11-27 21:20:47,329 tracker_1 0.9423 0.3196 -0.1000 0.1876 -0.0708 -0.1017 -0.9923 -1.0227 -0.3273 0.9421 -0.0732 -2.1385
2018-11-27 21:20:47,363 tracker_1 0.9414 0.3139 -0.1238 0.1973 -0.0872 -0.1283 -0.9879 -1.0194 -0.3260 0.9408 -0.0934 -2.1335
2018-11-27 21:20:47,398 tracker_1 0.9405 0.3106 -0.1376 0.2009 -0.0993 -0.1361 -0.9857 -1.0164 -0.3249 0.9408 -0.0972 -2.1361
2018-11-27 21:20:47,433 tracker_1 0.9417 0.3108 -0.1292 0.1974 -0.0923 -0.1307 -0.9871 -1.0119 -0.3237 0.9415 -0.0944 -2.1420
2018-11-27 21:20:47,468 tracker_1 0.9415 0.3114 -0.1287 0.1977 -0.0903 -0.1349 -0.9867 -1.0092 -0.3247 0.9406 -0.0989 -2.1462
2018-11-27 21:20:47,503 tracker_1 0.9389 0.3083 -0.1529 0.2063 -0.1100 -0.1520 -0.9822 -1.0077 -0.3261 0.9391 -0.1088 -2.1473
2018-11-27 21:20:47,537 tracker_1 0.9376 0.3033 -0.1704 0.2088 -0.1230 -0.1691 -0.9779 -1.0070 -0.3254 0.9378 -0.1212 -2.1495
2018-11-27 21:20:47,572 tracker_1 0.9412 0.2997 -0.1562 0.2006 -0.1097 -0.1664 -0.9799 -1.0058 -0.3197 0.9394 -0.1237 -2.1569
2018-11-27 21:20:47,607 tracker_1 0.9425 0.2986 -0.1500 0.1942 -0.1076 -0.1537 -0.9822 -1.0037 -0.3163 0.9419 -0.1128 -2.1695
2018-11-27 21:20:47,642 tracker_1 0.9421 0.2959 -0.1579 0.1928 -0.1157 -0.1552 -0.9811 -1.0055 -0.3148 0.9425 -0.1119 -2.1807
2018-11-27 21:20:47,677 tracker_1 0.9414 0.2917 -0.1692 0.1907 -0.1251 -0.1639 -0.9785 -1.0046 -0.3132 0.9424 -0.1178 -2.1894
2018-11-27 21:20:47,712 tracker_1 0.9438 0.2910 -0.1565 0.1783 -0.1163 -0.1505 -0.9817 -1.0055 -0.3093 0.9448 -0.1082 -2.2051
2018-11-27 21:20:47,746 tracker_1 0.9465 0.2919 -0.1373 0.1628 -0.1034 -0.1288 -0.9863 -1.0075 -0.3056 0.9477 -0.0917 -2.2239
2018-11-27 21:20:47,781 tracker_1 0.9478 0.2911 -0.1304 0.1496 -0.0977 -0.1242 -0.9874 -1.0117 -0.3036 0.9486 -0.0893 -2.2410
2018-11-27 21:20:47,817 tracker_1 0.9479 0.2918 -0.1277 0.1375 -0.0968 -0.1181 -0.9883 -1.0161 -0.3034 0.9492 -0.0837 -2.2602
2018-11-27 21:20:47,851 tracker_1 0.9485 0.2935 -0.1187 0.1263 -0.0908 -0.1070 -0.9901 -1.0173 -0.3033 0.9499 -0.0748 -2.2757
2018-11-27 21:20:47,886 tracker_1 0.9493 0.2931 -0.1135 0.1190 -0.0853 -0.1073 -0.9906 -1.0187 -0.3025 0.9500 -0.0769 -2.2818
2018-11-27 21:20:47,921 tracker_1 0.9502 0.2892 -0.1164 0.1142 -0.0841 -0.1215 -0.9890 -1.0221 -0.3001 0.9495 -0.0911 -2.2858
2018-11-27 21:20:47,956 tracker_1 0.9501 0.2883 -0.1190 0.1078 -0.0885 -0.1165 -0.9892 -1.0226 -0.2991 0.9504 -0.0851 -2.2983
2018-11-27 21:20:47,991 tracker_1 0.9509 0.2911 -0.1050 0.0963 -0.0823 -0.0891 -0.9926 -1.0248 -0.2983 0.9525 -0.0608 -2.3157
2018-11-27 21:20:48,026 tracker_1 0.9522 0.2905 -0.0943 0.0855 -0.0744 -0.0789 -0.9941 -1.0282 -0.2962 0.9536 -0.0535 -2.3246
2018-11-27 21:20:48,061 tracker_1 0.9533 0.2877 -0.0915 0.0782 -0.0684 -0.0893 -0.9937 -1.0318 -0.2941 0.9535 -0.0654 -2.3282
2018-11-27 21:20:48,096 tracker_1 0.9533 0.2883 -0.0899 0.0722 -0.0684 -0.0839 -0.9941 -1.0354 -0.2942 0.9538 -0.0603 -2.3390
2018-11-27 21:20:48,130 tracker_1 0.9529 0.2919 -0.0827 0.0654 -0.0703 -0.0526 -0.9961 -1.0380 -0.2951 0.9550 -0.0297 -2.3563
2018-11-27 21:20:48,165 tracker_1 0.9537 0.2919 -0.0728 0.0590 -0.0638 -0.0403 -0.9971 -1.0394 -0.2940 0.9556 -0.0198 -2.3624
2018-11-27 21:20:48,200 tracker_1 0.9543 0.2899 -0.0731 0.0572 -0.0596 -0.0552 -0.9967 -1.0416 -0.2930 0.9555 -0.0354 -2.3590
2018-11-27 21:20:48,235 tracker_1 0.9543 0.2886 -0.0769 0.0579 -0.0628 -0.0577 -0.9964 -1.0413 -0.2920 0.9557 -0.0369 -2.3596
2018-11-27 21:20:48,270 tracker_1 0.9540 0.2889 -0.0801 0.0583 -0.0704 -0.0437 -0.9966 -1.0422 -0.2914 0.9563 -0.0214 -2.3656
2018-11-27 21:20:48,305 tracker_1 0.9546 0.2877 -0.0779 0.0569 -0.0693 -0.0400 -0.9968 -1.0431 -0.2899 0.9569 -0.0183 -2.3661
2018-11-27 21:20:48,340 tracker_1 0.9556 0.2852 -0.0735 0.0552 -0.0630 -0.0458 -0.9970 -1.0446 -0.2877 0.9574 -0.0258 -2.3624
2018-11-27 21:20:48,375 tracker_1 0.9565 0.2830 -0.0710 0.0554 -0.0614 -0.0428 -0.9972 -1.0449 -0.2853 0.9581 -0.0236 -2.3628
2018-11-27 21:20:48,410 tracker_1 0.9566 0.2821 -0.0733 0.0566 -0.0653 -0.0376 -0.9972 -1.0449 -0.2841 0.9586 -0.0176 -2.3636
2018-11-27 21:20:48,445 tracker_1 0.9566 0.2813 -0.0757 0.0574 -0.0662 -0.0429 -0.9969 -1.0451 -0.2837 0.9586 -0.0224 -2.3612
2018-11-27 21:20:48,480 tracker_1 0.9568 0.2806 -0.0757 0.0569 -0.0655 -0.0454 -0.9968 -1.0465 -0.2832 0.9587 -0.0250 -2.3605
2018-11-27 21:20:48,514 tracker_1 0.9570 0.2806 -0.0731 0.0554 -0.0648 -0.0386 -0.9971 -1.0472 -0.2826 0.9590 -0.0188 -2.3635
2018-11-27 21:20:48,549 tracker_1 0.9575 0.2800 -0.0691 0.0536 -0.0627 -0.0316 -0.9975 -1.0483 -0.2815 0.9595 -0.0127 -2.3662
2018-11-27 21:20:48,584 tracker_1 0.9584 0.2778 -0.0660 0.0527 -0.0598 -0.0309 -0.9977 -1.0484 -0.2792 0.9602 -0.0130 -2.3669
2018-11-27 21:20:48,619 tracker_1 0.9592 0.2748 -0.0663 0.0535 -0.0600 -0.0316 -0.9977 -1.0487 -0.2763 0.9610 -0.0138 -2.3677
2018-11-27 21:20:48,654 tracker_1 0.9597 0.2726 -0.0679 0.0544 -0.0622 -0.0297 -0.9976 -1.0485 -0.2740 0.9617 -0.0116 -2.3691
2018-11-27 21:20:48,689 tracker_1 0.9602 0.2708 -0.0684 0.0546 -0.0630 -0.0287 -0.9976 -1.0493 -0.2721 0.9622 -0.0104 -2.3698
2018-11-27 21:20:48,724 tracker_1 0.9609 0.2688 -0.0669 0.0545 -0.0613 -0.0290 -0.9977 -1.0492 -0.2701 0.9628 -0.0114 -2.3696
2018-11-27 21:20:48,759 tracker_1 0.9616 0.2659 -0.0675 0.0551 -0.0622 -0.0284 -0.9977 -1.0499 -0.2672 0.9636 -0.0107 -2.3697
2018-11-27 21:20:48,794 tracker_1 0.9622 0.2632 -0.0693 0.0562 -0.0645 -0.0269 -0.9976 -1.0499 -0.2644 0.9644 -0.0090 -2.3704
2018-11-27 21:20:48,828 tracker_1 0.9625 0.2622 -0.0700 0.0562 -0.0652 -0.0270 -0.9975 -1.0501 -0.2634 0.9646 -0.0089 -2.3702
2018-11-27 21:20:48,863 tracker_1 0.9624 0.2626 -0.0697 0.0557 -0.0645 -0.0282 -0.9975 -1.0496 -0.2639 0.9645 -0.0102 -2.3693
2018-11-27 21:20:48,898 tracker_1 0.9624 0.2625 -0.0702 0.0554 -0.0649 -0.0287 -0.9975 -1.0499 -0.2638 0.9645 -0.0106 -2.3692
2018-11-27 21:20:48,933 tracker_1 0.9627 0.2614 -0.0700 0.0549 -0.0649 -0.0278 -0.9975 -1.0498 -0.2626 0.9648 -0.0097 -2.3700
2018-11-27 21:20:48,968 tracker_1 0.9633 0.2593 -0.0694 0.0541 -0.0644 -0.0277 -0.9975 -1.0504 -0.2606 0.9654 -0.0100 -2.3713
2018-11-27 21:20:49,004 tracker_1 0.9640 0.2567 -0.0689 0.0531 -0.0644 -0.0260 -0.9976 -1.0507 -0.2578 0.9662 -0.0085 -2.3741
2018-11-27 21:20:49,039 tracker_1 0.9649 0.2535 -0.0681 0.0521 -0.0648 -0.0213 -0.9977 -1.0516 -0.2543 0.9671 -0.0041 -2.3787
2018-11-27 21:20:49,075 tracker_1 0.9659 0.2498 -0.0675 0.0510 -0.0644 -0.0206 -0.9977 -1.0517 -0.2506 0.9681 -0.0038 -2.3817
2018-11-27 21:20:49,109 tracker_1 0.9668 0.2464 -0.0682 0.0503 -0.0652 -0.0206 -0.9977 -1.0521 -0.2472 0.9690 -0.0039 -2.3843
2018-11-27 21:20:49,144 tracker_1 0.9677 0.2427 -0.0682 0.0494 -0.0658 -0.0178 -0.9977 -1.0525 -0.2434 0.9699 -0.0012 -2.3883
2018-11-27 21:20:49,179 tracker_1 0.9689 0.2384 -0.0665 0.0480 -0.0648 -0.0150 -0.9978 -1.0532 -0.2388 0.9711 0.0009 -2.3921
2018-11-27 21:20:49,214 tracker_1 0.9704 0.2323 -0.0663 0.0474 -0.0647 -0.0145 -0.9978 -1.0532 -0.2328 0.9725 0.0010 -2.3952
2018-11-27 21:20:49,249 tracker_1 0.9720 0.2245 -0.0687 0.0475 -0.0670 -0.0148 -0.9976 -1.0532 -0.2250 0.9744 0.0007 -2.3982
2018-11-27 21:20:49,284 tracker_1 0.9741 0.2153 -0.0691 0.0459 -0.0672 -0.0160 -0.9976 -1.0528 -0.2159 0.9764 -0.0012 -2.4010
2018-11-27 21:20:49,318 tracker_1 0.9762 0.2053 -0.0693 0.0439 -0.0673 -0.0166 -0.9976 -1.0530 -0.2060 0.9786 -0.0024 -2.4042
2018-11-27 21:20:49,353 tracker_1 0.9785 0.1942 -0.0691 0.0417 -0.0677 -0.0142 -0.9976 -1.0532 -0.1947 0.9809 -0.0008 -2.4088
2018-11-27 21:20:49,388 tracker_1 0.9811 0.1821 -0.0660 0.0386 -0.0650 -0.0113 -0.9978 -1.0541 -0.1824 0.9832 0.0007 -2.4138
2018-11-27 21:20:49,423 tracker_1 0.9835 0.1691 -0.0642 0.0366 -0.0635 -0.0096 -0.9979 -1.0553 -0.1694 0.9856 0.0013 -2.4187
2018-11-27 21:20:49,458 tracker_1 0.9856 0.1569 -0.0634 0.0358 -0.0637 -0.0029 -0.9980 -1.0554 -0.1568 0.9876 0.0071 -2.4244
2018-11-27 21:20:49,493 tracker_1 0.9875 0.1460 -0.0601 0.0355 -0.0605 -0.0016 -0.9982 -1.0551 -0.1458 0.9893 0.0072 -2.4272
2018-11-27 21:20:49,528 tracker_1 0.9885 0.1368 -0.0647 0.0381 -0.0641 -0.0085 -0.9979 -1.0557 -0.1371 0.9906 0.0003 -2.4264
2018-11-27 21:20:49,563 tracker_1 0.9889 0.1310 -0.0703 0.0408 -0.0696 -0.0103 -0.9975 -1.0552 -0.1314 0.9913 -0.0011 -2.4265
2018-11-27 21:20:49,598 tracker_1 0.9892 0.1280 -0.0714 0.0414 -0.0712 -0.0062 -0.9974 -1.0557 -0.1281 0.9918 0.0030 -2.4279
2018-11-27 21:20:49,633 tracker_1 0.9899 0.1256 -0.0661 0.0397 -0.0658 -0.0060 -0.9978 -1.0552 -0.1257 0.9921 0.0023 -2.4277
2018-11-27 21:20:49,667 tracker_1 0.9905 0.1217 -0.0634 0.0388 -0.0628 -0.0083 -0.9980 -1.0563 -0.1220 0.9925 -0.0006 -2.4272
2018-11-27 21:20:49,702 tracker_1 0.9910 0.1174 -0.0645 0.0384 -0.0643 -0.0055 -0.9979 -1.0557 -0.1175 0.9931 0.0021 -2.4280
2018-11-27 21:20:49,737 tracker_1 0.9914 0.1132 -0.0650 0.0371 -0.0650 -0.0038 -0.9979 -1.0561 -0.1132 0.9936 0.0036 -2.4281
2018-11-27 21:20:49,772 tracker_1 0.9920 0.1083 -0.0643 0.0343 -0.0639 -0.0071 -0.9979 -1.0559 -0.1085 0.9941 -0.0001 -2.4262
2018-11-27 21:20:49,807 tracker_1 0.9927 0.1033 -0.0618 0.0307 -0.0613 -0.0082 -0.9981 -1.0565 -0.1036 0.9946 -0.0018 -2.4256
2018-11-27 21:20:49,842 tracker_1 0.9933 0.0990 -0.0588 0.0274 -0.0588 -0.0036 -0.9983 -1.0565 -0.0991 0.9951 0.0023 -2.4271
2018-11-27 21:20:49,877 tracker_1 0.9939 0.0946 -0.0571 0.0247 -0.0574 0.0004 -0.9984 -1.0568 -0.0944 0.9955 0.0058 -2.4288
2018-11-27 21:20:49,912 tracker_1 0.9944 0.0900 -0.0556 0.0223 -0.0556 -0.0021 -0.9984 -1.0569 -0.0900 0.9959 0.0030 -2.4284
2018-11-27 21:20:49,947 tracker_1 0.9947 0.0859 -0.0565 0.0209 -0.0565 -0.0022 -0.9984 -1.0573 -0.0859 0.9963 0.0027 -2.4297
2018-11-27 21:20:49,982 tracker_1 0.9950 0.0837 -0.0550 0.0172 -0.0554 0.0023 -0.9985 -1.0573 -0.0835 0.9965 0.0069 -2.4322
2018-11-27 21:20:50,017 tracker_1 0.9953 0.0822 -0.0507 0.0115 -0.0513 0.0046 -0.9987 -1.0576 -0.0819 0.9966 0.0088 -2.4340
2018-11-27 21:20:50,051 tracker_1 0.9959 0.0798 -0.0415 0.0059 -0.0422 0.0073 -0.9991 -1.0577 -0.0795 0.9968 0.0107 -2.4346
2018-11-27 21:20:50,087 tracker_1 0.9962 0.0775 -0.0396 0.0045 -0.0404 0.0085 -0.9991 -1.0580 -0.0771 0.9970 0.0116 -2.4345
2018-11-27 21:20:50,121 tracker_1 0.9958 0.0760 -0.0503 0.0083 -0.0507 0.0044 -0.9987 -1.0580 -0.0757 0.9971 0.0083 -2.4333
2018-11-27 21:20:50,156 tracker_1 0.9956 0.0754 -0.0556 0.0101 -0.0558 -0.0004 -0.9984 -1.0576 -0.0753 0.9972 0.0038 -2.4315
2018-11-27 21:20:50,192 tracker_1 0.9957 0.0748 -0.0540 0.0098 -0.0542 0.0010 -0.9985 -1.0580 -0.0746 0.9972 0.0051 -2.4321
2018-11-27 21:20:50,226 tracker_1 0.9960 0.0745 -0.0493 0.0085 -0.0499 0.0060 -0.9987 -1.0579 -0.0742 0.9972 0.0097 -2.4337
2018-11-27 21:20:50,260 tracker_1 0.9962 0.0738 -0.0469 0.0078 -0.0476 0.0070 -0.9988 -1.0579 -0.0734 0.9972 0.0104 -2.4330
2018-11-27 21:20:50,295 tracker_1 0.9961 0.0730 -0.0486 0.0082 -0.0489 0.0030 -0.9988 -1.0577 -0.0728 0.9973 0.0066 -2.4316
2018-11-27 21:20:50,330 tracker_1 0.9961 0.0724 -0.0505 0.0087 -0.0508 0.0019 -0.9987 -1.0580 -0.0722 0.9974 0.0056 -2.4309
2018-11-27 21:20:50,364 tracker_1 0.9961 0.0723 -0.0513 0.0088 -0.0517 0.0045 -0.9987 -1.0579 -0.0720 0.9974 0.0082 -2.4320
2018-11-27 21:20:50,399 tracker_1 0.9962 0.0723 -0.0495 0.0079 -0.0499 0.0046 -0.9987 -1.0581 -0.0720 0.9974 0.0082 -2.4320
2018-11-27 21:20:50,434 tracker_1 0.9962 0.0724 -0.0492 0.0077 -0.0496 0.0034 -0.9988 -1.0579 -0.0722 0.9974 0.0070 -2.4317
2018-11-27 21:20:50,469 tracker_1 0.9961 0.0725 -0.0501 0.0081 -0.0506 0.0042 -0.9987 -1.0581 -0.0722 0.9974 0.0079 -2.4321
2018-11-27 21:20:50,504 tracker_1 0.9961 0.0724 -0.0500 0.0083 -0.0505 0.0053 -0.9987 -1.0579 -0.0721 0.9974 0.0089 -2.4324
2018-11-27 21:20:50,539 tracker_1 0.9961 0.0725 -0.0493 0.0080 -0.0497 0.0045 -0.9988 -1.0580 -0.0722 0.9974 0.0081 -2.4322
2018-11-27 21:20:50,574 tracker_1 0.9962 0.0723 -0.0496 0.0080 -0.0500 0.0042 -0.9987 -1.0579 -0.0720 0.9974 0.0078 -2.4322
2018-11-27 21:20:50,609 tracker_1 0.9961 0.0716 -0.0508 0.0081 -0.0513 0.0049 -0.9987 -1.0579 -0.0712 0.9974 0.0086 -2.4326
2018-11-27 21:20:50,644 tracker_1 0.9963 0.0706 -0.0491 0.0072 -0.0496 0.0045 -0.9988 -1.0580 -0.0703 0.9975 0.0079 -2.4325
2018-11-27 21:20:50,679 tracker_1 0.9963 0.0699 -0.0490 0.0070 -0.0495 0.0048 -0.9988 -1.0581 -0.0696 0.9975 0.0083 -2.4328
2018-11-27 21:20:50,713 tracker_1 0.9963 0.0695 -0.0498 0.0076 -0.0503 0.0058 -0.9987 -1.0581 -0.0691 0.9976 0.0093 -2.4331
2018-11-27 21:20:50,748 tracker_1 0.9964 0.0690 -0.0492 0.0080 -0.0497 0.0046 -0.9988 -1.0581 -0.0687 0.9976 0.0080 -2.4326
2018-11-27 21:20:50,783 tracker_1 0.9964 0.0687 -0.0493 0.0087 -0.0497 0.0039 -0.9988 -1.0582 -0.0684 0.9976 0.0073 -2.4324
2018-11-27 21:20:50,818 tracker_1 0.9963 0.0688 -0.0515 0.0092 -0.0519 0.0048 -0.9986 -1.0581 -0.0684 0.9976 0.0084 -2.4329
2018-11-27 21:20:50,853 tracker_1 0.9963 0.0690 -0.0509 0.0086 -0.0513 0.0039 -0.9987 -1.0582 -0.0687 0.9976 0.0074 -2.4327
2018-11-27 21:20:50,889 tracker_1 0.9964 0.0692 -0.0498 0.0079 -0.0501 0.0035 -0.9987 -1.0579 -0.0689 0.9976 0.0069 -2.4324
2018-11-27 21:20:50,923 tracker_1 0.9964 0.0693 -0.0495 0.0078 -0.0500 0.0049 -0.9987 -1.0582 -0.0690 0.9976 0.0083 -2.4329
2018-11-27 21:20:50,958 tracker_1 0.9963 0.0692 -0.0502 0.0080 -0.0506 0.0045 -0.9987 -1.0581 -0.0689 0.9976 0.0080 -2.4328
2018-11-27 21:20:50,993 tracker_1 0.9963 0.0691 -0.0510 0.0082 -0.0514 0.0032 -0.9987 -1.0582 -0.0688 0.9976 0.0067 -2.4321
2018-11-27 21:20:51,028 tracker_1 0.9963 0.0686 -0.0509 0.0081 -0.0512 0.0035 -0.9987 -1.0583 -0.0684 0.9976 0.0070 -2.4318
2018-11-27 21:20:51,063 tracker_1 0.9964 0.0683 -0.0511 0.0082 -0.0515 0.0041 -0.9987 -1.0582 -0.0680 0.9977 0.0076 -2.4314
2018-11-27 21:20:51,097 tracker_1 0.9964 0.0676 -0.0510 0.0084 -0.0514 0.0030 -0.9987 -1.0582 -0.0674 0.9977 0.0065 -2.4304
2018-11-27 21:20:51,132 tracker_1 0.9964 0.0673 -0.0514 0.0087 -0.0516 0.0023 -0.9987 -1.0583 -0.0671 0.9977 0.0058 -2.4302
2018-11-27 21:20:51,168 tracker_1 0.9964 0.0673 -0.0516 0.0088 -0.0520 0.0034 -0.9986 -1.0583 -0.0671 0.9977 0.0069 -2.4308
2018-11-27 21:20:51,203 tracker_1 0.9964 0.0675 -0.0503 0.0082 -0.0507 0.0043 -0.9987 -1.0582 -0.0672 0.9977 0.0078 -2.4309
2018-11-27 21:20:51,237 tracker_1 0.9965 0.0675 -0.0498 0.0078 -0.0501 0.0035 -0.9987 -1.0583 -0.0673 0.9977 0.0069 -2.4306
2018-11-27 21:20:51,272 tracker_1 0.9964 0.0673 -0.0509 0.0083 -0.0512 0.0032 -0.9987 -1.0584 -0.0670 0.9977 0.0066 -2.4305
2018-11-27 21:20:51,307 tracker_1 0.9964 0.0674 -0.0513 0.0087 -0.0516 0.0034 -0.9987 -1.0585 -0.0671 0.9977 0.0069 -2.4307
2018-11-27 21:20:51,342 tracker_1 0.9965 0.0672 -0.0504 0.0084 -0.0508 0.0039 -0.9987 -1.0584 -0.0669 0.9977 0.0073 -2.4304
2018-11-27 21:20:51,377 tracker_1 0.9964 0.0671 -0.0517 0.0086 -0.0520 0.0027 -0.9986 -1.0581 -0.0669 0.9977 0.0062 -2.4296
2018-11-27 21:20:51,412 tracker_1 0.9964 0.0668 -0.0518 0.0085 -0.0521 0.0022 -0.9986 -1.0581 -0.0666 0.9978 0.0057 -2.4291
2018-11-27 21:20:51,446 tracker_1 0.9965 0.0663 -0.0508 0.0080 -0.0512 0.0031 -0.9987 -1.0584 -0.0660 0.9978 0.0065 -2.4294
2018-11-27 21:20:51,481 tracker_1 0.9965 0.0660 -0.0510 0.0081 -0.0513 0.0035 -0.9987 -1.0582 -0.0657 0.9978 0.0069 -2.4294
2018-11-27 21:20:51,516 tracker_1 0.9965 0.0659 -0.0513 0.0084 -0.0516 0.0032 -0.9987 -1.0582 -0.0656 0.9978 0.0066 -2.4293
2018-11-27 21:20:51,551 tracker_1 0.9965 0.0660 -0.0522 0.0086 -0.0525 0.0028 -0.9986 -1.0579 -0.0657 0.9978 0.0062 -2.4292
2018-11-27 21:20:51,586 tracker_1 0.9965 0.0655 -0.0511 0.0084 -0.0514 0.0033 -0.9987 -1.0579 -0.0653 0.9978 0.0066 -2.4292
2018-11-27 21:20:51,621 tracker_1 0.9966 0.0649 -0.0506 0.0083 -0.0509 0.0035 -0.9987 -1.0579 -0.0647 0.9979 0.0067 -2.4291
2018-11-27 21:20:51,655 tracker_1 0.9966 0.0646 -0.0512 0.0091 -0.0514 0.0022 -0.9987 -1.0581 -0.0644 0.9979 0.0055 -2.4287
2018-11-27 21:20:51,690 tracker_1 0.9965 0.0648 -0.0534 0.0099 -0.0537 0.0025 -0.9986 -1.0581 -0.0645 0.9979 0.0060 -2.4293
2018-11-27 21:20:51,725 tracker_1 0.9965 0.0648 -0.0530 0.0095 -0.0533 0.0025 -0.9986 -1.0581 -0.0646 0.9979 0.0059 -2.4293
2018-11-27 21:20:51,760 tracker_1 0.9966 0.0647 -0.0515 0.0085 -0.0517 0.0019 -0.9987 -1.0581 -0.0645 0.9979 0.0053 -2.4290
2018-11-27 21:20:51,794 tracker_1 0.9966 0.0647 -0.0515 0.0083 -0.0517 0.0021 -0.9987 -1.0582 -0.0645 0.9979 0.0054 -2.4291
2018-11-27 21:20:51,829 tracker_1 0.9966 0.0646 -0.0518 0.0085 -0.0521 0.0024 -0.9986 -1.0582 -0.0644 0.9979 0.0058 -2.4293
2018-11-27 21:20:51,864 tracker_1 0.9965 0.0645 -0.0523 0.0089 -0.0525 0.0024 -0.9986 -1.0583 -0.0643 0.9979 0.0058 -2.4292
2018-11-27 21:20:51,899 tracker_1 0.9966 0.0646 -0.0520 0.0088 -0.0523 0.0022 -0.9986 -1.0583 -0.0644 0.9979 0.0056 -2.4293
2018-11-27 21:20:51,934 tracker_1 0.9966 0.0646 -0.0515 0.0084 -0.0517 0.0022 -0.9987 -1.0582 -0.0644 0.9979 0.0055 -2.4292
2018-11-27 21:20:51,969 tracker_1 0.9965 0.0645 -0.0522 0.0086 -0.0525 0.0024 -0.9986 -1.0582 -0.0643 0.9979 0.0058 -2.4291
2018-11-27 21:20:52,004 tracker_1 0.9966 0.0644 -0.0515 0.0082 -0.0517 0.0018 -0.9987 -1.0582 -0.0642 0.9979 0.0051 -2.4287
2018-11-27 21:20:52,039 tracker_1 0.9966 0.0638 -0.0514 0.0082 -0.0516 0.0022 -0.9987 -1.0583 -0.0636 0.9980 0.0055 -2.4283
2018-11-27 21:20:52,074 tracker_1 0.9967 0.0628 -0.0522 0.0084 -0.0526 0.0039 -0.9986 -1.0583 -0.0625 0.9980 0.0072 -2.4277
2018-11-27 21:20:52,109 tracker_1 0.9968 0.0613 -0.0512 0.0078 -0.0515 0.0031 -0.9987 -1.0583 -0.0611 0.9981 0.0062 -2.4260
2018-11-27 21:20:52,144 tracker_1 0.9970 0.0589 -0.0499 0.0075 -0.0500 -0.0002 -0.9988 -1.0582 -0.0588 0.9983 0.0028 -2.4241
2018-11-27 21:20:52,178 tracker_1 0.9971 0.0562 -0.0519 0.0082 -0.0521 0.0024 -0.9986 -1.0583 -0.0560 0.9984 0.0053 -2.4243
2018-11-27 21:20:52,213 tracker_1 0.9973 0.0533 -0.0513 0.0088 -0.0516 0.0043 -0.9987 -1.0581 -0.0530 0.9986 0.0071 -2.4241
2018-11-27 21:20:52,248 tracker_1 0.9973 0.0525 -0.0519 0.0087 -0.0520 0.0006 -0.9986 -1.0584 -0.0524 0.9986 0.0033 -2.4222
2018-11-27 21:20:52,283 tracker_1 0.9973 0.0511 -0.0527 0.0083 -0.0528 0.0002 -0.9986 -1.0583 -0.0510 0.9987 0.0029 -2.4216
2018-11-27 21:20:52,318 tracker_1 0.9974 0.0497 -0.0519 0.0069 -0.0521 0.0031 -0.9986 -1.0580 -0.0494 0.9988 0.0057 -2.4215
2018-11-27 21:20:52,353 tracker_1 0.9976 0.0481 -0.0508 0.0048 -0.0509 0.0005 -0.9987 -1.0581 -0.0480 0.9988 0.0029 -2.4193
2018-11-27 21:20:52,388 tracker_1 0.9977 0.0461 -0.0494 0.0031 -0.0493 -0.0024 -0.9988 -1.0576 -0.0461 0.9989 -0.0001 -2.4170
2018-11-27 21:20:52,423 tracker_1 0.9979 0.0439 -0.0485 0.0018 -0.0485 -0.0030 -0.9988 -1.0568 -0.0439 0.9990 -0.0009 -2.4151
2018-11-27 21:20:52,458 tracker_1 0.9982 0.0415 -0.0443 0.0002 -0.0440 -0.0070 -0.9990 -1.0556 -0.0418 0.9991 -0.0052 -2.4120
2018-11-27 21:20:52,493 tracker_1 0.9983 0.0400 -0.0418 -0.0001 -0.0413 -0.0126 -0.9991 -1.0548 -0.0405 0.9991 -0.0110 -2.4090
2018-11-27 21:20:52,528 tracker_1 0.9984 0.0388 -0.0420 0.0006 -0.0415 -0.0154 -0.9990 -1.0531 -0.0394 0.9991 -0.0138 -2.4072
2018-11-27 21:20:52,562 tracker_1 0.9985 0.0373 -0.0394 0.0004 -0.0385 -0.0225 -0.9990 -1.0520 -0.0381 0.9990 -0.0211 -2.4034
2018-11-27 21:20:52,597 tracker_1 0.9988 0.0357 -0.0344 -0.0001 -0.0332 -0.0339 -0.9989 -1.0507 -0.0369 0.9988 -0.0326 -2.3992
2018-11-27 21:20:52,632 tracker_1 0.9989 0.0335 -0.0319 0.0006 -0.0307 -0.0369 -0.9988 -1.0495 -0.0347 0.9988 -0.0358 -2.3979
2018-11-27 21:20:52,666 tracker_1 0.9991 0.0314 -0.0284 0.0009 -0.0272 -0.0386 -0.9989 -1.0485 -0.0325 0.9988 -0.0377 -2.3965
2018-11-27 21:20:52,701 tracker_1 0.9993 0.0295 -0.0244 0.0010 -0.0229 -0.0493 -0.9985 -1.0480 -0.0307 0.9983 -0.0486 -2.3923
2018-11-27 21:20:52,736 tracker_1 0.9993 0.0290 -0.0239 0.0018 -0.0222 -0.0576 -0.9981 -1.0475 -0.0303 0.9979 -0.0569 -2.3898
2018-11-27 21:20:52,771 tracker_1 0.9993 0.0285 -0.0225 0.0011 -0.0209 -0.0535 -0.9983 -1.0473 -0.0297 0.9982 -0.0529 -2.3923
2018-11-27 21:20:52,806 tracker_1 0.9994 0.0294 -0.0191 -0.0002 -0.0177 -0.0496 -0.9986 -1.0473 -0.0303 0.9983 -0.0491 -2.3941
2018-11-27 21:20:52,841 tracker_1 0.9993 0.0317 -0.0210 -0.0004 -0.0192 -0.0559 -0.9983 -1.0473 -0.0328 0.9979 -0.0552 -2.3929
2018-11-27 21:20:52,876 tracker_1 0.9992 0.0347 -0.0192 -0.0025 -0.0171 -0.0605 -0.9980 -1.0460 -0.0358 0.9976 -0.0599 -2.3921
2018-11-27 21:20:52,910 tracker_1 0.9992 0.0389 -0.0055 -0.0079 -0.0030 -0.0627 -0.9980 -1.0450 -0.0392 0.9973 -0.0625 -2.3912
2018-11-27 21:20:52,945 tracker_1 0.9990 0.0439 -0.0002 -0.0089 0.0029 -0.0722 -0.9974 -1.0435 -0.0438 0.9964 -0.0723 -2.3888
2018-11-27 21:20:52,980 tracker_1 0.9988 0.0498 -0.0001 -0.0083 0.0040 -0.0824 -0.9966 -1.0411 -0.0496 0.9954 -0.0825 -2.3875
2018-11-27 21:20:53,015 tracker_1 0.9984 0.0563 0.0052 -0.0085 0.0098 -0.0818 -0.9966 -1.0381 -0.0557 0.9951 -0.0822 -2.3910
2018-11-27 21:20:53,049 tracker_1 0.9981 0.0606 0.0047 -0.0074 0.0094 -0.0769 -0.9970 -1.0363 -0.0601 0.9952 -0.0773 -2.3969
2018-11-27 21:20:53,084 tracker_1 0.9981 0.0617 0.0039 -0.0073 0.0085 -0.0752 -0.9971 -1.0357 -0.0613 0.9953 -0.0756 -2.4011
2018-11-27 21:20:53,119 tracker_1 0.9980 0.0608 0.0145 -0.0128 0.0193 -0.0799 -0.9966 -1.0358 -0.0594 0.9949 -0.0809 -2.4023
2018-11-27 21:20:53,154 tracker_1 0.9979 0.0584 0.0267 -0.0198 0.0313 -0.0799 -0.9963 -1.0343 -0.0561 0.9951 -0.0816 -2.4057
2018-11-27 21:20:53,189 tracker_1 0.9978 0.0552 0.0364 -0.0261 0.0404 -0.0748 -0.9964 -1.0310 -0.0523 0.9957 -0.0769 -2.4103
2018-11-27 21:20:53,224 tracker_1 0.9973 0.0530 0.0513 -0.0346 0.0553 -0.0772 -0.9955 -1.0272 -0.0488 0.9956 -0.0800 -2.4120
2018-11-27 21:20:53,259 tracker_1 0.9965 0.0510 0.0666 -0.0437 0.0705 -0.0791 -0.9944 -1.0237 -0.0455 0.9956 -0.0824 -2.4144
2018-11-27 21:20:53,294 tracker_1 0.9957 0.0469 0.0804 -0.0516 0.0836 -0.0720 -0.9939 -1.0212 -0.0408 0.9963 -0.0756 -2.4195
2018-11-27 21:20:53,328 tracker_1 0.9947 0.0428 0.0940 -0.0592 0.0970 -0.0731 -0.9926 -1.0186 -0.0356 0.9964 -0.0768 -2.4202
2018-11-27 21:20:53,363 tracker_1 0.9938 0.0390 0.1039 -0.0651 0.1068 -0.0833 -0.9908 -1.0168 -0.0300 0.9958 -0.0869 -2.4175
2018-11-27 21:20:53,398 tracker_1 0.9930 0.0339 0.1133 -0.0708 0.1158 -0.0828 -0.9898 -1.0151 -0.0241 0.9960 -0.0862 -2.4189
2018-11-27 21:20:53,434 tracker_1 0.9920 0.0285 0.1232 -0.0764 0.1251 -0.0781 -0.9891 -1.0137 -0.0186 0.9965 -0.0810 -2.4215
2018-11-27 21:20:53,468 tracker_1 0.9908 0.0254 0.1331 -0.0825 0.1348 -0.0841 -0.9873 -1.0125 -0.0139 0.9961 -0.0868 -2.4204
2018-11-27 21:20:53,503 tracker_1 0.9895 0.0224 0.1429 -0.0891 0.1443 -0.0861 -0.9858 -1.0102 -0.0098 0.9960 -0.0884 -2.4210
2018-11-27 21:20:53,538 tracker_1 0.9881 0.0198 0.1526 -0.0955 0.1537 -0.0811 -0.9848 -1.0085 -0.0071 0.9965 -0.0832 -2.4241
2018-11-27 21:20:53,573 tracker_1 0.9868 0.0186 0.1611 -0.1012 0.1621 -0.0811 -0.9834 -1.0078 -0.0052 0.9965 -0.0831 -2.4248
2018-11-27 21:20:53,608 tracker_1 0.9858 0.0182 0.1668 -0.1045 0.1677 -0.0835 -0.9823 -1.0081 -0.0040 0.9963 -0.0853 -2.4247
2018-11-27 21:20:53,643 tracker_1 0.9859 0.0182 0.1661 -0.1048 0.1670 -0.0812 -0.9826 -1.0073 -0.0044 0.9965 -0.0831 -2.4257
2018-11-27 21:20:53,678 tracker_1 0.9861 0.0190 0.1649 -0.1049 0.1659 -0.0807 -0.9828 -1.0072 -0.0054 0.9966 -0.0827 -2.4263
2018-11-27 21:20:53,712 tracker_1 0.9861 0.0204 0.1651 -0.1044 0.1662 -0.0809 -0.9828 -1.0073 -0.0067 0.9965 -0.0831 -2.4263
2018-11-27 21:20:53,747 tracker_1 0.9868 0.0226 0.1602 -0.1018 0.1616 -0.0804 -0.9836 -1.0075 -0.0093 0.9965 -0.0830 -2.4265
2018-11-27 21:20:53,782 tracker_1 0.9876 0.0256 0.1550 -0.0987 0.1566 -0.0796 -0.9845 -1.0079 -0.0129 0.9965 -0.0826 -2.4270
2018-11-27 21:20:53,817 tracker_1 0.9879 0.0294 0.1520 -0.0958 0.1539 -0.0783 -0.9850 -1.0086 -0.0171 0.9965 -0.0819 -2.4276
2018-11-27 21:20:53,852 tracker_1 0.9890 0.0343 0.1439 -0.0914 0.1461 -0.0775 -0.9862 -1.0087 -0.0227 0.9964 -0.0817 -2.4280
2018-11-27 21:20:53,887 tracker_1 0.9899 0.0398 0.1364 -0.0870 0.1391 -0.0772 -0.9873 -1.0097 -0.0288 0.9962 -0.0819 -2.4285
2018-11-27 21:20:53,922 tracker_1 0.9901 0.0456 0.1324 -0.0829 0.1355 -0.0732 -0.9881 -1.0111 -0.0354 0.9963 -0.0786 -2.4296
2018-11-27 21:20:53,957 tracker_1 0.9911 0.0530 0.1217 -0.0758 0.1253 -0.0701 -0.9896 -1.0124 -0.0440 0.9961 -0.0761 -2.4296
2018-11-27 21:20:53,992 tracker_1 0.9923 0.0630 0.1066 -0.0671 0.1110 -0.0700 -0.9914 -1.0144 -0.0549 0.9956 -0.0764 -2.4275
2018-11-27 21:20:54,027 tracker_1 0.9929 0.0750 0.0927 -0.0585 0.0981 -0.0714 -0.9926 -1.0178 -0.0678 0.9946 -0.0783 -2.4238
2018-11-27 21:20:54,061 tracker_1 0.9933 0.0884 0.0750 -0.0485 0.0813 -0.0699 -0.9942 -1.0211 -0.0826 0.9936 -0.0767 -2.4205
2018-11-27 21:20:54,096 tracker_1 0.9930 0.1036 0.0560 -0.0378 0.0631 -0.0662 -0.9958 -1.0248 -0.0995 0.9924 -0.0723 -2.4181
2018-11-27 21:20:54,131 tracker_1 0.9919 0.1220 0.0357 -0.0256 0.0440 -0.0654 -0.9969 -1.0288 -0.1193 0.9904 -0.0703 -2.4144
2018-11-27 21:20:54,166 tracker_1 0.9895 0.1440 0.0090 -0.0110 0.0194 -0.0704 -0.9973 -1.0330 -0.1430 0.9871 -0.0725 -2.4086
2018-11-27 21:20:54,201 tracker_1 0.9855 0.1690 -0.0174 0.0043 -0.0044 -0.0771 -0.9970 -1.0356 -0.1698 0.9826 -0.0752 -2.4040
2018-11-27 21:20:54,236 tracker_1 0.9796 0.1980 -0.0336 0.0129 -0.0173 -0.0832 -0.9964 -1.0372 -0.2001 0.9767 -0.0780 -2.3960
2018-11-27 21:20:54,271 tracker_1 0.9711 0.2302 -0.0633 0.0260 -0.0421 -0.0959 -0.9945 -1.0344 -0.2350 0.9684 -0.0835 -2.3881
2018-11-27 21:20:54,306 tracker_1 0.9616 0.2646 -0.0736 0.0256 -0.0497 -0.0958 -0.9942 -1.0328 -0.2701 0.9596 -0.0790 -2.3806
2018-11-27 21:20:54,341 tracker_1 0.9526 0.2985 -0.0593 0.0161 -0.0306 -0.0998 -0.9945 -1.0301 -0.3028 0.9492 -0.0859 -2.3655
2018-11-27 21:20:54,376 tracker_1 0.9413 0.3323 -0.0596 0.0126 -0.0256 -0.1059 -0.9940 -1.0303 -0.3367 0.9372 -0.0912 -2.3538
2018-11-27 21:20:54,411 tracker_1 0.9284 0.3645 -0.0719 0.0109 -0.0315 -0.1155 -0.9928 -1.0282 -0.3701 0.9240 -0.0958 -2.3389
2018-11-27 21:20:54,445 tracker_1 0.9164 0.3969 -0.0516 0.0029 -0.0011 -0.1264 -0.9920 -1.0271 -0.4002 0.9091 -0.1153 -2.3219
2018-11-27 21:20:54,480 tracker_1 0.9033 0.4264 -0.0478 0.0041 0.0059 -0.1238 -0.9923 -1.0196 -0.4290 0.8960 -0.1143 -2.3093
2018-11-27 21:20:54,515 tracker_1 0.8853 0.4567 -0.0873 0.0177 -0.0324 -0.1266 -0.9914 -1.0200 -0.4639 0.8805 -0.0973 -2.3055
2018-11-27 21:20:54,551 tracker_1 0.8682 0.4859 -0.1007 0.0198 -0.0347 -0.1430 -0.9891 -1.0208 -0.4950 0.8622 -0.1073 -2.2898
2018-11-27 21:20:54,586 tracker_1 0.8522 0.5166 -0.0831 0.0109 -0.0115 -0.1402 -0.9901 -1.0199 -0.5231 0.8447 -0.1135 -2.2757
2018-11-27 21:20:54,620 tracker_1 0.8315 0.5486 -0.0873 0.0065 -0.0156 -0.1341 -0.9909 -1.0190 -0.5553 0.8253 -0.1029 -2.2679
2018-11-27 21:20:54,656 tracker_1 0.8102 0.5785 -0.0944 0.0070 -0.0139 -0.1420 -0.9898 -1.0168 -0.5860 0.8032 -0.1070 -2.2554
2018-11-27 21:20:54,689 tracker_1 0.7896 0.6051 -0.1019 0.0103 -0.0139 -0.1485 -0.9888 -1.0160 -0.6135 0.7822 -0.1088 -2.2455
2018-11-27 21:20:54,724 tracker_1 0.7691 0.6292 -0.1123 0.0154 -0.0233 -0.1480 -0.9887 -1.0151 -0.6387 0.7630 -0.0992 -2.2405
2018-11-27 21:20:54,759 tracker_1 0.7508 0.6502 -0.1167 0.0175 -0.0239 -0.1499 -0.9884 -1.0156 -0.6601 0.7449 -0.0970 -2.2337
2018-11-27 21:20:54,794 tracker_1 0.7364 0.6667 -0.1147 0.0172 -0.0161 -0.1522 -0.9882 -1.0164 -0.6763 0.7296 -0.1014 -2.2256
2018-11-27 21:20:54,829 tracker_1 0.7246 0.6798 -0.1135 0.0180 -0.0141 -0.1500 -0.9886 -1.0163 -0.6890 0.7179 -0.0991 -2.2212
2018-11-27 21:20:54,864 tracker_1 0.7156 0.6893 -0.1130 0.0201 -0.0119 -0.1497 -0.9887 -1.0161 -0.6984 0.7088 -0.0989 -2.2176
2018-11-27 21:20:54,899 tracker_1 0.7096 0.6949 -0.1161 0.0243 -0.0113 -0.1536 -0.9881 -1.0152 -0.7045 0.7025 -0.1012 -2.2139
2018-11-27 21:20:54,934 tracker_1 0.7051 0.6982 -0.1239 0.0302 -0.0183 -0.1568 -0.9875 -1.0144 -0.7089 0.6985 -0.0977 -2.2123
2018-11-27 21:20:54,969 tracker_1 0.7015 0.7006 -0.1307 0.0356 -0.0236 -0.1604 -0.9868 -1.0129 -0.7123 0.6953 -0.0960 -2.2103
2018-11-27 21:20:55,003 tracker_1 0.6990 0.7019 -0.1369 0.0407 -0.0241 -0.1683 -0.9854 -1.0122 -0.7147 0.6921 -0.1007 -2.2056
2018-11-27 21:20:55,038 tracker_1 0.6973 0.7025 -0.1427 0.0451 -0.0258 -0.1743 -0.9844 -1.0109 -0.7163 0.6901 -0.1033 -2.2020
2018-11-27 21:20:55,073 tracker_1 0.6977 0.7023 -0.1413 0.0473 -0.0244 -0.1738 -0.9845 -1.0098 -0.7160 0.6903 -0.1041 -2.1997
2018-11-27 21:20:55,108 tracker_1 0.6983 0.7012 -0.1442 0.0511 -0.0271 -0.1754 -0.9841 -1.0089 -0.7153 0.6911 -0.1035 -2.1983
2018-11-27 21:20:55,143 tracker_1 0.6989 0.6994 -0.1496 0.0562 -0.0289 -0.1814 -0.9830 -1.0083 -0.7146 0.6913 -0.1066 -2.1954
2018-11-27 21:20:55,178 tracker_1 0.6996 0.6984 -0.1511 0.0601 -0.0290 -0.1836 -0.9826 -1.0075 -0.7140 0.6918 -0.1082 -2.1928
2018-11-27 21:20:55,213 tracker_1 0.6992 0.6982 -0.1536 0.0648 -0.0306 -0.1853 -0.9822 -1.0065 -0.7143 0.6915 -0.1082 -2.1902
2018-11-27 21:20:55,248 tracker_1 0.6975 0.6985 -0.1598 0.0706 -0.0328 -0.1917 -0.9809 -1.0057 -0.7158 0.6894 -0.1108 -2.1863
2018-11-27 21:20:55,283 tracker_1 0.6948 0.7003 -0.1638 0.0756 -0.0326 -0.1969 -0.9799 -1.0052 -0.7184 0.6862 -0.1140 -2.1819
2018-11-27 21:20:55,318 tracker_1 0.6917 0.7033 -0.1639 0.0791 -0.0320 -0.1969 -0.9799 -1.0049 -0.7214 0.6831 -0.1137 -2.1790
2018-11-27 21:20:55,353 tracker_1 0.6880 0.7064 -0.1660 0.0832 -0.0331 -0.1980 -0.9796 -1.0051 -0.7249 0.6795 -0.1128 -2.1766
2018-11-27 21:20:55,387 tracker_1 0.6844 0.7091 -0.1694 0.0871 -0.0343 -0.2008 -0.9790 -1.0058 -0.7283 0.6759 -0.1131 -2.1742
2018-11-27 21:20:55,422 tracker_1 0.6812 0.7123 -0.1694 0.0890 -0.0348 -0.1996 -0.9793 -1.0064 -0.7313 0.6730 -0.1111 -2.1737
2018-11-27 21:20:55,457 tracker_1 0.6779 0.7159 -0.1671 0.0895 -0.0356 -0.1950 -0.9801 -1.0070 -0.7343 0.6704 -0.1067 -2.1742
2018-11-27 21:20:55,492 tracker_1 0.6754 0.7186 -0.1656 0.0901 -0.0352 -0.1929 -0.9806 -1.0077 -0.7366 0.6682 -0.1050 -2.1738
2018-11-27 21:20:55,527 tracker_1 0.6735 0.7202 -0.1665 0.0914 -0.0366 -0.1925 -0.9806 -1.0082 -0.7383 0.6665 -0.1033 -2.1740
2018-11-27 21:20:55,562 tracker_1 0.6723 0.7216 -0.1653 0.0917 -0.0378 -0.1896 -0.9811 -1.0089 -0.7394 0.6658 -0.1002 -2.1748
2018-11-27 21:20:55,597 tracker_1 0.6716 0.7229 -0.1625 0.0910 -0.0368 -0.1865 -0.9818 -1.0096 -0.7400 0.6653 -0.0987 -2.1754
2018-11-27 21:20:55,631 tracker_1 0.6721 0.7227 -0.1611 0.0907 -0.0355 -0.1859 -0.9819 -1.0108 -0.7396 0.6657 -0.0992 -2.1761
2018-11-27 21:20:55,666 tracker_1 0.6748 0.7209 -0.1581 0.0894 -0.0340 -0.1837 -0.9824 -1.0117 -0.7372 0.6683 -0.0995 -2.1779
2018-11-27 21:20:55,701 tracker_1 0.6800 0.7173 -0.1519 0.0865 -0.0309 -0.1790 -0.9834 -1.0133 -0.7326 0.6734 -0.0996 -2.1819
2018-11-27 21:20:55,735 tracker_1 0.6881 0.7108 -0.1458 0.0832 -0.0289 -0.1738 -0.9843 -1.0151 -0.7250 0.6816 -0.0991 -2.1878
2018-11-27 21:20:55,770 tracker_1 0.6994 0.7011 -0.1387 0.0790 -0.0271 -0.1679 -0.9854 -1.0174 -0.7142 0.6930 -0.0985 -2.1961
2018-11-27 21:20:55,805 tracker_1 0.7135 0.6886 -0.1290 0.0737 -0.0263 -0.1576 -0.9871 -1.0193 -0.7001 0.7078 -0.0944 -2.2080
2018-11-27 21:20:55,840 tracker_1 0.7305 0.6723 -0.1197 0.0692 -0.0277 -0.1460 -0.9889 -1.0212 -0.6823 0.7257 -0.0880 -2.2231
2018-11-27 21:20:55,875 tracker_1 0.7493 0.6522 -0.1150 0.0661 -0.0302 -0.1398 -0.9897 -1.0226 -0.6616 0.7450 -0.0851 -2.2381
2018-11-27 21:20:55,910 tracker_1 0.7700 0.6286 -0.1094 0.0621 -0.0319 -0.1334 -0.9906 -1.0245 -0.6373 0.7662 -0.0826 -2.2551
2018-11-27 21:20:55,945 tracker_1 0.7937 0.6002 -0.0987 0.0563 -0.0303 -0.1231 -0.9919 -1.0265 -0.6076 0.7903 -0.0795 -2.2748
2018-11-27 21:20:55,979 tracker_1 0.8182 0.5683 -0.0871 0.0500 -0.0270 -0.1134 -0.9932 -1.0286 -0.5743 0.8150 -0.0774 -2.2941
2018-11-27 21:20:56,014 tracker_1 0.8446 0.5299 -0.0766 0.0436 -0.0211 -0.1100 -0.9937 -1.0306 -0.5350 0.8409 -0.0817 -2.3115
2018-11-27 21:20:56,049 tracker_1 0.8713 0.4869 -0.0616 0.0340 -0.0117 -0.1048 -0.9944 -1.0330 -0.4907 0.8671 -0.0856 -2.3282
2018-11-27 21:20:56,083 tracker_1 0.8926 0.4498 -0.0317 0.0236 0.0095 -0.0892 -0.9960 -1.0350 -0.4508 0.8887 -0.0839 -2.3467
2018-11-27 21:20:56,118 tracker_1 0.9095 0.4153 -0.0206 0.0235 0.0098 -0.0711 -0.9974 -1.0379 -0.4157 0.9069 -0.0688 -2.3689
2018-11-27 21:20:56,153 tracker_1 0.9236 0.3827 -0.0239 0.0266 0.0038 -0.0714 -0.9974 -1.0401 -0.3835 0.9211 -0.0674 -2.3835
2018-11-27 21:20:56,187 tracker_1 0.9368 0.3498 -0.0023 0.0252 0.0198 -0.0596 -0.9980 -1.0446 -0.3492 0.9349 -0.0628 -2.3947
2018-11-27 21:20:56,222 tracker_1 0.9497 0.3129 0.0119 0.0309 0.0375 -0.0759 -0.9964 -1.0383 -0.3108 0.9468 -0.0838 -2.3955
2018-11-27 21:20:56,257 tracker_1 0.9591 0.2830 -0.0043 0.0396 0.0192 -0.0804 -0.9966 -1.0382 -0.2824 0.9557 -0.0825 -2.4089
2018-11-27 21:20:56,294 tracker_1 0.9669 0.2549 0.0116 0.0396 0.0322 -0.0766 -0.9965 -1.0370 -0.2531 0.9639 -0.0823 -2.4206
2018-11-27 21:20:56,326 tracker_1 0.9731 0.2291 0.0225 0.0411 0.0390 -0.0679 -0.9969 -1.0365 -0.2268 0.9710 -0.0750 -2.4338
2018-11-27 21:20:56,361 tracker_1 0.9785 0.2053 0.0196 0.0471 0.0344 -0.0686 -0.9971 -1.0351 -0.2033 0.9763 -0.0741 -2.4412
2018-11-27 21:20:56,396 tracker_1 0.9823 0.1854 0.0252 0.0485 0.0398 -0.0757 -0.9963 -1.0340 -0.1828 0.9797 -0.0818 -2.4441
2018-11-27 21:20:56,431 tracker_1 0.9853 0.1676 0.0332 0.0484 0.0462 -0.0744 -0.9962 -1.0331 -0.1644 0.9831 -0.0811 -2.4476
2018-11-27 21:20:56,466 tracker_1 0.9875 0.1535 0.0353 0.0502 0.0466 -0.0709 -0.9964 -1.0323 -0.1504 0.9856 -0.0771 -2.4503
2018-11-27 21:20:56,501 tracker_1 0.9892 0.1413 0.0389 0.0513 0.0503 -0.0783 -0.9957 -1.0321 -0.1377 0.9869 -0.0845 -2.4468
2018-11-27 21:20:56,535 tracker_1 0.9903 0.1306 0.0464 0.0514 0.0579 -0.0854 -0.9947 -1.0309 -0.1260 0.9877 -0.0921 -2.4437
2018-11-27 21:20:56,570 tracker_1 0.9916 0.1196 0.0492 0.0529 0.0594 -0.0830 -0.9948 -1.0301 -0.1149 0.9893 -0.0894 -2.4437
2018-11-27 21:20:56,605 tracker_1 0.9925 0.1100 0.0534 0.0539 0.0629 -0.0850 -0.9944 -1.0294 -0.1049 0.9903 -0.0913 -2.4416
2018-11-27 21:20:56,640 tracker_1 0.9933 0.1016 0.0559 0.0553 0.0652 -0.0904 -0.9938 -1.0286 -0.0959 0.9907 -0.0964 -2.4384
2018-11-27 21:20:56,675 tracker_1 0.9940 0.0936 0.0561 0.0573 0.0644 -0.0882 -0.9940 -1.0282 -0.0881 0.9917 -0.0937 -2.4383
2018-11-27 21:20:56,710 tracker_1 0.9949 0.0855 0.0543 0.0613 0.0616 -0.0851 -0.9945 -1.0282 -0.0804 0.9927 -0.0899 -2.4393
2018-11-27 21:20:56,745 tracker_1 0.9953 0.0775 0.0581 0.0611 0.0647 -0.0854 -0.9942 -1.0285 -0.0720 0.9933 -0.0900 -2.4382
2018-11-27 21:20:56,782 tracker_1 0.9965 0.0694 0.0468 0.0709 0.0529 -0.0882 -0.9947 -1.0275 -0.0650 0.9937 -0.0915 -2.4383
2018-11-27 21:20:56,815 tracker_1 0.9967 0.0621 0.0517 0.0685 0.0570 -0.0872 -0.9946 -1.0274 -0.0573 0.9942 -0.0905 -2.4374
2018-11-27 21:20:56,850 tracker_1 0.9970 0.0571 0.0518 0.0699 0.0567 -0.0886 -0.9944 -1.0278 -0.0522 0.9944 -0.0916 -2.4365
2018-11-27 21:20:56,885 tracker_1 0.9975 0.0540 0.0456 0.0756 0.0504 -0.0897 -0.9947 -1.0273 -0.0496 0.9945 -0.0922 -2.4369
2018-11-27 21:20:56,920 tracker_1 0.9977 0.0515 0.0443 0.0768 0.0488 -0.0884 -0.9949 -1.0272 -0.0473 0.9948 -0.0907 -2.4368
2018-11-27 21:20:56,954 tracker_1 0.9980 0.0480 0.0410 0.0802 0.0452 -0.0899 -0.9949 -1.0274 -0.0440 0.9948 -0.0919 -2.4373
2018-11-27 21:20:56,989 tracker_1 0.9981 0.0451 0.0419 0.0805 0.0459 -0.0916 -0.9947 -1.0277 -0.0410 0.9948 -0.0935 -2.4361
2018-11-27 21:20:57,024 tracker_1 0.9982 0.0429 0.0409 0.0815 0.0447 -0.0907 -0.9949 -1.0277 -0.0390 0.9950 -0.0925 -2.4363
2018-11-27 21:20:57,059 tracker_1 0.9982 0.0410 0.0436 0.0808 0.0471 -0.0901 -0.9948 -1.0275 -0.0368 0.9951 -0.0919 -2.4356
2018-11-27 21:20:57,094 tracker_1 0.9980 0.0361 0.0519 0.0823 0.0551 -0.0935 -0.9941 -1.0254 -0.0310 0.9950 -0.0953 -2.4311
2018-11-27 21:20:57,129 tracker_1 0.9981 0.0351 0.0510 0.0837 0.0541 -0.0927 -0.9942 -1.0273 -0.0302 0.9951 -0.0944 -2.4331
2018-11-27 21:20:57,164 tracker_1 0.9981 0.0335 0.0512 0.0851 0.0541 -0.0920 -0.9943 -1.0282 -0.0286 0.9952 -0.0937 -2.4346
2018-11-27 21:20:57,199 tracker_1 0.9982 0.0325 0.0508 0.0862 0.0536 -0.0921 -0.9943 -1.0284 -0.0276 0.9952 -0.0936 -2.4349
2018-11-27 21:20:57,234 tracker_1 0.9982 0.0321 0.0501 0.0860 0.0528 -0.0907 -0.9945 -1.0283 -0.0274 0.9954 -0.0923 -2.4356
2018-11-27 21:20:57,268 tracker_1 0.9982 0.0313 0.0504 0.0866 0.0530 -0.0892 -0.9946 -1.0285 -0.0267 0.9955 -0.0907 -2.4360
2018-11-27 21:20:57,303 tracker_1 0.9984 0.0295 0.0483 0.0891 0.0508 -0.0917 -0.9945 -1.0273 -0.0250 0.9954 -0.0930 -2.4353
2018-11-27 21:20:57,338 tracker_1 0.9985 0.0290 0.0462 0.0890 0.0487 -0.0916 -0.9946 -1.0275 -0.0246 0.9954 -0.0929 -2.4370
2018-11-27 21:20:57,373 tracker_1 0.9984 0.0288 0.0490 0.0867 0.0513 -0.0885 -0.9948 -1.0278 -0.0243 0.9957 -0.0898 -2.4383
2018-11-27 21:20:57,408 tracker_1 0.9984 0.0277 0.0493 0.0866 0.0515 -0.0874 -0.9948 -1.0283 -0.0232 0.9958 -0.0887 -2.4391
2018-11-27 21:20:57,443 tracker_1 0.9984 0.0274 0.0491 0.0881 0.0513 -0.0874 -0.9949 -1.0283 -0.0229 0.9958 -0.0886 -2.4390
2018-11-27 21:20:57,478 tracker_1 0.9984 0.0275 0.0499 0.0874 0.0521 -0.0867 -0.9949 -1.0283 -0.0230 0.9959 -0.0880 -2.4390
2018-11-27 21:20:57,513 tracker_1 0.9985 0.0276 0.0482 0.0881 0.0505 -0.0869 -0.9949 -1.0283 -0.0233 0.9958 -0.0882 -2.4387
2018-11-27 21:20:57,547 tracker_1 0.9984 0.0276 0.0490 0.0882 0.0512 -0.0872 -0.9949 -1.0284 -0.0232 0.9958 -0.0885 -2.4381
2018-11-27 21:20:57,582 tracker_1 0.9985 0.0274 0.0481 0.0890 0.0503 -0.0870 -0.9949 -1.0282 -0.0231 0.9958 -0.0882 -2.4377
2018-11-27 21:20:57,617 tracker_1 0.9985 0.0276 0.0478 0.0898 0.0501 -0.0878 -0.9949 -1.0280 -0.0232 0.9958 -0.0891 -2.4366
2018-11-27 21:20:57,652 tracker_1 0.9984 0.0280 0.0482 0.0903 0.0506 -0.0899 -0.9947 -1.0280 -0.0235 0.9956 -0.0912 -2.4351
2018-11-27 21:20:57,687 tracker_1 0.9984 0.0284 0.0483 0.0902 0.0507 -0.0910 -0.9946 -1.0278 -0.0239 0.9954 -0.0923 -2.4340
2018-11-27 21:20:57,721 tracker_1 0.9985 0.0284 0.0467 0.0915 0.0492 -0.0933 -0.9944 -1.0271 -0.0239 0.9952 -0.0946 -2.4330
2018-11-27 21:20:57,756 tracker_1 0.9985 0.0287 0.0457 0.0918 0.0482 -0.0948 -0.9943 -1.0267 -0.0242 0.9951 -0.0960 -2.4321
2018-11-27 21:20:57,791 tracker_1 0.9986 0.0291 0.0438 0.0926 0.0464 -0.0943 -0.9945 -1.0265 -0.0248 0.9951 -0.0955 -2.4320
2018-11-27 21:20:57,826 tracker_1 0.9986 0.0296 0.0442 0.0925 0.0468 -0.0927 -0.9946 -1.0268 -0.0253 0.9953 -0.0939 -2.4324
2018-11-27 21:20:57,861 tracker_1 0.9986 0.0299 0.0436 0.0930 0.0463 -0.0938 -0.9945 -1.0267 -0.0257 0.9951 -0.0950 -2.4317
2018-11-27 21:20:57,896 tracker_1 0.9987 0.0303 0.0419 0.0942 0.0446 -0.0951 -0.9945 -1.0266 -0.0261 0.9950 -0.0963 -2.4313
2018-11-27 21:20:57,932 tracker_1 0.9987 0.0303 0.0415 0.0946 0.0442 -0.0946 -0.9945 -1.0263 -0.0262 0.9951 -0.0958 -2.4315
2018-11-27 21:20:57,966 tracker_1 0.9988 0.0298 0.0401 0.0957 0.0427 -0.0940 -0.9947 -1.0263 -0.0259 0.9951 -0.0952 -2.4321
2018-11-27 21:20:58,001 tracker_1 0.9988 0.0293 0.0392 0.0964 0.0418 -0.0942 -0.9947 -1.0264 -0.0254 0.9951 -0.0953 -2.4328